[32mINFO    [0m pytest_operator.plugin:plugin.py:794 Connecting to existing model localhost-localhost:test on unspecified cloud
[32mINFO    [0m juju.bundle:bundle.py:461 Applying change: upload charm data-integrator for series jammy from channel latest/edge
[32mINFO    [0m juju.bundle:bundle.py:461 Applying change: upload charm postgresql for series jammy from channel 14/edge
[32mINFO    [0m juju.bundle:bundle.py:461 Applying change: upload charm postgresql-test-app for series jammy from channel latest/edge
[32mINFO    [0m juju.bundle:bundle.py:461 Applying change: upload charm s3-integrator for series jammy from channel latest/edge
[32mINFO    [0m juju.bundle:bundle.py:461 Applying change: upload charm self-signed-certificates for series jammy from channel latest/edge
[32mINFO    [0m juju.bundle:bundle.py:461 Applying change: upload charm sysbench for series jammy from channel latest/edge
[32mINFO    [0m juju.bundle:bundle.py:461 Applying change: upload charm ubuntu-advantage for series jammy from channel latest/edge
[32mINFO    [0m juju.bundle:bundle.py:461 Applying change: upload charm grafana-agent for series jammy from channel latest/edge
[32mINFO    [0m juju.bundle:bundle.py:461 Applying change: upload charm landscape-client for series jammy from channel latest/edge
[32mINFO    [0m juju.bundle:bundle.py:461 Applying change: upload charm pgbouncer for series jammy from channel 1/edge
[32mINFO    [0m juju.bundle:bundle.py:461 Applying change: add new machine
[32mINFO    [0m juju.bundle:bundle.py:461 Applying change: add new machine
[32mINFO    [0m juju.bundle:bundle.py:461 Applying change: deploy application data-integrator on jammy using $addCharm-0
[32mINFO    [0m juju.model:__init__.py:2301 Deploying ch:amd64/jammy/data-integrator-107
[32mINFO    [0m juju.bundle:bundle.py:461 Applying change: deploy application pgbouncer-data-integrator on jammy using $addCharm-9
[32mINFO    [0m juju.model:__init__.py:2301 Deploying ch:amd64/jammy/pgbouncer-675
[32mINFO    [0m juju.bundle:bundle.py:461 Applying change: deploy application pgbouncer-test-app on jammy using $addCharm-9
[32mINFO    [0m juju.model:__init__.py:2301 Deploying ch:amd64/jammy/pgbouncer-675
[32mINFO    [0m juju.bundle:bundle.py:461 Applying change: deploy application postgresql on jammy using $addCharm-14
[32mINFO    [0m juju.model:__init__.py:2301 Deploying ch:amd64/jammy/postgresql-567
[32mINFO    [0m juju.bundle:bundle.py:461 Applying change: deploy application postgresql-test-app on jammy using $addCharm-17
[32mINFO    [0m juju.model:__init__.py:2301 Deploying ch:amd64/jammy/postgresql-test-app-365
[32mINFO    [0m juju.bundle:bundle.py:461 Applying change: deploy application s3-integrator on jammy using $addCharm-20
[32mINFO    [0m juju.model:__init__.py:2301 Deploying ch:amd64/jammy/s3-integrator-135
[32mINFO    [0m juju.bundle:bundle.py:461 Applying change: deploy application self-signed-certificates on jammy using $addCharm-23
[32mINFO    [0m juju.model:__init__.py:2301 Deploying ch:amd64/jammy/self-signed-certificates-243
[32mINFO    [0m juju.bundle:bundle.py:461 Applying change: deploy application sysbench on jammy using $addCharm-26
[32mINFO    [0m juju.model:__init__.py:2301 Deploying ch:amd64/jammy/sysbench-152
[32mINFO    [0m juju.bundle:bundle.py:461 Applying change: deploy application ubuntu-advantage on jammy using $addCharm-29
[32mINFO    [0m juju.model:__init__.py:2301 Deploying ch:amd64/jammy/ubuntu-advantage-137
[32mINFO    [0m juju.bundle:bundle.py:461 Applying change: deploy application grafana-agent on jammy using $addCharm-3
[32mINFO    [0m juju.model:__init__.py:2301 Deploying ch:amd64/jammy/grafana-agent-429
[32mINFO    [0m juju.bundle:bundle.py:461 Applying change: deploy application landscape-client on jammy using $addCharm-6
[32mINFO    [0m juju.model:__init__.py:2301 Deploying ch:amd64/jammy/landscape-client-71
[32mINFO    [0m juju.bundle:bundle.py:461 Applying change: add new machine
[32mINFO    [0m juju.bundle:bundle.py:461 Applying change: add relation $deploy-10:backend-database - $deploy-15:database
[32mINFO    [0m juju.bundle:bundle.py:929 Relating pgbouncer-data-integrator:backend-database <-> postgresql:database
[33mWARNING [0m juju.model:__init__.py:1683 relate is deprecated and will be removed. Use integrate instead.
[32mINFO    [0m juju.bundle:bundle.py:461 Applying change: add relation $deploy-12:backend-database - $deploy-15:database
[32mINFO    [0m juju.bundle:bundle.py:929 Relating pgbouncer-test-app:backend-database <-> postgresql:database
[33mWARNING [0m juju.model:__init__.py:1683 relate is deprecated and will be removed. Use integrate instead.
[32mINFO    [0m juju.bundle:bundle.py:461 Applying change: add relation $deploy-10:database - $deploy-1:postgresql
[32mINFO    [0m juju.bundle:bundle.py:929 Relating pgbouncer-data-integrator:database <-> data-integrator:postgresql
[33mWARNING [0m juju.model:__init__.py:1683 relate is deprecated and will be removed. Use integrate instead.
[32mINFO    [0m juju.bundle:bundle.py:461 Applying change: add relation $deploy-12:database - $deploy-18:database
[32mINFO    [0m juju.bundle:bundle.py:929 Relating pgbouncer-test-app:database <-> postgresql-test-app:database
[33mWARNING [0m juju.model:__init__.py:1683 relate is deprecated and will be removed. Use integrate instead.
[32mINFO    [0m juju.bundle:bundle.py:461 Applying change: add relation $deploy-15:certificates - $deploy-24:certificates
[32mINFO    [0m juju.bundle:bundle.py:929 Relating postgresql:certificates <-> self-signed-certificates:certificates
[33mWARNING [0m juju.model:__init__.py:1683 relate is deprecated and will be removed. Use integrate instead.
[32mINFO    [0m juju.bundle:bundle.py:461 Applying change: add relation $deploy-10:certificates - $deploy-24:certificates
[32mINFO    [0m juju.bundle:bundle.py:929 Relating pgbouncer-data-integrator:certificates <-> self-signed-certificates:certificates
[33mWARNING [0m juju.model:__init__.py:1683 relate is deprecated and will be removed. Use integrate instead.
[32mINFO    [0m juju.bundle:bundle.py:461 Applying change: add relation $deploy-15:s3-parameters - $deploy-21:s3-credentials
[32mINFO    [0m juju.bundle:bundle.py:929 Relating postgresql:s3-parameters <-> s3-integrator:s3-credentials
[33mWARNING [0m juju.model:__init__.py:1683 relate is deprecated and will be removed. Use integrate instead.
[32mINFO    [0m juju.bundle:bundle.py:461 Applying change: add relation $deploy-15:database - $deploy-27:postgresql
[32mINFO    [0m juju.bundle:bundle.py:929 Relating postgresql:database <-> sysbench:postgresql
[33mWARNING [0m juju.model:__init__.py:1683 relate is deprecated and will be removed. Use integrate instead.
[32mINFO    [0m juju.bundle:bundle.py:461 Applying change: add relation $deploy-1:juju-info - $deploy-4:juju-info
[32mINFO    [0m juju.bundle:bundle.py:929 Relating data-integrator:juju-info <-> grafana-agent:juju-info
[33mWARNING [0m juju.model:__init__.py:1683 relate is deprecated and will be removed. Use integrate instead.
[32mINFO    [0m juju.bundle:bundle.py:461 Applying change: add relation $deploy-18:juju-info - $deploy-4:juju-info
[32mINFO    [0m juju.bundle:bundle.py:929 Relating postgresql-test-app:juju-info <-> grafana-agent:juju-info
[33mWARNING [0m juju.model:__init__.py:1683 relate is deprecated and will be removed. Use integrate instead.
[32mINFO    [0m juju.bundle:bundle.py:461 Applying change: add relation $deploy-15:cos-agent - $deploy-4:cos-agent
[32mINFO    [0m juju.bundle:bundle.py:929 Relating postgresql:cos-agent <-> grafana-agent:cos-agent
[33mWARNING [0m juju.model:__init__.py:1683 relate is deprecated and will be removed. Use integrate instead.
[32mINFO    [0m juju.bundle:bundle.py:461 Applying change: add relation $deploy-10:cos-agent - $deploy-4:cos-agent
[32mINFO    [0m juju.bundle:bundle.py:929 Relating pgbouncer-data-integrator:cos-agent <-> grafana-agent:cos-agent
[33mWARNING [0m juju.model:__init__.py:1683 relate is deprecated and will be removed. Use integrate instead.
[32mINFO    [0m juju.bundle:bundle.py:461 Applying change: add relation $deploy-12:cos-agent - $deploy-4:cos-agent
[32mINFO    [0m juju.bundle:bundle.py:929 Relating pgbouncer-test-app:cos-agent <-> grafana-agent:cos-agent
[33mWARNING [0m juju.model:__init__.py:1683 relate is deprecated and will be removed. Use integrate instead.
[32mINFO    [0m juju.bundle:bundle.py:461 Applying change: add relation $deploy-7:container - $deploy-1:juju-info
[32mINFO    [0m juju.bundle:bundle.py:929 Relating landscape-client:container <-> data-integrator:juju-info
[33mWARNING [0m juju.model:__init__.py:1683 relate is deprecated and will be removed. Use integrate instead.
[32mINFO    [0m juju.bundle:bundle.py:461 Applying change: add relation $deploy-7:container - $deploy-15:juju-info
[32mINFO    [0m juju.bundle:bundle.py:929 Relating landscape-client:container <-> postgresql:juju-info
[33mWARNING [0m juju.model:__init__.py:1683 relate is deprecated and will be removed. Use integrate instead.
[32mINFO    [0m juju.bundle:bundle.py:461 Applying change: add relation $deploy-7:container - $deploy-18:juju-info
[32mINFO    [0m juju.bundle:bundle.py:929 Relating landscape-client:container <-> postgresql-test-app:juju-info
[33mWARNING [0m juju.model:__init__.py:1683 relate is deprecated and will be removed. Use integrate instead.
[32mINFO    [0m juju.bundle:bundle.py:461 Applying change: add relation $deploy-7:container - $deploy-27:juju-info
[32mINFO    [0m juju.bundle:bundle.py:929 Relating landscape-client:container <-> sysbench:juju-info
[33mWARNING [0m juju.model:__init__.py:1683 relate is deprecated and will be removed. Use integrate instead.
[32mINFO    [0m juju.bundle:bundle.py:461 Applying change: add relation $deploy-7:container - $deploy-21:juju-info
[32mINFO    [0m juju.bundle:bundle.py:929 Relating landscape-client:container <-> s3-integrator:juju-info
[33mWARNING [0m juju.model:__init__.py:1683 relate is deprecated and will be removed. Use integrate instead.
[32mINFO    [0m juju.bundle:bundle.py:461 Applying change: add relation $deploy-7:container - $deploy-24:juju-info
[32mINFO    [0m juju.bundle:bundle.py:929 Relating landscape-client:container <-> self-signed-certificates:juju-info
[33mWARNING [0m juju.model:__init__.py:1683 relate is deprecated and will be removed. Use integrate instead.
[32mINFO    [0m juju.bundle:bundle.py:461 Applying change: add relation $deploy-30:juju-info - $deploy-1:juju-info
[32mINFO    [0m juju.bundle:bundle.py:929 Relating ubuntu-advantage:juju-info <-> data-integrator:juju-info
[33mWARNING [0m juju.model:__init__.py:1683 relate is deprecated and will be removed. Use integrate instead.
[32mINFO    [0m juju.bundle:bundle.py:461 Applying change: add relation $deploy-30:juju-info - $deploy-15:juju-info
[32mINFO    [0m juju.bundle:bundle.py:929 Relating ubuntu-advantage:juju-info <-> postgresql:juju-info
[33mWARNING [0m juju.model:__init__.py:1683 relate is deprecated and will be removed. Use integrate instead.
[32mINFO    [0m juju.bundle:bundle.py:461 Applying change: add relation $deploy-30:juju-info - $deploy-18:juju-info
[32mINFO    [0m juju.bundle:bundle.py:929 Relating ubuntu-advantage:juju-info <-> postgresql-test-app:juju-info
[33mWARNING [0m juju.model:__init__.py:1683 relate is deprecated and will be removed. Use integrate instead.
[32mINFO    [0m juju.bundle:bundle.py:461 Applying change: add relation $deploy-30:juju-info - $deploy-27:juju-info
[32mINFO    [0m juju.bundle:bundle.py:929 Relating ubuntu-advantage:juju-info <-> sysbench:juju-info
[33mWARNING [0m juju.model:__init__.py:1683 relate is deprecated and will be removed. Use integrate instead.
[32mINFO    [0m juju.bundle:bundle.py:461 Applying change: add relation $deploy-30:juju-info - $deploy-21:juju-info
[32mINFO    [0m juju.bundle:bundle.py:929 Relating ubuntu-advantage:juju-info <-> s3-integrator:juju-info
[33mWARNING [0m juju.model:__init__.py:1683 relate is deprecated and will be removed. Use integrate instead.
[32mINFO    [0m juju.bundle:bundle.py:461 Applying change: add relation $deploy-30:juju-info - $deploy-24:juju-info
[32mINFO    [0m juju.bundle:bundle.py:929 Relating ubuntu-advantage:juju-info <-> self-signed-certificates:juju-info
[33mWARNING [0m juju.model:__init__.py:1683 relate is deprecated and will be removed. Use integrate instead.
[32mINFO    [0m juju.bundle:bundle.py:461 Applying change: add $deploy-15 unit to $addMachines-32
[32mINFO    [0m juju.bundle:bundle.py:461 Applying change: set annotations for $deploy-10
[32mINFO    [0m juju.bundle:bundle.py:461 Applying change: set annotations for $deploy-12
[32mINFO    [0m juju.bundle:bundle.py:461 Applying change: set annotations for $deploy-15
[32mINFO    [0m juju.bundle:bundle.py:461 Applying change: set annotations for $deploy-18
[32mINFO    [0m juju.bundle:bundle.py:461 Applying change: set annotations for $deploy-1
[32mINFO    [0m juju.bundle:bundle.py:461 Applying change: set annotations for $deploy-21
[32mINFO    [0m juju.bundle:bundle.py:461 Applying change: set annotations for $deploy-24
[32mINFO    [0m juju.bundle:bundle.py:461 Applying change: set annotations for $deploy-27
[32mINFO    [0m juju.bundle:bundle.py:461 Applying change: set annotations for $deploy-30
[32mINFO    [0m juju.bundle:bundle.py:461 Applying change: set annotations for $deploy-4
[32mINFO    [0m juju.bundle:bundle.py:461 Applying change: set annotations for $deploy-7
[32mINFO    [0m juju.bundle:bundle.py:461 Applying change: add new machine
[32mINFO    [0m juju.bundle:bundle.py:461 Applying change: add $deploy-15 unit to $addMachines-33
[32mINFO    [0m juju.bundle:bundle.py:461 Applying change: add $deploy-24 unit to $addMachines-34
[32mINFO    [0m juju.bundle:bundle.py:461 Applying change: add new machine
[32mINFO    [0m juju.bundle:bundle.py:461 Applying change: add $deploy-1 unit to $addMachines-35
[32mINFO    [0m juju.bundle:bundle.py:461 Applying change: add new machine
[32mINFO    [0m juju.bundle:bundle.py:461 Applying change: add $deploy-21 unit to $addMachines-36
[32mINFO    [0m juju.bundle:bundle.py:461 Applying change: add new machine
[32mINFO    [0m juju.bundle:bundle.py:461 Applying change: add $deploy-18 unit to $addMachines-37
[32mINFO    [0m juju.bundle:bundle.py:461 Applying change: add $deploy-27 unit to $addMachines-38
[32mINFO    [0m juju.model:__init__.py:3254 Waiting for model:
  pgbouncer-data-integrator (not enough units yet - 0/1)
  pgbouncer-test-app (not enough units yet - 0/1)
  postgresql/0 [allocating] waiting: waiting for machine
  postgresql/1 [allocating] waiting: waiting for machine
  postgresql-test-app/0 [allocating] waiting: waiting for machine
  self-signed-certificates/0 [allocating] waiting: waiting for machine
  sysbench/0 [allocating] waiting: waiting for machine
[32mINFO    [0m juju.model:__init__.py:3254 Waiting for model:
  pgbouncer-data-integrator (not enough units yet - 0/1)
  pgbouncer-test-app (not enough units yet - 0/1)
  postgresql/0 [allocating] waiting: waiting for machine
  postgresql/1 [allocating] waiting: waiting for machine
  postgresql-test-app/0 [allocating] waiting: waiting for machine
  self-signed-certificates/0 [allocating] waiting: waiting for machine
  sysbench/0 [allocating] waiting: waiting for machine
[32mINFO    [0m juju.model:__init__.py:3254 Waiting for model:
  pgbouncer-data-integrator (not enough units yet - 0/1)
  pgbouncer-test-app (not enough units yet - 0/1)
  postgresql/0 [allocating] waiting: waiting for machine
  postgresql/1 [allocating] waiting: waiting for machine
  postgresql-test-app/0 [allocating] waiting: waiting for machine
  self-signed-certificates/0 [allocating] waiting: waiting for machine
  sysbench/0 [allocating] waiting: waiting for machine
[32mINFO    [0m juju.model:__init__.py:3254 Waiting for model:
  pgbouncer-data-integrator (not enough units yet - 0/1)
  pgbouncer-test-app (not enough units yet - 0/1)
  postgresql/0 [allocating] waiting: waiting for machine
  postgresql/1 [allocating] waiting: waiting for machine
  postgresql-test-app/0 [allocating] waiting: waiting for machine
  self-signed-certificates/0 [allocating] waiting: waiting for machine
  sysbench/0 [allocating] waiting: waiting for machine
[32mINFO    [0m juju.model:__init__.py:3254 Waiting for model:
  pgbouncer-data-integrator (not enough units yet - 0/1)
  pgbouncer-test-app (not enough units yet - 0/1)
  postgresql/0 [allocating] waiting: waiting for machine
  postgresql/1 [allocating] waiting: waiting for machine
  postgresql-test-app/0 [allocating] waiting: waiting for machine
  self-signed-certificates/0 [allocating] waiting: waiting for machine
  sysbench/0 [allocating] waiting: waiting for machine
[32mINFO    [0m juju.model:__init__.py:3254 Waiting for model:
  pgbouncer-data-integrator (not enough units yet - 0/1)
  pgbouncer-test-app (not enough units yet - 0/1)
  postgresql/0 [allocating] waiting: waiting for machine
  postgresql/1 [allocating] waiting: waiting for machine
  postgresql-test-app/0 [allocating] waiting: waiting for machine
  self-signed-certificates/0 [allocating] waiting: waiting for machine
  sysbench/0 [allocating] waiting: waiting for machine
[32mINFO    [0m juju.model:__init__.py:3254 Waiting for model:
  pgbouncer-data-integrator (not enough units yet - 0/1)
  pgbouncer-test-app (not enough units yet - 0/1)
  postgresql/0 [allocating] waiting: waiting for machine
  postgresql/1 [allocating] waiting: waiting for machine
  postgresql-test-app/0 [allocating] waiting: waiting for machine
  self-signed-certificates/0 [allocating] waiting: waiting for machine
  sysbench/0 [allocating] waiting: waiting for machine
[32mINFO    [0m juju.model:__init__.py:3254 Waiting for model:
  pgbouncer-data-integrator (not enough units yet - 0/1)
  pgbouncer-test-app (not enough units yet - 0/1)
  postgresql/0 [allocating] waiting: waiting for machine
  postgresql/1 [allocating] waiting: waiting for machine
  postgresql-test-app/0 [allocating] waiting: waiting for machine
  self-signed-certificates/0 [allocating] waiting: waiting for machine
  sysbench/0 [allocating] waiting: waiting for machine
[32mINFO    [0m juju.model:__init__.py:3254 Waiting for model:
  pgbouncer-data-integrator (not enough units yet - 0/1)
  pgbouncer-test-app (not enough units yet - 0/1)
  postgresql/0 [allocating] waiting: waiting for machine
  postgresql/1 [allocating] waiting: waiting for machine
  postgresql-test-app/0 [allocating] waiting: waiting for machine
  self-signed-certificates/0 [allocating] waiting: waiting for machine
  sysbench/0 [allocating] waiting: waiting for machine
[32mINFO    [0m juju.model:__init__.py:3254 Waiting for model:
  pgbouncer-data-integrator (not enough units yet - 0/1)
  pgbouncer-test-app (not enough units yet - 0/1)
  postgresql/0 [allocating] waiting: waiting for machine
  postgresql/1 [allocating] waiting: waiting for machine
  postgresql-test-app/0 [allocating] waiting: waiting for machine
  self-signed-certificates/0 [allocating] waiting: waiting for machine
  sysbench/0 [allocating] waiting: waiting for machine
[32mINFO    [0m juju.model:__init__.py:3254 Waiting for model:
  pgbouncer-data-integrator (not enough units yet - 0/1)
  pgbouncer-test-app (not enough units yet - 0/1)
  postgresql/0 [allocating] waiting: waiting for machine
  postgresql/1 [allocating] waiting: waiting for machine
  postgresql-test-app/0 [allocating] waiting: waiting for machine
  self-signed-certificates/0 [allocating] waiting: waiting for machine
  sysbench/0 [allocating] waiting: waiting for machine
[32mINFO    [0m juju.model:__init__.py:3254 Waiting for model:
  pgbouncer-data-integrator (not enough units yet - 0/1)
  pgbouncer-test-app (not enough units yet - 0/1)
  postgresql/0 [allocating] waiting: waiting for machine
  postgresql/1 [allocating] waiting: waiting for machine
  postgresql-test-app/0 [allocating] waiting: waiting for machine
  self-signed-certificates/0 [allocating] waiting: waiting for machine
  sysbench/0 [allocating] waiting: waiting for machine
[32mINFO    [0m juju.model:__init__.py:3254 Waiting for model:
  pgbouncer-data-integrator (not enough units yet - 0/1)
  pgbouncer-test-app (not enough units yet - 0/1)
  postgresql/0 [allocating] waiting: waiting for machine
  postgresql/1 [allocating] waiting: waiting for machine
  postgresql-test-app/0 [allocating] waiting: waiting for machine
  self-signed-certificates/0 [allocating] waiting: waiting for machine
  sysbench/0 [allocating] waiting: waiting for machine
[32mINFO    [0m juju.model:__init__.py:3254 Waiting for model:
  pgbouncer-data-integrator (not enough units yet - 0/1)
  pgbouncer-test-app (not enough units yet - 0/1)
  postgresql/0 [allocating] waiting: waiting for machine
  postgresql/1 [allocating] waiting: waiting for machine
  postgresql-test-app/0 [allocating] waiting: waiting for machine
  self-signed-certificates/0 [allocating] waiting: waiting for machine
  sysbench/0 [allocating] waiting: waiting for machine
[32mINFO    [0m juju.model:__init__.py:3254 Waiting for model:
  pgbouncer-data-integrator (not enough units yet - 0/1)
  pgbouncer-test-app (not enough units yet - 0/1)
  postgresql/0 [allocating] waiting: agent initialising
  postgresql/1 [executing] waiting: agent initialising
  postgresql-test-app/0 [allocating] waiting: waiting for machine
  self-signed-certificates/0 [allocating] waiting: agent initialising
  sysbench/0 [allocating] waiting: installing agent
[32mINFO    [0m juju.model:__init__.py:3254 Waiting for model:
  pgbouncer-data-integrator/0 [allocating] waiting: agent initialising
  pgbouncer-test-app/0 [allocating] waiting: agent initialising
  postgresql/0 [executing] maintenance: installing PostgreSQL
  postgresql/1 [executing] maintenance: installing PostgreSQL
  postgresql-test-app/0 [idle] active: 
  self-signed-certificates/0 [executing] active: 
  sysbench/0 [executing] maintenance: Installing...
[32mINFO    [0m juju.model:__init__.py:3254 Waiting for model:
  pgbouncer-data-integrator/0 [executing] maintenance: Installing and configuring PgBouncer
  pgbouncer-test-app/0 [executing] maintenance: Installing and configuring PgBouncer
  postgresql/0 [executing] maintenance: installing PostgreSQL
  postgresql/1 [executing] maintenance: installing PostgreSQL
  self-signed-certificates/0 [executing] active: 
  sysbench/0 [executing] waiting: Waiting on data from relation
[32mINFO    [0m juju.model:__init__.py:3254 Waiting for model:
  pgbouncer-data-integrator/0 [executing] waiting: Waiting to start PgBouncer
  pgbouncer-test-app/0 [executing] waiting: Waiting to start PgBouncer
  postgresql/0 [executing] waiting: waiting to start PostgreSQL
  postgresql/1 [executing] waiting: waiting to start PostgreSQL
  self-signed-certificates/0 [executing] active: 
  sysbench/0 [executing] waiting: Waiting on data from relation
[32mINFO    [0m juju.model:__init__.py:3254 Waiting for model:
  pgbouncer-data-integrator/0 [executing] waiting: Waiting to start PgBouncer
  pgbouncer-test-app/0 [executing] waiting: Waiting to start PgBouncer
  postgresql/0 [executing] waiting: waiting to start PostgreSQL
  postgresql/1 [executing] waiting: waiting to start PostgreSQL
  postgresql-test-app/0 [executing] active: 
  self-signed-certificates/0 [idle] active: 
  sysbench/0 [idle] waiting: Waiting on data from relation
[32mINFO    [0m juju.model:__init__.py:3254 Waiting for model:
  pgbouncer-data-integrator/0 [executing] waiting: Waiting to start PgBouncer
  pgbouncer-test-app/0 [executing] waiting: Waiting to start PgBouncer
  postgresql/0 [executing] waiting: waiting to start PostgreSQL
  postgresql/1 [executing] waiting: waiting to start PostgreSQL
  postgresql-test-app/0 [idle] active: 
  sysbench/0 [idle] waiting: Waiting on data from relation
[32mINFO    [0m juju.model:__init__.py:3254 Waiting for model:
  pgbouncer-data-integrator/0 [executing] blocked: waiting for backend database relation to initialise
  pgbouncer-test-app/0 [executing] waiting: waiting for backend-database relation to connect
  postgresql/0 [executing] waiting: awaiting for cluster to start
  postgresql/1 [executing] waiting: waiting to start PostgreSQL
  sysbench/0 [idle] waiting: Waiting on data from relation
[32mINFO    [0m juju.model:__init__.py:3254 Waiting for model:
  pgbouncer-data-integrator/0 [executing] blocked: waiting for backend database relation to initialise
  pgbouncer-test-app/0 [executing] waiting: waiting for backend-database relation to connect
  postgresql/0 [executing] waiting: awaiting for cluster to start
  postgresql/1 [executing] waiting: waiting to start PostgreSQL
  sysbench/0 [idle] waiting: Waiting on data from relation
[32mINFO    [0m juju.model:__init__.py:3254 Waiting for model:
  pgbouncer-data-integrator/0 [executing] blocked: waiting for backend database relation to initialise
  pgbouncer-test-app/0 [idle] blocked: waiting for backend database relation to initialise
  postgresql/0 [executing] waiting: awaiting for cluster to start
  postgresql/1 [executing] active: Primary (degraded)
  self-signed-certificates/0 [idle] active: 
  sysbench/0 [idle] waiting: Waiting on data from relation
[32mINFO    [0m juju.model:__init__.py:3254 Waiting for model:
  pgbouncer-data-integrator/0 [idle] blocked: waiting for backend database relation to initialise
  pgbouncer-test-app/0 [idle] blocked: waiting for backend database relation to initialise
  postgresql/0 [executing] waiting: awaiting for cluster to start
  postgresql/1 [executing] active: Primary (degraded)
  sysbench/0 [idle] waiting: Waiting on data from relation
[32mINFO    [0m juju.model:__init__.py:3254 Waiting for model:
  pgbouncer-test-app/0 [idle] active: 
  postgresql/0 [executing] waiting: awaiting for cluster to start
  postgresql/1 [executing] active: Primary (degraded)
  self-signed-certificates/0 [executing] active: 
[32mINFO    [0m juju.model:__init__.py:3254 Waiting for model:
  pgbouncer-data-integrator/0 [idle] active: 
  pgbouncer-test-app/0 [executing] active: 
  postgresql/0 [executing] waiting: awaiting for cluster to start
  postgresql/1 [executing] active: 
  sysbench/0 [idle] active: 
[32mINFO    [0m juju.model:__init__.py:3254 Waiting for model:
  pgbouncer-data-integrator/0 [idle] active: 
  pgbouncer-test-app/0 [idle] active: 
  postgresql/0 [executing] waiting: awaiting for cluster to start
  postgresql/1 [executing] active: Primary (degraded)
  sysbench/0 [idle] active: 
[32mINFO    [0m juju.model:__init__.py:3254 Waiting for model:
  postgresql/0 [idle] waiting: awaiting for cluster to start
  postgresql/1 [executing] active: Primary (degraded)
[32mINFO    [0m juju.model:__init__.py:3254 Waiting for model:
  postgresql/0 [idle] waiting: awaiting for cluster to start
  postgresql/1 [executing] active: Primary (degraded)
[32mINFO    [0m juju.model:__init__.py:3254 Waiting for model:
  postgresql/0 [idle] waiting: awaiting for cluster to start
  postgresql/1 [executing] active: Primary (degraded)
[32mINFO    [0m juju.model:__init__.py:3254 Waiting for model:
  postgresql/0 [idle] waiting: awaiting for cluster to start
  postgresql/1 [executing] active: Primary (degraded)
[32mINFO    [0m juju.model:__init__.py:3254 Waiting for model:
  postgresql/0 [idle] waiting: awaiting for cluster to start
  postgresql/1 [executing] maintenance: reconfiguring cluster
[32mINFO    [0m juju.model:__init__.py:3254 Waiting for model:
  postgresql/0 [idle] waiting: awaiting for cluster to start
  postgresql/1 [executing] maintenance: reconfiguring cluster
[32mINFO    [0m juju.model:__init__.py:3254 Waiting for model:
  postgresql/0 [idle] waiting: awaiting for cluster to start
  postgresql/1 [idle] active: Primary (degraded)
[32mINFO    [0m juju.model:__init__.py:3254 Waiting for model:
  pgbouncer-data-integrator/0 [executing] maintenance: updating PgBouncer config
  pgbouncer-test-app/0 [executing] maintenance: updating PgBouncer config
  postgresql/0 [executing] active: 
  postgresql/1 [executing] active: 
[32mINFO    [0m juju.model:__init__.py:3254 Waiting for model:
  postgresql/0 [executing] active: 
  postgresql/1 [executing] active: Primary
[32mINFO    [0m juju.model:__init__.py:3254 Waiting for model:
  postgresql/1 [executing] active: Primary
[32mINFO    [0m juju.model:__init__.py:3254 Waiting for model:
  data-integrator/0 [idle] blocked: Please specify either topic, index, or database name
  grafana-agent/0 [idle] blocked: Missing ['grafana-cloud-config']|['grafana-dashboards-provider']|['logging-consumer']|['send-remote-write'] for cos-agent; ['grafana-cloud-config']|['logging-consumer']|['send-remote-write'] for juju-info
  grafana-agent/1 [idle] blocked: Missing ['grafana-cloud-config']|['grafana-dashboards-provider']|['logging-consumer']|['send-remote-write'] for cos-agent; ['grafana-cloud-config']|['logging-consumer']|['send-remote-write'] for juju-info
  grafana-agent/2 [idle] blocked: Missing ['grafana-cloud-config']|['grafana-dashboards-provider']|['logging-consumer']|['send-remote-write'] for cos-agent
  grafana-agent/3 [idle] blocked: Missing ['grafana-cloud-config']|['grafana-dashboards-provider']|['logging-consumer']|['send-remote-write'] for cos-agent
  landscape-client/0 [idle] blocked: Registration failed!
  landscape-client/1 [idle] blocked: Registration failed!
  landscape-client/2 [idle] blocked: Registration failed!
  landscape-client/3 [idle] blocked: Registration failed!
  landscape-client/4 [idle] blocked: Registration failed!
  landscape-client/5 [idle] blocked: Registration failed!
  landscape-client/6 [idle] blocked: Registration failed!
  s3-integrator/0 [idle] blocked: Missing parameters: ['access-key', 'secret-key']
  ubuntu-advantage/0 [idle] blocked: No token configured
  ubuntu-advantage/1 [idle] blocked: No token configured
  ubuntu-advantage/2 [idle] blocked: No token configured
  ubuntu-advantage/3 [idle] blocked: No token configured
  ubuntu-advantage/4 [idle] blocked: No token configured
  ubuntu-advantage/5 [idle] blocked: No token configured
  ubuntu-advantage/6 [idle] blocked: No token configured
[32mINFO    [0m integration.test_smoke:test_smoke.py:47 Test continuous writes
[32mINFO    [0m pytest_operator.plugin:plugin.py:936 Model status:

Model  Controller           Cloud/Region         Version  SLA          Timestamp
test   localhost-localhost  localhost/localhost  3.6.2    unsupported  01:42:56Z

App                        Version  Status   Scale  Charm                     Channel      Rev  Exposed  Message
data-integrator                     blocked      1  data-integrator           latest/edge  107  no       Please specify either topic, index, or database name
grafana-agent                       blocked      4  grafana-agent             latest/edge  429  no       Missing ['grafana-cloud-config']|['grafana-dashboards-provider']|['logging-consumer']|['send-remote-write'] for cos-a...
landscape-client                    blocked      7  landscape-client          latest/edge   71  no       Registration failed!
pgbouncer-data-integrator  1.21.0   active       1  pgbouncer                 1/edge       675  no       
pgbouncer-test-app         1.21.0   active       1  pgbouncer                 1/edge       675  no       
postgresql                 14.15    active       2  postgresql                14/edge      567  no       
postgresql-test-app                 active       1  postgresql-test-app       latest/edge  365  no       received database credentials of the first database
s3-integrator                       blocked      1  s3-integrator             latest/edge  135  no       Missing parameters: ['access-key', 'secret-key']
self-signed-certificates            active       1  self-signed-certificates  latest/edge  243  no       
sysbench                            active       1  sysbench                  latest/edge  152  no       
ubuntu-advantage                    blocked      7  ubuntu-advantage          latest/edge  137  no       No token configured

Unit                            Workload  Agent  Machine  Public address  Ports     Message
data-integrator/0*              blocked   idle   3        10.101.225.198            Please specify either topic, index, or database name
  grafana-agent/0*              blocked   idle            10.101.225.198            Missing ['grafana-cloud-config']|['grafana-dashboards-provider']|['logging-consumer']|['send-remote-write'] for cos-a...
  landscape-client/0*           blocked   idle            10.101.225.198            Registration failed!
  pgbouncer-data-integrator/0*  active    idle            10.101.225.198  6432/tcp  
  ubuntu-advantage/0*           blocked   idle            10.101.225.198            No token configured
postgresql-test-app/0*          active    idle   5        10.101.225.203            received database credentials of the first database
  grafana-agent/1               blocked   idle            10.101.225.203            Missing ['grafana-cloud-config']|['grafana-dashboards-provider']|['logging-consumer']|['send-remote-write'] for cos-a...
  landscape-client/2            blocked   idle            10.101.225.203            Registration failed!
  pgbouncer-test-app/0*         active    idle            10.101.225.203            
  ubuntu-advantage/2            blocked   idle            10.101.225.203            No token configured
postgresql/0                    active    idle   0        10.101.225.233  5432/tcp  
  grafana-agent/3               blocked   idle            10.101.225.233            Missing ['grafana-cloud-config']|['grafana-dashboards-provider']|['logging-consumer']|['send-remote-write'] for cos-a...
  landscape-client/6            blocked   idle            10.101.225.233            Registration failed!
  ubuntu-advantage/6            blocked   idle            10.101.225.233            No token configured
postgresql/1*                   active    idle   1        10.101.225.182  5432/tcp  Primary
  grafana-agent/2               blocked   idle            10.101.225.182            Missing ['grafana-cloud-config']|['grafana-dashboards-provider']|['logging-consumer']|['send-remote-write'] for cos-a...
  landscape-client/5            blocked   idle            10.101.225.182            Registration failed!
  ubuntu-advantage/5            blocked   idle            10.101.225.182            No token configured
s3-integrator/0*                blocked   idle   4        10.101.225.210            Missing parameters: ['access-key', 'secret-key']
  landscape-client/1            blocked   idle            10.101.225.210            Registration failed!
  ubuntu-advantage/1            blocked   idle            10.101.225.210            No token configured
self-signed-certificates/0*     active    idle   2        10.101.225.88             
  landscape-client/3            blocked   idle            10.101.225.88             Registration failed!
  ubuntu-advantage/3            blocked   idle            10.101.225.88             No token configured
sysbench/0*                     active    idle   6        10.101.225.195            
  landscape-client/4            blocked   idle            10.101.225.195            Registration failed!
  ubuntu-advantage/4            blocked   idle            10.101.225.195            No token configured

Machine  State    Address         Inst id        Base          AZ  Message
0        started  10.101.225.233  juju-9e1bae-0  ubuntu@22.04      Running
1        started  10.101.225.182  juju-9e1bae-1  ubuntu@22.04      Running
2        started  10.101.225.88   juju-9e1bae-2  ubuntu@22.04      Running
3        started  10.101.225.198  juju-9e1bae-3  ubuntu@22.04      Running
4        started  10.101.225.210  juju-9e1bae-4  ubuntu@22.04      Running
5        started  10.101.225.203  juju-9e1bae-5  ubuntu@22.04      Running
6        started  10.101.225.195  juju-9e1bae-6  ubuntu@22.04      Running

[32mINFO    [0m pytest_operator.plugin:plugin.py:942 Juju error logs:

machine-1: 01:30:12 ERROR juju.worker.dependency "lxd-container-provisioner" manifold worker returned unexpected error: container types not yet available
machine-1: 01:30:12 ERROR juju.worker.dependency "kvm-container-provisioner" manifold worker returned unexpected error: container types not yet available
unit-postgresql-1: 01:30:13 ERROR juju.worker.meterstatus error running "meter-status-changed": charm missing from disk
machine-0: 01:30:17 ERROR juju.worker.dependency "lxd-container-provisioner" manifold worker returned unexpected error: container types not yet available
machine-0: 01:30:17 ERROR juju.worker.dependency "kvm-container-provisioner" manifold worker returned unexpected error: container types not yet available
unit-postgresql-0: 01:30:17 ERROR juju.worker.meterstatus error running "meter-status-changed": charm missing from disk
machine-2: 01:30:34 ERROR juju.worker.dependency "lxd-container-provisioner" manifold worker returned unexpected error: container types not yet available
machine-2: 01:30:34 ERROR juju.worker.dependency "kvm-container-provisioner" manifold worker returned unexpected error: container types not yet available
unit-self-signed-certificates-0: 01:30:35 ERROR juju.worker.meterstatus error running "meter-status-changed": charm missing from disk
machine-3: 01:30:38 ERROR juju.worker.dependency "lxd-container-provisioner" manifold worker returned unexpected error: container types not yet available
machine-3: 01:30:38 ERROR juju.worker.dependency "kvm-container-provisioner" manifold worker returned unexpected error: container types not yet available
unit-data-integrator-0: 01:30:38 ERROR juju.worker.meterstatus error running "meter-status-changed": charm missing from disk
machine-6: 01:30:41 ERROR juju.worker.dependency "lxd-container-provisioner" manifold worker returned unexpected error: container types not yet available
machine-6: 01:30:41 ERROR juju.worker.dependency "kvm-container-provisioner" manifold worker returned unexpected error: container types not yet available
unit-sysbench-0: 01:30:41 ERROR juju.worker.meterstatus error running "meter-status-changed": charm missing from disk
unit-grafana-agent-0: 01:30:42 ERROR juju.worker.meterstatus error running "meter-status-changed": charm missing from disk
unit-landscape-client-0: 01:30:43 ERROR juju.worker.meterstatus error running "meter-status-changed": charm missing from disk
unit-ubuntu-advantage-0: 01:30:43 ERROR juju.worker.meterstatus error running "meter-status-changed": charm missing from disk
machine-4: 01:30:45 ERROR juju.worker.dependency "lxd-container-provisioner" manifold worker returned unexpected error: container types not yet available
machine-4: 01:30:45 ERROR juju.worker.dependency "kvm-container-provisioner" manifold worker returned unexpected error: container types not yet available
unit-pgbouncer-data-integrator-0: 01:30:45 ERROR juju.worker.meterstatus error running "meter-status-changed": charm missing from disk
unit-s3-integrator-0: 01:30:45 ERROR juju.worker.meterstatus error running "meter-status-changed": charm missing from disk
machine-5: 01:30:48 ERROR juju.worker.dependency "lxd-container-provisioner" manifold worker returned unexpected error: container types not yet available
machine-5: 01:30:48 ERROR juju.worker.dependency "kvm-container-provisioner" manifold worker returned unexpected error: container types not yet available
unit-postgresql-test-app-0: 01:30:49 ERROR juju.worker.meterstatus error running "meter-status-changed": charm missing from disk
unit-landscape-client-1: 01:30:51 ERROR juju.worker.meterstatus error running "meter-status-changed": charm missing from disk
unit-ubuntu-advantage-1: 01:30:53 ERROR juju.worker.meterstatus error running "meter-status-changed": exit status 127
unit-pgbouncer-test-app-0: 01:30:55 ERROR juju.worker.meterstatus error running "meter-status-changed": charm missing from disk
unit-grafana-agent-1: 01:30:55 ERROR juju.worker.meterstatus error running "meter-status-changed": charm missing from disk
unit-landscape-client-2: 01:30:58 ERROR juju.worker.meterstatus error running "meter-status-changed": exit status 1
unit-ubuntu-advantage-2: 01:30:58 ERROR juju.worker.meterstatus error running "meter-status-changed": charm missing from disk
unit-landscape-client-3: 01:31:04 ERROR juju.worker.meterstatus error running "meter-status-changed": charm missing from disk
unit-ubuntu-advantage-3: 01:31:05 ERROR juju.worker.meterstatus error running "meter-status-changed": charm missing from disk
unit-landscape-client-4: 01:31:27 ERROR juju.worker.meterstatus error running "meter-status-changed": charm missing from disk
unit-ubuntu-advantage-4: 01:31:28 ERROR juju.worker.meterstatus error running "meter-status-changed": charm missing from disk
unit-landscape-client-1: 01:31:51 CRITICAL unit.landscape-client/1.juju-log   File "/var/lib/juju/agents/unit-landscape-client-1/charm/./src/charm.py", line 299, in <module>
    main(LandscapeClientCharm)
  File "/var/lib/juju/agents/unit-landscape-client-1/charm/venv/ops/main.py", line 45, in main
    return _main.main(charm_class=charm_class, use_juju_for_storage=use_juju_for_storage)
  File "/var/lib/juju/agents/unit-landscape-client-1/charm/venv/ops/_main.py", line 543, in main
    manager.run()
  File "/var/lib/juju/agents/unit-landscape-client-1/charm/venv/ops/_main.py", line 529, in run
    self._emit()
  File "/var/lib/juju/agents/unit-landscape-client-1/charm/venv/ops/_main.py", line 518, in _emit
    _emit_charm_event(self.charm, self.dispatcher.event_name, self._juju_context)
  File "/var/lib/juju/agents/unit-landscape-client-1/charm/venv/ops/_main.py", line 134, in _emit_charm_event
    event_to_emit.emit(*args, **kwargs)
  File "/var/lib/juju/agents/unit-landscape-client-1/charm/venv/ops/framework.py", line 347, in emit
    framework._emit(event)
  File "/var/lib/juju/agents/unit-landscape-client-1/charm/venv/ops/framework.py", line 857, in _emit
    self._reemit(event_path)
  File "/var/lib/juju/agents/unit-landscape-client-1/charm/venv/ops/framework.py", line 947, in _reemit
    custom_handler(event)
  File "/var/lib/juju/agents/unit-landscape-client-1/charm/./src/charm.py", line 253, in _on_config_changed
    self.run_landscape_client()
  File "/var/lib/juju/agents/unit-landscape-client-1/charm/./src/charm.py", line 228, in run_landscape_client
    self.send_registration()
  File "/var/lib/juju/agents/unit-landscape-client-1/charm/./src/charm.py", line 216, in send_registration
    if process_helper([CLIENT_CONFIG_CMD, "--silent"]):
  File "/var/lib/juju/agents/unit-landscape-client-1/charm/./src/charm.py", line 117, in process_helper
    log_error("".join(traceback.format_stack()))

unit-landscape-client-1: 01:31:51 CRITICAL unit.landscape-client/1.juju-log An account name and computer title are required.
Aborting Landscape configuration

unit-ubuntu-advantage-5: 01:31:56 ERROR juju.worker.meterstatus error running "meter-status-changed": charm missing from disk
unit-landscape-client-3: 01:31:56 CRITICAL unit.landscape-client/3.juju-log   File "/var/lib/juju/agents/unit-landscape-client-3/charm/./src/charm.py", line 299, in <module>
    main(LandscapeClientCharm)
  File "/var/lib/juju/agents/unit-landscape-client-3/charm/venv/ops/main.py", line 45, in main
    return _main.main(charm_class=charm_class, use_juju_for_storage=use_juju_for_storage)
  File "/var/lib/juju/agents/unit-landscape-client-3/charm/venv/ops/_main.py", line 543, in main
    manager.run()
  File "/var/lib/juju/agents/unit-landscape-client-3/charm/venv/ops/_main.py", line 529, in run
    self._emit()
  File "/var/lib/juju/agents/unit-landscape-client-3/charm/venv/ops/_main.py", line 518, in _emit
    _emit_charm_event(self.charm, self.dispatcher.event_name, self._juju_context)
  File "/var/lib/juju/agents/unit-landscape-client-3/charm/venv/ops/_main.py", line 134, in _emit_charm_event
    event_to_emit.emit(*args, **kwargs)
  File "/var/lib/juju/agents/unit-landscape-client-3/charm/venv/ops/framework.py", line 347, in emit
    framework._emit(event)
  File "/var/lib/juju/agents/unit-landscape-client-3/charm/venv/ops/framework.py", line 857, in _emit
    self._reemit(event_path)
  File "/var/lib/juju/agents/unit-landscape-client-3/charm/venv/ops/framework.py", line 947, in _reemit
    custom_handler(event)
  File "/var/lib/juju/agents/unit-landscape-client-3/charm/./src/charm.py", line 253, in _on_config_changed
    self.run_landscape_client()
  File "/var/lib/juju/agents/unit-landscape-client-3/charm/./src/charm.py", line 228, in run_landscape_client
    self.send_registration()
  File "/var/lib/juju/agents/unit-landscape-client-3/charm/./src/charm.py", line 216, in send_registration
    if process_helper([CLIENT_CONFIG_CMD, "--silent"]):
  File "/var/lib/juju/agents/unit-landscape-client-3/charm/./src/charm.py", line 117, in process_helper
    log_error("".join(traceback.format_stack()))

unit-landscape-client-3: 01:31:56 CRITICAL unit.landscape-client/3.juju-log An account name and computer title are required.
Aborting Landscape configuration

unit-grafana-agent-2: 01:31:57 ERROR juju.worker.meterstatus error running "meter-status-changed": charm missing from disk
unit-landscape-client-5: 01:31:57 ERROR juju.worker.meterstatus error running "meter-status-changed": charm missing from disk
unit-grafana-agent-3: 01:32:02 ERROR juju.worker.meterstatus error running "meter-status-changed": charm missing from disk
unit-ubuntu-advantage-6: 01:32:03 ERROR juju.worker.meterstatus error running "meter-status-changed": charm missing from disk
unit-landscape-client-6: 01:32:07 ERROR juju.worker.meterstatus error running "meter-status-changed": exit status 1
unit-landscape-client-4: 01:32:12 CRITICAL unit.landscape-client/4.juju-log   File "/var/lib/juju/agents/unit-landscape-client-4/charm/./src/charm.py", line 299, in <module>
    main(LandscapeClientCharm)
  File "/var/lib/juju/agents/unit-landscape-client-4/charm/venv/ops/main.py", line 45, in main
    return _main.main(charm_class=charm_class, use_juju_for_storage=use_juju_for_storage)
  File "/var/lib/juju/agents/unit-landscape-client-4/charm/venv/ops/_main.py", line 543, in main
    manager.run()
  File "/var/lib/juju/agents/unit-landscape-client-4/charm/venv/ops/_main.py", line 529, in run
    self._emit()
  File "/var/lib/juju/agents/unit-landscape-client-4/charm/venv/ops/_main.py", line 518, in _emit
    _emit_charm_event(self.charm, self.dispatcher.event_name, self._juju_context)
  File "/var/lib/juju/agents/unit-landscape-client-4/charm/venv/ops/_main.py", line 134, in _emit_charm_event
    event_to_emit.emit(*args, **kwargs)
  File "/var/lib/juju/agents/unit-landscape-client-4/charm/venv/ops/framework.py", line 347, in emit
    framework._emit(event)
  File "/var/lib/juju/agents/unit-landscape-client-4/charm/venv/ops/framework.py", line 857, in _emit
    self._reemit(event_path)
  File "/var/lib/juju/agents/unit-landscape-client-4/charm/venv/ops/framework.py", line 947, in _reemit
    custom_handler(event)
  File "/var/lib/juju/agents/unit-landscape-client-4/charm/./src/charm.py", line 253, in _on_config_changed
    self.run_landscape_client()
  File "/var/lib/juju/agents/unit-landscape-client-4/charm/./src/charm.py", line 228, in run_landscape_client
    self.send_registration()
  File "/var/lib/juju/agents/unit-landscape-client-4/charm/./src/charm.py", line 216, in send_registration
    if process_helper([CLIENT_CONFIG_CMD, "--silent"]):
  File "/var/lib/juju/agents/unit-landscape-client-4/charm/./src/charm.py", line 117, in process_helper
    log_error("".join(traceback.format_stack()))

unit-landscape-client-4: 01:32:12 CRITICAL unit.landscape-client/4.juju-log An account name and computer title are required.
Aborting Landscape configuration

unit-landscape-client-0: 01:32:41 CRITICAL unit.landscape-client/0.juju-log   File "/var/lib/juju/agents/unit-landscape-client-0/charm/./src/charm.py", line 299, in <module>
    main(LandscapeClientCharm)
  File "/var/lib/juju/agents/unit-landscape-client-0/charm/venv/ops/main.py", line 45, in main
    return _main.main(charm_class=charm_class, use_juju_for_storage=use_juju_for_storage)
  File "/var/lib/juju/agents/unit-landscape-client-0/charm/venv/ops/_main.py", line 543, in main
    manager.run()
  File "/var/lib/juju/agents/unit-landscape-client-0/charm/venv/ops/_main.py", line 529, in run
    self._emit()
  File "/var/lib/juju/agents/unit-landscape-client-0/charm/venv/ops/_main.py", line 518, in _emit
    _emit_charm_event(self.charm, self.dispatcher.event_name, self._juju_context)
  File "/var/lib/juju/agents/unit-landscape-client-0/charm/venv/ops/_main.py", line 134, in _emit_charm_event
    event_to_emit.emit(*args, **kwargs)
  File "/var/lib/juju/agents/unit-landscape-client-0/charm/venv/ops/framework.py", line 347, in emit
    framework._emit(event)
  File "/var/lib/juju/agents/unit-landscape-client-0/charm/venv/ops/framework.py", line 857, in _emit
    self._reemit(event_path)
  File "/var/lib/juju/agents/unit-landscape-client-0/charm/venv/ops/framework.py", line 947, in _reemit
    custom_handler(event)
  File "/var/lib/juju/agents/unit-landscape-client-0/charm/./src/charm.py", line 253, in _on_config_changed
    self.run_landscape_client()
  File "/var/lib/juju/agents/unit-landscape-client-0/charm/./src/charm.py", line 228, in run_landscape_client
    self.send_registration()
  File "/var/lib/juju/agents/unit-landscape-client-0/charm/./src/charm.py", line 216, in send_registration
    if process_helper([CLIENT_CONFIG_CMD, "--silent"]):
  File "/var/lib/juju/agents/unit-landscape-client-0/charm/./src/charm.py", line 117, in process_helper
    log_error("".join(traceback.format_stack()))

unit-landscape-client-0: 01:32:41 CRITICAL unit.landscape-client/0.juju-log An account name and computer title are required.
Aborting Landscape configuration

unit-landscape-client-2: 01:32:48 CRITICAL unit.landscape-client/2.juju-log   File "/var/lib/juju/agents/unit-landscape-client-2/charm/./src/charm.py", line 299, in <module>
    main(LandscapeClientCharm)
  File "/var/lib/juju/agents/unit-landscape-client-2/charm/venv/ops/main.py", line 45, in main
    return _main.main(charm_class=charm_class, use_juju_for_storage=use_juju_for_storage)
  File "/var/lib/juju/agents/unit-landscape-client-2/charm/venv/ops/_main.py", line 543, in main
    manager.run()
  File "/var/lib/juju/agents/unit-landscape-client-2/charm/venv/ops/_main.py", line 529, in run
    self._emit()
  File "/var/lib/juju/agents/unit-landscape-client-2/charm/venv/ops/_main.py", line 518, in _emit
    _emit_charm_event(self.charm, self.dispatcher.event_name, self._juju_context)
  File "/var/lib/juju/agents/unit-landscape-client-2/charm/venv/ops/_main.py", line 134, in _emit_charm_event
    event_to_emit.emit(*args, **kwargs)
  File "/var/lib/juju/agents/unit-landscape-client-2/charm/venv/ops/framework.py", line 347, in emit
    framework._emit(event)
  File "/var/lib/juju/agents/unit-landscape-client-2/charm/venv/ops/framework.py", line 857, in _emit
    self._reemit(event_path)
  File "/var/lib/juju/agents/unit-landscape-client-2/charm/venv/ops/framework.py", line 947, in _reemit
    custom_handler(event)
  File "/var/lib/juju/agents/unit-landscape-client-2/charm/./src/charm.py", line 253, in _on_config_changed
    self.run_landscape_client()
  File "/var/lib/juju/agents/unit-landscape-client-2/charm/./src/charm.py", line 228, in run_landscape_client
    self.send_registration()
  File "/var/lib/juju/agents/unit-landscape-client-2/charm/./src/charm.py", line 216, in send_registration
    if process_helper([CLIENT_CONFIG_CMD, "--silent"]):
  File "/var/lib/juju/agents/unit-landscape-client-2/charm/./src/charm.py", line 117, in process_helper
    log_error("".join(traceback.format_stack()))

unit-landscape-client-2: 01:32:48 CRITICAL unit.landscape-client/2.juju-log An account name and computer title are required.
Aborting Landscape configuration

unit-landscape-client-5: 01:33:10 CRITICAL unit.landscape-client/5.juju-log   File "/var/lib/juju/agents/unit-landscape-client-5/charm/./src/charm.py", line 299, in <module>
    main(LandscapeClientCharm)
  File "/var/lib/juju/agents/unit-landscape-client-5/charm/venv/ops/main.py", line 45, in main
    return _main.main(charm_class=charm_class, use_juju_for_storage=use_juju_for_storage)
  File "/var/lib/juju/agents/unit-landscape-client-5/charm/venv/ops/_main.py", line 543, in main
    manager.run()
  File "/var/lib/juju/agents/unit-landscape-client-5/charm/venv/ops/_main.py", line 529, in run
    self._emit()
  File "/var/lib/juju/agents/unit-landscape-client-5/charm/venv/ops/_main.py", line 518, in _emit
    _emit_charm_event(self.charm, self.dispatcher.event_name, self._juju_context)
  File "/var/lib/juju/agents/unit-landscape-client-5/charm/venv/ops/_main.py", line 134, in _emit_charm_event
    event_to_emit.emit(*args, **kwargs)
  File "/var/lib/juju/agents/unit-landscape-client-5/charm/venv/ops/framework.py", line 347, in emit
    framework._emit(event)
  File "/var/lib/juju/agents/unit-landscape-client-5/charm/venv/ops/framework.py", line 857, in _emit
    self._reemit(event_path)
  File "/var/lib/juju/agents/unit-landscape-client-5/charm/venv/ops/framework.py", line 947, in _reemit
    custom_handler(event)
  File "/var/lib/juju/agents/unit-landscape-client-5/charm/./src/charm.py", line 253, in _on_config_changed
    self.run_landscape_client()
  File "/var/lib/juju/agents/unit-landscape-client-5/charm/./src/charm.py", line 228, in run_landscape_client
    self.send_registration()
  File "/var/lib/juju/agents/unit-landscape-client-5/charm/./src/charm.py", line 216, in send_registration
    if process_helper([CLIENT_CONFIG_CMD, "--silent"]):
  File "/var/lib/juju/agents/unit-landscape-client-5/charm/./src/charm.py", line 117, in process_helper
    log_error("".join(traceback.format_stack()))

unit-landscape-client-5: 01:33:10 CRITICAL unit.landscape-client/5.juju-log An account name and computer title are required.
Aborting Landscape configuration

unit-landscape-client-6: 01:33:16 CRITICAL unit.landscape-client/6.juju-log   File "/var/lib/juju/agents/unit-landscape-client-6/charm/./src/charm.py", line 299, in <module>
    main(LandscapeClientCharm)
  File "/var/lib/juju/agents/unit-landscape-client-6/charm/venv/ops/main.py", line 45, in main
    return _main.main(charm_class=charm_class, use_juju_for_storage=use_juju_for_storage)
  File "/var/lib/juju/agents/unit-landscape-client-6/charm/venv/ops/_main.py", line 543, in main
    manager.run()
  File "/var/lib/juju/agents/unit-landscape-client-6/charm/venv/ops/_main.py", line 529, in run
    self._emit()
  File "/var/lib/juju/agents/unit-landscape-client-6/charm/venv/ops/_main.py", line 518, in _emit
    _emit_charm_event(self.charm, self.dispatcher.event_name, self._juju_context)
  File "/var/lib/juju/agents/unit-landscape-client-6/charm/venv/ops/_main.py", line 134, in _emit_charm_event
    event_to_emit.emit(*args, **kwargs)
  File "/var/lib/juju/agents/unit-landscape-client-6/charm/venv/ops/framework.py", line 347, in emit
    framework._emit(event)
  File "/var/lib/juju/agents/unit-landscape-client-6/charm/venv/ops/framework.py", line 857, in _emit
    self._reemit(event_path)
  File "/var/lib/juju/agents/unit-landscape-client-6/charm/venv/ops/framework.py", line 947, in _reemit
    custom_handler(event)
  File "/var/lib/juju/agents/unit-landscape-client-6/charm/./src/charm.py", line 253, in _on_config_changed
    self.run_landscape_client()
  File "/var/lib/juju/agents/unit-landscape-client-6/charm/./src/charm.py", line 228, in run_landscape_client
    self.send_registration()
  File "/var/lib/juju/agents/unit-landscape-client-6/charm/./src/charm.py", line 216, in send_registration
    if process_helper([CLIENT_CONFIG_CMD, "--silent"]):
  File "/var/lib/juju/agents/unit-landscape-client-6/charm/./src/charm.py", line 117, in process_helper
    log_error("".join(traceback.format_stack()))

unit-landscape-client-6: 01:33:16 CRITICAL unit.landscape-client/6.juju-log An account name and computer title are required.
Aborting Landscape configuration

unit-postgresql-1: 01:33:42 ERROR unit.postgresql/1.juju-log Unable to get the state of the cluster
Traceback (most recent call last):
  File "/var/lib/juju/agents/unit-postgresql-1/charm/venv/lib/python3.10/site-packages/urllib3/connection.py", line 198, in _new_conn
    sock = connection.create_connection(
  File "/var/lib/juju/agents/unit-postgresql-1/charm/venv/lib/python3.10/site-packages/urllib3/util/connection.py", line 85, in create_connection
    raise err
  File "/var/lib/juju/agents/unit-postgresql-1/charm/venv/lib/python3.10/site-packages/urllib3/util/connection.py", line 73, in create_connection
    sock.connect(sa)
ConnectionRefusedError: [Errno 111] Connection refused

The above exception was the direct cause of the following exception:

Traceback (most recent call last):
  File "/var/lib/juju/agents/unit-postgresql-1/charm/venv/lib/python3.10/site-packages/urllib3/connectionpool.py", line 787, in urlopen
    response = self._make_request(
  File "/var/lib/juju/agents/unit-postgresql-1/charm/venv/lib/python3.10/site-packages/urllib3/connectionpool.py", line 493, in _make_request
    conn.request(
  File "/var/lib/juju/agents/unit-postgresql-1/charm/venv/lib/python3.10/site-packages/urllib3/connection.py", line 445, in request
    self.endheaders()
  File "/usr/lib/python3.10/http/client.py", line 1278, in endheaders
    self._send_output(message_body, encode_chunked=encode_chunked)
  File "/usr/lib/python3.10/http/client.py", line 1038, in _send_output
    self.send(msg)
  File "/usr/lib/python3.10/http/client.py", line 976, in send
    self.connect()
  File "/var/lib/juju/agents/unit-postgresql-1/charm/venv/lib/python3.10/site-packages/urllib3/connection.py", line 276, in connect
    self.sock = self._new_conn()
  File "/var/lib/juju/agents/unit-postgresql-1/charm/venv/lib/python3.10/site-packages/urllib3/connection.py", line 213, in _new_conn
    raise NewConnectionError(
urllib3.exceptions.NewConnectionError: <urllib3.connection.HTTPConnection object at 0x7fe4e7164730>: Failed to establish a new connection: [Errno 111] Connection refused

The above exception was the direct cause of the following exception:

Traceback (most recent call last):
  File "/var/lib/juju/agents/unit-postgresql-1/charm/venv/lib/python3.10/site-packages/requests/adapters.py", line 667, in send
    resp = conn.urlopen(
  File "/var/lib/juju/agents/unit-postgresql-1/charm/venv/lib/python3.10/site-packages/urllib3/connectionpool.py", line 841, in urlopen
    retries = retries.increment(
  File "/var/lib/juju/agents/unit-postgresql-1/charm/venv/lib/python3.10/site-packages/urllib3/util/retry.py", line 519, in increment
    raise MaxRetryError(_pool, url, reason) from reason  # type: ignore[arg-type]
urllib3.exceptions.MaxRetryError: HTTPConnectionPool(host='10.101.225.182', port=8008): Max retries exceeded with url: /cluster (Caused by NewConnectionError('<urllib3.connection.HTTPConnection object at 0x7fe4e7164730>: Failed to establish a new connection: [Errno 111] Connection refused'))

During handling of the above exception, another exception occurred:

Traceback (most recent call last):
  File "/var/lib/juju/agents/unit-postgresql-1/charm/src/cluster.py", line 552, in are_replicas_up
    response = requests.get(
  File "/var/lib/juju/agents/unit-postgresql-1/charm/venv/lib/python3.10/site-packages/requests/api.py", line 73, in get
    return request("get", url, params=params, **kwargs)
  File "/var/lib/juju/agents/unit-postgresql-1/charm/venv/lib/python3.10/site-packages/requests/api.py", line 59, in request
    return session.request(method=method, url=url, **kwargs)
  File "/var/lib/juju/agents/unit-postgresql-1/charm/venv/lib/python3.10/site-packages/requests/sessions.py", line 589, in request
    resp = self.send(prep, **send_kwargs)
  File "/var/lib/juju/agents/unit-postgresql-1/charm/venv/lib/python3.10/site-packages/requests/sessions.py", line 703, in send
    r = adapter.send(request, **kwargs)
  File "/var/lib/juju/agents/unit-postgresql-1/charm/venv/lib/python3.10/site-packages/requests/adapters.py", line 700, in send
    raise ConnectionError(e, request=request)
requests.exceptions.ConnectionError: HTTPConnectionPool(host='10.101.225.182', port=8008): Max retries exceeded with url: /cluster (Caused by NewConnectionError('<urllib3.connection.HTTPConnection object at 0x7fe4e7164730>: Failed to establish a new connection: [Errno 111] Connection refused'))
unit-postgresql-1: 01:36:04 ERROR unit.postgresql/1.juju-log certificates:16: Unable to get the state of the cluster
Traceback (most recent call last):
  File "/var/lib/juju/agents/unit-postgresql-1/charm/venv/lib/python3.10/site-packages/urllib3/connectionpool.py", line 464, in _make_request
    self._validate_conn(conn)
  File "/var/lib/juju/agents/unit-postgresql-1/charm/venv/lib/python3.10/site-packages/urllib3/connectionpool.py", line 1093, in _validate_conn
    conn.connect()
  File "/var/lib/juju/agents/unit-postgresql-1/charm/venv/lib/python3.10/site-packages/urllib3/connection.py", line 741, in connect
    sock_and_verified = _ssl_wrap_socket_and_match_hostname(
  File "/var/lib/juju/agents/unit-postgresql-1/charm/venv/lib/python3.10/site-packages/urllib3/connection.py", line 920, in _ssl_wrap_socket_and_match_hostname
    ssl_sock = ssl_wrap_socket(
  File "/var/lib/juju/agents/unit-postgresql-1/charm/venv/lib/python3.10/site-packages/urllib3/util/ssl_.py", line 460, in ssl_wrap_socket
    ssl_sock = _ssl_wrap_socket_impl(sock, context, tls_in_tls, server_hostname)
  File "/var/lib/juju/agents/unit-postgresql-1/charm/venv/lib/python3.10/site-packages/urllib3/util/ssl_.py", line 504, in _ssl_wrap_socket_impl
    return ssl_context.wrap_socket(sock, server_hostname=server_hostname)
  File "/usr/lib/python3.10/ssl.py", line 513, in wrap_socket
    return self.sslsocket_class._create(
  File "/usr/lib/python3.10/ssl.py", line 1100, in _create
    self.do_handshake()
  File "/usr/lib/python3.10/ssl.py", line 1371, in do_handshake
    self._sslobj.do_handshake()
ssl.SSLError: [SSL: WRONG_VERSION_NUMBER] wrong version number (_ssl.c:1007)

During handling of the above exception, another exception occurred:

Traceback (most recent call last):
  File "/var/lib/juju/agents/unit-postgresql-1/charm/venv/lib/python3.10/site-packages/urllib3/connectionpool.py", line 787, in urlopen
    response = self._make_request(
  File "/var/lib/juju/agents/unit-postgresql-1/charm/venv/lib/python3.10/site-packages/urllib3/connectionpool.py", line 488, in _make_request
    raise new_e
urllib3.exceptions.SSLError: [SSL: WRONG_VERSION_NUMBER] wrong version number (_ssl.c:1007)

The above exception was the direct cause of the following exception:

Traceback (most recent call last):
  File "/var/lib/juju/agents/unit-postgresql-1/charm/venv/lib/python3.10/site-packages/requests/adapters.py", line 667, in send
    resp = conn.urlopen(
  File "/var/lib/juju/agents/unit-postgresql-1/charm/venv/lib/python3.10/site-packages/urllib3/connectionpool.py", line 841, in urlopen
    retries = retries.increment(
  File "/var/lib/juju/agents/unit-postgresql-1/charm/venv/lib/python3.10/site-packages/urllib3/util/retry.py", line 519, in increment
    raise MaxRetryError(_pool, url, reason) from reason  # type: ignore[arg-type]
urllib3.exceptions.MaxRetryError: HTTPSConnectionPool(host='10.101.225.182', port=8008): Max retries exceeded with url: /cluster (Caused by SSLError(SSLError(1, '[SSL: WRONG_VERSION_NUMBER] wrong version number (_ssl.c:1007)')))

During handling of the above exception, another exception occurred:

Traceback (most recent call last):
  File "/var/lib/juju/agents/unit-postgresql-1/charm/src/cluster.py", line 552, in are_replicas_up
    response = requests.get(
  File "/var/lib/juju/agents/unit-postgresql-1/charm/venv/lib/python3.10/site-packages/requests/api.py", line 73, in get
    return request("get", url, params=params, **kwargs)
  File "/var/lib/juju/agents/unit-postgresql-1/charm/venv/lib/python3.10/site-packages/requests/api.py", line 59, in request
    return session.request(method=method, url=url, **kwargs)
  File "/var/lib/juju/agents/unit-postgresql-1/charm/venv/lib/python3.10/site-packages/requests/sessions.py", line 589, in request
    resp = self.send(prep, **send_kwargs)
  File "/var/lib/juju/agents/unit-postgresql-1/charm/venv/lib/python3.10/site-packages/requests/sessions.py", line 703, in send
    r = adapter.send(request, **kwargs)
  File "/var/lib/juju/agents/unit-postgresql-1/charm/venv/lib/python3.10/site-packages/requests/adapters.py", line 698, in send
    raise SSLError(e, request=request)
requests.exceptions.SSLError: HTTPSConnectionPool(host='10.101.225.182', port=8008): Max retries exceeded with url: /cluster (Caused by SSLError(SSLError(1, '[SSL: WRONG_VERSION_NUMBER] wrong version number (_ssl.c:1007)')))

[32mINFO    [0m pytest_operator.plugin:plugin.py:1024 Forgetting model main...