{"uid":"67a937bd9570eeda","name":"test_setup","fullName":"tests.integration.test_smoke#test_setup","historyId":"d623373ae070a62cab8e4b2f9dd522ae","time":{"start":1762392254940,"stop":1762395276116,"duration":3021176},"status":"broken","statusMessage":"TimeoutError: Timed out waiting for model:\n  postgresql/1 [executing] active:","statusTrace":"Traceback (most recent call last):\n  File \"/home/runner/work/postgresql-bundle/postgresql-bundle/.tox/integration/lib/python3.12/site-packages/_pytest/runner.py\", line 344, in from_call\n    result: TResult | None = func()\n                             ^^^^^^\n  File \"/home/runner/work/postgresql-bundle/postgresql-bundle/.tox/integration/lib/python3.12/site-packages/_pytest/runner.py\", line 246, in <lambda>\n    lambda: runtest_hook(item=item, **kwds), when=when, reraise=reraise\n            ^^^^^^^^^^^^^^^^^^^^^^^^^^^^^^^\n  File \"/home/runner/work/postgresql-bundle/postgresql-bundle/.tox/integration/lib/python3.12/site-packages/pluggy/_hooks.py\", line 512, in __call__\n    return self._hookexec(self.name, self._hookimpls.copy(), kwargs, firstresult)\n           ^^^^^^^^^^^^^^^^^^^^^^^^^^^^^^^^^^^^^^^^^^^^^^^^^^^^^^^^^^^^^^^^^^^^^^\n  File \"/home/runner/work/postgresql-bundle/postgresql-bundle/.tox/integration/lib/python3.12/site-packages/pluggy/_manager.py\", line 120, in _hookexec\n    return self._inner_hookexec(hook_name, methods, kwargs, firstresult)\n           ^^^^^^^^^^^^^^^^^^^^^^^^^^^^^^^^^^^^^^^^^^^^^^^^^^^^^^^^^^^^^\n  File \"/home/runner/work/postgresql-bundle/postgresql-bundle/.tox/integration/lib/python3.12/site-packages/pluggy/_callers.py\", line 167, in _multicall\n    raise exception\n  File \"/home/runner/work/postgresql-bundle/postgresql-bundle/.tox/integration/lib/python3.12/site-packages/pluggy/_callers.py\", line 139, in _multicall\n    teardown.throw(exception)\n  File \"/home/runner/work/postgresql-bundle/postgresql-bundle/.tox/integration/lib/python3.12/site-packages/_pytest/logging.py\", line 850, in pytest_runtest_call\n    yield\n  File \"/home/runner/work/postgresql-bundle/postgresql-bundle/.tox/integration/lib/python3.12/site-packages/pluggy/_callers.py\", line 139, in _multicall\n    teardown.throw(exception)\n  File \"/home/runner/work/postgresql-bundle/postgresql-bundle/.tox/integration/lib/python3.12/site-packages/pluggy/_callers.py\", line 53, in run_old_style_hookwrapper\n    return result.get_result()\n           ^^^^^^^^^^^^^^^^^^^\n  File \"/home/runner/work/postgresql-bundle/postgresql-bundle/.tox/integration/lib/python3.12/site-packages/pluggy/_result.py\", line 103, in get_result\n    raise exc.with_traceback(tb)\n  File \"/home/runner/work/postgresql-bundle/postgresql-bundle/.tox/integration/lib/python3.12/site-packages/pluggy/_callers.py\", line 38, in run_old_style_hookwrapper\n    res = yield\n          ^^^^^\n  File \"/home/runner/work/postgresql-bundle/postgresql-bundle/.tox/integration/lib/python3.12/site-packages/pluggy/_callers.py\", line 139, in _multicall\n    teardown.throw(exception)\n  File \"/home/runner/work/postgresql-bundle/postgresql-bundle/.tox/integration/lib/python3.12/site-packages/_pytest/capture.py\", line 900, in pytest_runtest_call\n    return (yield)\n            ^^^^^\n  File \"/home/runner/work/postgresql-bundle/postgresql-bundle/.tox/integration/lib/python3.12/site-packages/pluggy/_callers.py\", line 139, in _multicall\n    teardown.throw(exception)\n  File \"/home/runner/work/postgresql-bundle/postgresql-bundle/.tox/integration/lib/python3.12/site-packages/_pytest/skipping.py\", line 263, in pytest_runtest_call\n    return (yield)\n            ^^^^^\n  File \"/home/runner/work/postgresql-bundle/postgresql-bundle/.tox/integration/lib/python3.12/site-packages/pluggy/_callers.py\", line 121, in _multicall\n    res = hook_impl.function(*args)\n          ^^^^^^^^^^^^^^^^^^^^^^^^^\n  File \"/home/runner/work/postgresql-bundle/postgresql-bundle/.tox/integration/lib/python3.12/site-packages/_pytest/runner.py\", line 178, in pytest_runtest_call\n    item.runtest()\n  File \"/home/runner/work/postgresql-bundle/postgresql-bundle/.tox/integration/lib/python3.12/site-packages/_pytest/python.py\", line 1671, in runtest\n    self.ihook.pytest_pyfunc_call(pyfuncitem=self)\n  File \"/home/runner/work/postgresql-bundle/postgresql-bundle/.tox/integration/lib/python3.12/site-packages/pluggy/_hooks.py\", line 512, in __call__\n    return self._hookexec(self.name, self._hookimpls.copy(), kwargs, firstresult)\n           ^^^^^^^^^^^^^^^^^^^^^^^^^^^^^^^^^^^^^^^^^^^^^^^^^^^^^^^^^^^^^^^^^^^^^^\n  File \"/home/runner/work/postgresql-bundle/postgresql-bundle/.tox/integration/lib/python3.12/site-packages/pluggy/_manager.py\", line 120, in _hookexec\n    return self._inner_hookexec(hook_name, methods, kwargs, firstresult)\n           ^^^^^^^^^^^^^^^^^^^^^^^^^^^^^^^^^^^^^^^^^^^^^^^^^^^^^^^^^^^^^\n  File \"/home/runner/work/postgresql-bundle/postgresql-bundle/.tox/integration/lib/python3.12/site-packages/pluggy/_callers.py\", line 167, in _multicall\n    raise exception\n  File \"/home/runner/work/postgresql-bundle/postgresql-bundle/.tox/integration/lib/python3.12/site-packages/pluggy/_callers.py\", line 139, in _multicall\n    teardown.throw(exception)\n  File \"/home/runner/work/postgresql-bundle/postgresql-bundle/.tox/integration/lib/python3.12/site-packages/pluggy/_callers.py\", line 53, in run_old_style_hookwrapper\n    return result.get_result()\n           ^^^^^^^^^^^^^^^^^^^\n  File \"/home/runner/work/postgresql-bundle/postgresql-bundle/.tox/integration/lib/python3.12/site-packages/pluggy/_result.py\", line 103, in get_result\n    raise exc.with_traceback(tb)\n  File \"/home/runner/work/postgresql-bundle/postgresql-bundle/.tox/integration/lib/python3.12/site-packages/pluggy/_callers.py\", line 38, in run_old_style_hookwrapper\n    res = yield\n          ^^^^^\n  File \"/home/runner/work/postgresql-bundle/postgresql-bundle/.tox/integration/lib/python3.12/site-packages/pluggy/_callers.py\", line 121, in _multicall\n    res = hook_impl.function(*args)\n          ^^^^^^^^^^^^^^^^^^^^^^^^^\n  File \"/home/runner/work/postgresql-bundle/postgresql-bundle/.tox/integration/lib/python3.12/site-packages/_pytest/python.py\", line 157, in pytest_pyfunc_call\n    result = testfunction(**testargs)\n             ^^^^^^^^^^^^^^^^^^^^^^^^\n  File \"/home/runner/work/postgresql-bundle/postgresql-bundle/.tox/integration/lib/python3.12/site-packages/pytest_asyncio/plugin.py\", line 529, in inner\n    _loop.run_until_complete(task)\n  File \"/usr/lib/python3.12/asyncio/base_events.py\", line 687, in run_until_complete\n    return future.result()\n           ^^^^^^^^^^^^^^^\n  File \"/home/runner/work/postgresql-bundle/postgresql-bundle/tests/integration/test_smoke.py\", line 36, in test_setup\n    await ops_test.model.wait_for_idle(\n  File \"/home/runner/work/postgresql-bundle/postgresql-bundle/.tox/integration/lib/python3.12/site-packages/juju/model/__init__.py\", line 3250, in wait_for_idle\n    raise asyncio.TimeoutError(\nTimeoutError: Timed out waiting for model:\n  postgresql/1 [executing] active:","flaky":false,"newFailed":false,"newBroken":true,"newPassed":false,"retriesCount":1,"retriesStatusChange":true,"beforeStages":[{"name":"event_loop","time":{"start":1762392254801,"stop":1762392254801,"duration":0},"status":"passed","steps":[],"attachments":[],"parameters":[],"shouldDisplayMessage":false,"stepsCount":0,"attachmentsCount":0,"hasContent":false,"attachmentStep":false},{"name":"tmp_path_factory","time":{"start":1762392254801,"stop":1762392254802,"duration":1},"status":"passed","steps":[],"attachments":[],"parameters":[],"shouldDisplayMessage":false,"stepsCount":0,"attachmentsCount":0,"hasContent":false,"attachmentStep":false},{"name":"ops_test","time":{"start":1762392254802,"stop":1762392254939,"duration":137},"status":"passed","steps":[],"attachments":[],"parameters":[],"shouldDisplayMessage":false,"stepsCount":0,"attachmentsCount":0,"hasContent":false,"attachmentStep":false},{"name":"abort_on_fail","time":{"start":1762392254939,"stop":1762392254939,"duration":0},"status":"passed","steps":[],"attachments":[],"parameters":[],"shouldDisplayMessage":false,"stepsCount":0,"attachmentsCount":0,"hasContent":false,"attachmentStep":false}],"testStage":{"status":"broken","statusMessage":"TimeoutError: Timed out waiting for model:\n  postgresql/1 [executing] active:","statusTrace":"Traceback (most recent call last):\n  File \"/home/runner/work/postgresql-bundle/postgresql-bundle/.tox/integration/lib/python3.12/site-packages/_pytest/runner.py\", line 344, in from_call\n    result: TResult | None = func()\n                             ^^^^^^\n  File \"/home/runner/work/postgresql-bundle/postgresql-bundle/.tox/integration/lib/python3.12/site-packages/_pytest/runner.py\", line 246, in <lambda>\n    lambda: runtest_hook(item=item, **kwds), when=when, reraise=reraise\n            ^^^^^^^^^^^^^^^^^^^^^^^^^^^^^^^\n  File \"/home/runner/work/postgresql-bundle/postgresql-bundle/.tox/integration/lib/python3.12/site-packages/pluggy/_hooks.py\", line 512, in __call__\n    return self._hookexec(self.name, self._hookimpls.copy(), kwargs, firstresult)\n           ^^^^^^^^^^^^^^^^^^^^^^^^^^^^^^^^^^^^^^^^^^^^^^^^^^^^^^^^^^^^^^^^^^^^^^\n  File \"/home/runner/work/postgresql-bundle/postgresql-bundle/.tox/integration/lib/python3.12/site-packages/pluggy/_manager.py\", line 120, in _hookexec\n    return self._inner_hookexec(hook_name, methods, kwargs, firstresult)\n           ^^^^^^^^^^^^^^^^^^^^^^^^^^^^^^^^^^^^^^^^^^^^^^^^^^^^^^^^^^^^^\n  File \"/home/runner/work/postgresql-bundle/postgresql-bundle/.tox/integration/lib/python3.12/site-packages/pluggy/_callers.py\", line 167, in _multicall\n    raise exception\n  File \"/home/runner/work/postgresql-bundle/postgresql-bundle/.tox/integration/lib/python3.12/site-packages/pluggy/_callers.py\", line 139, in _multicall\n    teardown.throw(exception)\n  File \"/home/runner/work/postgresql-bundle/postgresql-bundle/.tox/integration/lib/python3.12/site-packages/_pytest/logging.py\", line 850, in pytest_runtest_call\n    yield\n  File \"/home/runner/work/postgresql-bundle/postgresql-bundle/.tox/integration/lib/python3.12/site-packages/pluggy/_callers.py\", line 139, in _multicall\n    teardown.throw(exception)\n  File \"/home/runner/work/postgresql-bundle/postgresql-bundle/.tox/integration/lib/python3.12/site-packages/pluggy/_callers.py\", line 53, in run_old_style_hookwrapper\n    return result.get_result()\n           ^^^^^^^^^^^^^^^^^^^\n  File \"/home/runner/work/postgresql-bundle/postgresql-bundle/.tox/integration/lib/python3.12/site-packages/pluggy/_result.py\", line 103, in get_result\n    raise exc.with_traceback(tb)\n  File \"/home/runner/work/postgresql-bundle/postgresql-bundle/.tox/integration/lib/python3.12/site-packages/pluggy/_callers.py\", line 38, in run_old_style_hookwrapper\n    res = yield\n          ^^^^^\n  File \"/home/runner/work/postgresql-bundle/postgresql-bundle/.tox/integration/lib/python3.12/site-packages/pluggy/_callers.py\", line 139, in _multicall\n    teardown.throw(exception)\n  File \"/home/runner/work/postgresql-bundle/postgresql-bundle/.tox/integration/lib/python3.12/site-packages/_pytest/capture.py\", line 900, in pytest_runtest_call\n    return (yield)\n            ^^^^^\n  File \"/home/runner/work/postgresql-bundle/postgresql-bundle/.tox/integration/lib/python3.12/site-packages/pluggy/_callers.py\", line 139, in _multicall\n    teardown.throw(exception)\n  File \"/home/runner/work/postgresql-bundle/postgresql-bundle/.tox/integration/lib/python3.12/site-packages/_pytest/skipping.py\", line 263, in pytest_runtest_call\n    return (yield)\n            ^^^^^\n  File \"/home/runner/work/postgresql-bundle/postgresql-bundle/.tox/integration/lib/python3.12/site-packages/pluggy/_callers.py\", line 121, in _multicall\n    res = hook_impl.function(*args)\n          ^^^^^^^^^^^^^^^^^^^^^^^^^\n  File \"/home/runner/work/postgresql-bundle/postgresql-bundle/.tox/integration/lib/python3.12/site-packages/_pytest/runner.py\", line 178, in pytest_runtest_call\n    item.runtest()\n  File \"/home/runner/work/postgresql-bundle/postgresql-bundle/.tox/integration/lib/python3.12/site-packages/_pytest/python.py\", line 1671, in runtest\n    self.ihook.pytest_pyfunc_call(pyfuncitem=self)\n  File \"/home/runner/work/postgresql-bundle/postgresql-bundle/.tox/integration/lib/python3.12/site-packages/pluggy/_hooks.py\", line 512, in __call__\n    return self._hookexec(self.name, self._hookimpls.copy(), kwargs, firstresult)\n           ^^^^^^^^^^^^^^^^^^^^^^^^^^^^^^^^^^^^^^^^^^^^^^^^^^^^^^^^^^^^^^^^^^^^^^\n  File \"/home/runner/work/postgresql-bundle/postgresql-bundle/.tox/integration/lib/python3.12/site-packages/pluggy/_manager.py\", line 120, in _hookexec\n    return self._inner_hookexec(hook_name, methods, kwargs, firstresult)\n           ^^^^^^^^^^^^^^^^^^^^^^^^^^^^^^^^^^^^^^^^^^^^^^^^^^^^^^^^^^^^^\n  File \"/home/runner/work/postgresql-bundle/postgresql-bundle/.tox/integration/lib/python3.12/site-packages/pluggy/_callers.py\", line 167, in _multicall\n    raise exception\n  File \"/home/runner/work/postgresql-bundle/postgresql-bundle/.tox/integration/lib/python3.12/site-packages/pluggy/_callers.py\", line 139, in _multicall\n    teardown.throw(exception)\n  File \"/home/runner/work/postgresql-bundle/postgresql-bundle/.tox/integration/lib/python3.12/site-packages/pluggy/_callers.py\", line 53, in run_old_style_hookwrapper\n    return result.get_result()\n           ^^^^^^^^^^^^^^^^^^^\n  File \"/home/runner/work/postgresql-bundle/postgresql-bundle/.tox/integration/lib/python3.12/site-packages/pluggy/_result.py\", line 103, in get_result\n    raise exc.with_traceback(tb)\n  File \"/home/runner/work/postgresql-bundle/postgresql-bundle/.tox/integration/lib/python3.12/site-packages/pluggy/_callers.py\", line 38, in run_old_style_hookwrapper\n    res = yield\n          ^^^^^\n  File \"/home/runner/work/postgresql-bundle/postgresql-bundle/.tox/integration/lib/python3.12/site-packages/pluggy/_callers.py\", line 121, in _multicall\n    res = hook_impl.function(*args)\n          ^^^^^^^^^^^^^^^^^^^^^^^^^\n  File \"/home/runner/work/postgresql-bundle/postgresql-bundle/.tox/integration/lib/python3.12/site-packages/_pytest/python.py\", line 157, in pytest_pyfunc_call\n    result = testfunction(**testargs)\n             ^^^^^^^^^^^^^^^^^^^^^^^^\n  File \"/home/runner/work/postgresql-bundle/postgresql-bundle/.tox/integration/lib/python3.12/site-packages/pytest_asyncio/plugin.py\", line 529, in inner\n    _loop.run_until_complete(task)\n  File \"/usr/lib/python3.12/asyncio/base_events.py\", line 687, in run_until_complete\n    return future.result()\n           ^^^^^^^^^^^^^^^\n  File \"/home/runner/work/postgresql-bundle/postgresql-bundle/tests/integration/test_smoke.py\", line 36, in test_setup\n    await ops_test.model.wait_for_idle(\n  File \"/home/runner/work/postgresql-bundle/postgresql-bundle/.tox/integration/lib/python3.12/site-packages/juju/model/__init__.py\", line 3250, in wait_for_idle\n    raise asyncio.TimeoutError(\nTimeoutError: Timed out waiting for model:\n  postgresql/1 [executing] active:","steps":[],"attachments":[{"uid":"268e860a21061c48","name":"log","source":"268e860a21061c48.txt","type":"text/plain","size":57586}],"parameters":[],"shouldDisplayMessage":true,"stepsCount":0,"attachmentsCount":1,"hasContent":true,"attachmentStep":false},"afterStages":[{"name":"abort_on_fail::0","time":{"start":1762395276153,"stop":1762395276153,"duration":0},"status":"passed","steps":[],"attachments":[],"parameters":[],"shouldDisplayMessage":false,"stepsCount":0,"attachmentsCount":0,"hasContent":false,"attachmentStep":false},{"name":"ops_test::finalizer","time":{"start":1762395276156,"stop":1762395281040,"duration":4884},"status":"passed","steps":[],"attachments":[],"parameters":[],"shouldDisplayMessage":false,"stepsCount":0,"attachmentsCount":0,"hasContent":false,"attachmentStep":false},{"name":"event_loop::2","time":{"start":1762395281041,"stop":1762395281041,"duration":0},"status":"passed","steps":[],"attachments":[],"parameters":[],"shouldDisplayMessage":false,"stepsCount":0,"attachmentsCount":0,"hasContent":false,"attachmentStep":false},{"name":"event_loop::_close_event_loop","time":{"start":1762395281041,"stop":1762395281041,"duration":0},"status":"passed","steps":[],"attachments":[],"parameters":[],"shouldDisplayMessage":false,"stepsCount":0,"attachmentsCount":0,"hasContent":false,"attachmentStep":false},{"name":"event_loop::_provide_clean_event_loop","time":{"start":1762395281041,"stop":1762395281041,"duration":0},"status":"passed","steps":[],"attachments":[],"parameters":[],"shouldDisplayMessage":false,"stepsCount":0,"attachmentsCount":0,"hasContent":false,"attachmentStep":false}],"labels":[{"name":"tag","value":"abort_on_fail"},{"name":"tag","value":"asyncio"},{"name":"parentSuite","value":"tests.integration"},{"name":"suite","value":"test_smoke"},{"name":"host","value":"runnervmf2e7y"},{"name":"thread","value":"9634-MainThread"},{"name":"framework","value":"pytest"},{"name":"language","value":"cpython3"},{"name":"package","value":"tests.integration.test_smoke"},{"name":"resultFormat","value":"allure2"}],"parameters":[],"links":[],"hidden":false,"retry":false,"extra":{"severity":"normal","retries":[{"uid":"4916d954aef61f0d","status":"unknown","time":{}}],"categories":[{"name":"Test defects","matchedStatuses":[]}],"history":{"statistic":{"failed":0,"broken":68,"skipped":0,"passed":404,"unknown":19,"total":491},"items":[{"uid":"148f3b7404cbcdde","reportUrl":"../2432//#testresult/148f3b7404cbcdde","status":"passed","time":{"start":1762305847653,"stop":1762307041143,"duration":1193490}},{"uid":"5d3fd4748cd73022","reportUrl":"../2430//#testresult/5d3fd4748cd73022","status":"passed","time":{"start":1762219513401,"stop":1762220511419,"duration":998018}},{"uid":"63feec69c056781c","reportUrl":"../2428//#testresult/63feec69c056781c","status":"passed","time":{"start":1762133127462,"stop":1762134389414,"duration":1261952}},{"uid":"a933172fc0be3f44","reportUrl":"../2426//#testresult/a933172fc0be3f44","status":"passed","time":{"start":1762046727309,"stop":1762047839546,"duration":1112237}},{"uid":"f92c9099512b89f0","reportUrl":"../2425//#testresult/f92c9099512b89f0","status":"passed","time":{"start":1761960271042,"stop":1761961509370,"duration":1238328}},{"uid":"21a2f99625c2b96b","reportUrl":"../2423//#testresult/21a2f99625c2b96b","status":"passed","time":{"start":1761873855169,"stop":1761875122367,"duration":1267198}},{"uid":"756e7e1379ab5ea1","reportUrl":"../2419//#testresult/756e7e1379ab5ea1","status":"passed","time":{"start":1761787479018,"stop":1761788669516,"duration":1190498}},{"uid":"5619e83926c7b280","reportUrl":"../2417//#testresult/5619e83926c7b280","status":"passed","time":{"start":1761701113166,"stop":1761702315818,"duration":1202652}},{"uid":"379692f05bbf7de2","reportUrl":"../2413//#testresult/379692f05bbf7de2","status":"unknown","time":{}},{"uid":"3d34de3404d9d524","reportUrl":"../2411//#testresult/3d34de3404d9d524","status":"passed","time":{"start":1761528296955,"stop":1761529490175,"duration":1193220}},{"uid":"9126ea6050ca9b9f","reportUrl":"../2409//#testresult/9126ea6050ca9b9f","status":"passed","time":{"start":1761441941039,"stop":1761443102986,"duration":1161947}},{"uid":"88f799064eec9380","reportUrl":"../2408//#testresult/88f799064eec9380","status":"passed","time":{"start":1761355523341,"stop":1761356772876,"duration":1249535}},{"uid":"1b03878385e89b48","reportUrl":"../2406//#testresult/1b03878385e89b48","status":"broken","statusDetails":"TimeoutError: Timed out waiting for model:\n  pgbouncer-test-app/0 [idle] blocked: waiting for backend database relation to initialise\n  postgresql/0 [executing] active: Primary (degraded)\n  postgresql/1 [executing] waiting: awaiting for cluster to start\n  postgresql-test-app/0 [idle] blocked: No database integration available\n  sysbench/0 [idle] waiting: Waiting on data from relation","time":{"start":1761269073162,"stop":1761272091776,"duration":3018614}},{"uid":"24d1131437c974ee","reportUrl":"../2404//#testresult/24d1131437c974ee","status":"passed","time":{"start":1761182737947,"stop":1761183959959,"duration":1222012}},{"uid":"83818728a38e9f08","reportUrl":"../2402//#testresult/83818728a38e9f08","status":"passed","time":{"start":1761096339086,"stop":1761097520341,"duration":1181255}},{"uid":"1743bac4e5e76d6","reportUrl":"../2399//#testresult/1743bac4e5e76d6","status":"passed","time":{"start":1761009937997,"stop":1761011097291,"duration":1159294}},{"uid":"d3f42d84d8dc1c5d","reportUrl":"../2398//#testresult/d3f42d84d8dc1c5d","status":"broken","statusDetails":"TimeoutError: Timed out waiting for model:\n  pgbouncer-data-integrator (not enough units yet - 0/1)\n  pgbouncer-test-app (not enough units yet - 0/1)\n  postgresql/0 [allocating] waiting: waiting for machine\n  postgresql/1 [allocating] waiting: waiting for machine\n  postgresql-test-app/0 [allocating] waiting: waiting for machine\n  self-signed-certificates/0 [allocating] waiting: waiting for machine\n  sysbench/0 [allocating] waiting: waiting for machine","time":{"start":1760923524794,"stop":1760926543176,"duration":3018382}},{"uid":"521a400544be0f5c","reportUrl":"../2397//#testresult/521a400544be0f5c","status":"broken","statusDetails":"TimeoutError: Timed out waiting for model:\n  pgbouncer-data-integrator (not enough units yet - 0/1)\n  pgbouncer-test-app (not enough units yet - 0/1)\n  postgresql/0 [allocating] waiting: waiting for machine\n  postgresql/1 [allocating] waiting: waiting for machine\n  postgresql-test-app/0 [allocating] waiting: waiting for machine\n  self-signed-certificates/0 [allocating] waiting: waiting for machine\n  sysbench/0 [allocating] waiting: waiting for machine","time":{"start":1760837106612,"stop":1760840122316,"duration":3015704}},{"uid":"a12e23713f3e7e95","reportUrl":"../2396//#testresult/a12e23713f3e7e95","status":"broken","statusDetails":"TimeoutError: Timed out waiting for model:\n  pgbouncer-data-integrator (not enough units yet - 0/1)\n  pgbouncer-test-app (not enough units yet - 0/1)\n  postgresql/0 [allocating] waiting: waiting for machine\n  postgresql/1 [allocating] waiting: waiting for machine\n  postgresql-test-app/0 [allocating] waiting: waiting for machine\n  self-signed-certificates/0 [allocating] waiting: waiting for machine\n  sysbench/0 [allocating] waiting: waiting for machine","time":{"start":1760750672793,"stop":1760753689449,"duration":3016656}},{"uid":"7adec7f32edd0a7","reportUrl":"../2394//#testresult/7adec7f32edd0a7","status":"passed","time":{"start":1760664329863,"stop":1760665934697,"duration":1604834}}]},"tags":["asyncio","abort_on_fail"]},"source":"67a937bd9570eeda.json","parameterValues":[]}