{"uid":"e9dbbed7f76f52fc","name":"test_setup","fullName":"tests.integration.test_smoke#test_setup","historyId":"d623373ae070a62cab8e4b2f9dd522ae","time":{"start":1771723475272,"stop":1771724316605,"duration":841333},"status":"broken","statusMessage":"ValueError: invalid literal for int() with base 10: 'None'","statusTrace":"Traceback (most recent call last):\n  File \"/home/runner/work/postgresql-bundle/postgresql-bundle/.tox/integration/lib/python3.12/site-packages/_pytest/runner.py\", line 353, in from_call\n    result: TResult | None = func()\n                             ^^^^^^\n  File \"/home/runner/work/postgresql-bundle/postgresql-bundle/.tox/integration/lib/python3.12/site-packages/_pytest/runner.py\", line 245, in <lambda>\n    lambda: runtest_hook(item=item, **kwds),\n            ^^^^^^^^^^^^^^^^^^^^^^^^^^^^^^^\n  File \"/home/runner/work/postgresql-bundle/postgresql-bundle/.tox/integration/lib/python3.12/site-packages/pluggy/_hooks.py\", line 512, in __call__\n    return self._hookexec(self.name, self._hookimpls.copy(), kwargs, firstresult)\n           ^^^^^^^^^^^^^^^^^^^^^^^^^^^^^^^^^^^^^^^^^^^^^^^^^^^^^^^^^^^^^^^^^^^^^^\n  File \"/home/runner/work/postgresql-bundle/postgresql-bundle/.tox/integration/lib/python3.12/site-packages/pluggy/_manager.py\", line 120, in _hookexec\n    return self._inner_hookexec(hook_name, methods, kwargs, firstresult)\n           ^^^^^^^^^^^^^^^^^^^^^^^^^^^^^^^^^^^^^^^^^^^^^^^^^^^^^^^^^^^^^\n  File \"/home/runner/work/postgresql-bundle/postgresql-bundle/.tox/integration/lib/python3.12/site-packages/pluggy/_callers.py\", line 167, in _multicall\n    raise exception\n  File \"/home/runner/work/postgresql-bundle/postgresql-bundle/.tox/integration/lib/python3.12/site-packages/pluggy/_callers.py\", line 139, in _multicall\n    teardown.throw(exception)\n  File \"/home/runner/work/postgresql-bundle/postgresql-bundle/.tox/integration/lib/python3.12/site-packages/_pytest/logging.py\", line 850, in pytest_runtest_call\n    yield\n  File \"/home/runner/work/postgresql-bundle/postgresql-bundle/.tox/integration/lib/python3.12/site-packages/pluggy/_callers.py\", line 139, in _multicall\n    teardown.throw(exception)\n  File \"/home/runner/work/postgresql-bundle/postgresql-bundle/.tox/integration/lib/python3.12/site-packages/pluggy/_callers.py\", line 53, in run_old_style_hookwrapper\n    return result.get_result()\n           ^^^^^^^^^^^^^^^^^^^\n  File \"/home/runner/work/postgresql-bundle/postgresql-bundle/.tox/integration/lib/python3.12/site-packages/pluggy/_result.py\", line 103, in get_result\n    raise exc.with_traceback(tb)\n  File \"/home/runner/work/postgresql-bundle/postgresql-bundle/.tox/integration/lib/python3.12/site-packages/pluggy/_callers.py\", line 38, in run_old_style_hookwrapper\n    res = yield\n          ^^^^^\n  File \"/home/runner/work/postgresql-bundle/postgresql-bundle/.tox/integration/lib/python3.12/site-packages/pluggy/_callers.py\", line 139, in _multicall\n    teardown.throw(exception)\n  File \"/home/runner/work/postgresql-bundle/postgresql-bundle/.tox/integration/lib/python3.12/site-packages/_pytest/capture.py\", line 900, in pytest_runtest_call\n    return (yield)\n            ^^^^^\n  File \"/home/runner/work/postgresql-bundle/postgresql-bundle/.tox/integration/lib/python3.12/site-packages/pluggy/_callers.py\", line 139, in _multicall\n    teardown.throw(exception)\n  File \"/home/runner/work/postgresql-bundle/postgresql-bundle/.tox/integration/lib/python3.12/site-packages/_pytest/skipping.py\", line 268, in pytest_runtest_call\n    return (yield)\n            ^^^^^\n  File \"/home/runner/work/postgresql-bundle/postgresql-bundle/.tox/integration/lib/python3.12/site-packages/pluggy/_callers.py\", line 121, in _multicall\n    res = hook_impl.function(*args)\n          ^^^^^^^^^^^^^^^^^^^^^^^^^\n  File \"/home/runner/work/postgresql-bundle/postgresql-bundle/.tox/integration/lib/python3.12/site-packages/_pytest/runner.py\", line 179, in pytest_runtest_call\n    item.runtest()\n  File \"/home/runner/work/postgresql-bundle/postgresql-bundle/.tox/integration/lib/python3.12/site-packages/_pytest/python.py\", line 1720, in runtest\n    self.ihook.pytest_pyfunc_call(pyfuncitem=self)\n  File \"/home/runner/work/postgresql-bundle/postgresql-bundle/.tox/integration/lib/python3.12/site-packages/pluggy/_hooks.py\", line 512, in __call__\n    return self._hookexec(self.name, self._hookimpls.copy(), kwargs, firstresult)\n           ^^^^^^^^^^^^^^^^^^^^^^^^^^^^^^^^^^^^^^^^^^^^^^^^^^^^^^^^^^^^^^^^^^^^^^\n  File \"/home/runner/work/postgresql-bundle/postgresql-bundle/.tox/integration/lib/python3.12/site-packages/pluggy/_manager.py\", line 120, in _hookexec\n    return self._inner_hookexec(hook_name, methods, kwargs, firstresult)\n           ^^^^^^^^^^^^^^^^^^^^^^^^^^^^^^^^^^^^^^^^^^^^^^^^^^^^^^^^^^^^^\n  File \"/home/runner/work/postgresql-bundle/postgresql-bundle/.tox/integration/lib/python3.12/site-packages/pluggy/_callers.py\", line 167, in _multicall\n    raise exception\n  File \"/home/runner/work/postgresql-bundle/postgresql-bundle/.tox/integration/lib/python3.12/site-packages/pluggy/_callers.py\", line 139, in _multicall\n    teardown.throw(exception)\n  File \"/home/runner/work/postgresql-bundle/postgresql-bundle/.tox/integration/lib/python3.12/site-packages/pluggy/_callers.py\", line 53, in run_old_style_hookwrapper\n    return result.get_result()\n           ^^^^^^^^^^^^^^^^^^^\n  File \"/home/runner/work/postgresql-bundle/postgresql-bundle/.tox/integration/lib/python3.12/site-packages/pluggy/_result.py\", line 103, in get_result\n    raise exc.with_traceback(tb)\n  File \"/home/runner/work/postgresql-bundle/postgresql-bundle/.tox/integration/lib/python3.12/site-packages/pluggy/_callers.py\", line 38, in run_old_style_hookwrapper\n    res = yield\n          ^^^^^\n  File \"/home/runner/work/postgresql-bundle/postgresql-bundle/.tox/integration/lib/python3.12/site-packages/pluggy/_callers.py\", line 121, in _multicall\n    res = hook_impl.function(*args)\n          ^^^^^^^^^^^^^^^^^^^^^^^^^\n  File \"/home/runner/work/postgresql-bundle/postgresql-bundle/.tox/integration/lib/python3.12/site-packages/_pytest/python.py\", line 166, in pytest_pyfunc_call\n    result = testfunction(**testargs)\n             ^^^^^^^^^^^^^^^^^^^^^^^^\n  File \"/home/runner/work/postgresql-bundle/postgresql-bundle/.tox/integration/lib/python3.12/site-packages/pytest_asyncio/plugin.py\", line 529, in inner\n    _loop.run_until_complete(task)\n  File \"/usr/lib/python3.12/asyncio/base_events.py\", line 687, in run_until_complete\n    return future.result()\n           ^^^^^^^^^^^^^^^\n  File \"/home/runner/work/postgresql-bundle/postgresql-bundle/tests/integration/test_smoke.py\", line 64, in test_setup\n    writes = int(results.results[\"writes\"])\n             ^^^^^^^^^^^^^^^^^^^^^^^^^^^^^^\nValueError: invalid literal for int() with base 10: 'None'","flaky":false,"newFailed":false,"newBroken":true,"newPassed":false,"retriesCount":1,"retriesStatusChange":true,"beforeStages":[{"name":"event_loop","time":{"start":1771723475087,"stop":1771723475088,"duration":1},"status":"passed","steps":[],"attachments":[],"parameters":[],"shouldDisplayMessage":false,"stepsCount":0,"attachmentsCount":0,"hasContent":false,"attachmentStep":false},{"name":"ops_test","time":{"start":1771723475088,"stop":1771723475271,"duration":183},"status":"passed","steps":[],"attachments":[],"parameters":[],"shouldDisplayMessage":false,"stepsCount":0,"attachmentsCount":0,"hasContent":false,"attachmentStep":false},{"name":"tmp_path_factory","time":{"start":1771723475088,"stop":1771723475088,"duration":0},"status":"passed","steps":[],"attachments":[],"parameters":[],"shouldDisplayMessage":false,"stepsCount":0,"attachmentsCount":0,"hasContent":false,"attachmentStep":false},{"name":"abort_on_fail","time":{"start":1771723475271,"stop":1771723475272,"duration":1},"status":"passed","steps":[],"attachments":[],"parameters":[],"shouldDisplayMessage":false,"stepsCount":0,"attachmentsCount":0,"hasContent":false,"attachmentStep":false}],"testStage":{"status":"broken","statusMessage":"ValueError: invalid literal for int() with base 10: 'None'","statusTrace":"Traceback (most recent call last):\n  File \"/home/runner/work/postgresql-bundle/postgresql-bundle/.tox/integration/lib/python3.12/site-packages/_pytest/runner.py\", line 353, in from_call\n    result: TResult | None = func()\n                             ^^^^^^\n  File \"/home/runner/work/postgresql-bundle/postgresql-bundle/.tox/integration/lib/python3.12/site-packages/_pytest/runner.py\", line 245, in <lambda>\n    lambda: runtest_hook(item=item, **kwds),\n            ^^^^^^^^^^^^^^^^^^^^^^^^^^^^^^^\n  File \"/home/runner/work/postgresql-bundle/postgresql-bundle/.tox/integration/lib/python3.12/site-packages/pluggy/_hooks.py\", line 512, in __call__\n    return self._hookexec(self.name, self._hookimpls.copy(), kwargs, firstresult)\n           ^^^^^^^^^^^^^^^^^^^^^^^^^^^^^^^^^^^^^^^^^^^^^^^^^^^^^^^^^^^^^^^^^^^^^^\n  File \"/home/runner/work/postgresql-bundle/postgresql-bundle/.tox/integration/lib/python3.12/site-packages/pluggy/_manager.py\", line 120, in _hookexec\n    return self._inner_hookexec(hook_name, methods, kwargs, firstresult)\n           ^^^^^^^^^^^^^^^^^^^^^^^^^^^^^^^^^^^^^^^^^^^^^^^^^^^^^^^^^^^^^\n  File \"/home/runner/work/postgresql-bundle/postgresql-bundle/.tox/integration/lib/python3.12/site-packages/pluggy/_callers.py\", line 167, in _multicall\n    raise exception\n  File \"/home/runner/work/postgresql-bundle/postgresql-bundle/.tox/integration/lib/python3.12/site-packages/pluggy/_callers.py\", line 139, in _multicall\n    teardown.throw(exception)\n  File \"/home/runner/work/postgresql-bundle/postgresql-bundle/.tox/integration/lib/python3.12/site-packages/_pytest/logging.py\", line 850, in pytest_runtest_call\n    yield\n  File \"/home/runner/work/postgresql-bundle/postgresql-bundle/.tox/integration/lib/python3.12/site-packages/pluggy/_callers.py\", line 139, in _multicall\n    teardown.throw(exception)\n  File \"/home/runner/work/postgresql-bundle/postgresql-bundle/.tox/integration/lib/python3.12/site-packages/pluggy/_callers.py\", line 53, in run_old_style_hookwrapper\n    return result.get_result()\n           ^^^^^^^^^^^^^^^^^^^\n  File \"/home/runner/work/postgresql-bundle/postgresql-bundle/.tox/integration/lib/python3.12/site-packages/pluggy/_result.py\", line 103, in get_result\n    raise exc.with_traceback(tb)\n  File \"/home/runner/work/postgresql-bundle/postgresql-bundle/.tox/integration/lib/python3.12/site-packages/pluggy/_callers.py\", line 38, in run_old_style_hookwrapper\n    res = yield\n          ^^^^^\n  File \"/home/runner/work/postgresql-bundle/postgresql-bundle/.tox/integration/lib/python3.12/site-packages/pluggy/_callers.py\", line 139, in _multicall\n    teardown.throw(exception)\n  File \"/home/runner/work/postgresql-bundle/postgresql-bundle/.tox/integration/lib/python3.12/site-packages/_pytest/capture.py\", line 900, in pytest_runtest_call\n    return (yield)\n            ^^^^^\n  File \"/home/runner/work/postgresql-bundle/postgresql-bundle/.tox/integration/lib/python3.12/site-packages/pluggy/_callers.py\", line 139, in _multicall\n    teardown.throw(exception)\n  File \"/home/runner/work/postgresql-bundle/postgresql-bundle/.tox/integration/lib/python3.12/site-packages/_pytest/skipping.py\", line 268, in pytest_runtest_call\n    return (yield)\n            ^^^^^\n  File \"/home/runner/work/postgresql-bundle/postgresql-bundle/.tox/integration/lib/python3.12/site-packages/pluggy/_callers.py\", line 121, in _multicall\n    res = hook_impl.function(*args)\n          ^^^^^^^^^^^^^^^^^^^^^^^^^\n  File \"/home/runner/work/postgresql-bundle/postgresql-bundle/.tox/integration/lib/python3.12/site-packages/_pytest/runner.py\", line 179, in pytest_runtest_call\n    item.runtest()\n  File \"/home/runner/work/postgresql-bundle/postgresql-bundle/.tox/integration/lib/python3.12/site-packages/_pytest/python.py\", line 1720, in runtest\n    self.ihook.pytest_pyfunc_call(pyfuncitem=self)\n  File \"/home/runner/work/postgresql-bundle/postgresql-bundle/.tox/integration/lib/python3.12/site-packages/pluggy/_hooks.py\", line 512, in __call__\n    return self._hookexec(self.name, self._hookimpls.copy(), kwargs, firstresult)\n           ^^^^^^^^^^^^^^^^^^^^^^^^^^^^^^^^^^^^^^^^^^^^^^^^^^^^^^^^^^^^^^^^^^^^^^\n  File \"/home/runner/work/postgresql-bundle/postgresql-bundle/.tox/integration/lib/python3.12/site-packages/pluggy/_manager.py\", line 120, in _hookexec\n    return self._inner_hookexec(hook_name, methods, kwargs, firstresult)\n           ^^^^^^^^^^^^^^^^^^^^^^^^^^^^^^^^^^^^^^^^^^^^^^^^^^^^^^^^^^^^^\n  File \"/home/runner/work/postgresql-bundle/postgresql-bundle/.tox/integration/lib/python3.12/site-packages/pluggy/_callers.py\", line 167, in _multicall\n    raise exception\n  File \"/home/runner/work/postgresql-bundle/postgresql-bundle/.tox/integration/lib/python3.12/site-packages/pluggy/_callers.py\", line 139, in _multicall\n    teardown.throw(exception)\n  File \"/home/runner/work/postgresql-bundle/postgresql-bundle/.tox/integration/lib/python3.12/site-packages/pluggy/_callers.py\", line 53, in run_old_style_hookwrapper\n    return result.get_result()\n           ^^^^^^^^^^^^^^^^^^^\n  File \"/home/runner/work/postgresql-bundle/postgresql-bundle/.tox/integration/lib/python3.12/site-packages/pluggy/_result.py\", line 103, in get_result\n    raise exc.with_traceback(tb)\n  File \"/home/runner/work/postgresql-bundle/postgresql-bundle/.tox/integration/lib/python3.12/site-packages/pluggy/_callers.py\", line 38, in run_old_style_hookwrapper\n    res = yield\n          ^^^^^\n  File \"/home/runner/work/postgresql-bundle/postgresql-bundle/.tox/integration/lib/python3.12/site-packages/pluggy/_callers.py\", line 121, in _multicall\n    res = hook_impl.function(*args)\n          ^^^^^^^^^^^^^^^^^^^^^^^^^\n  File \"/home/runner/work/postgresql-bundle/postgresql-bundle/.tox/integration/lib/python3.12/site-packages/_pytest/python.py\", line 166, in pytest_pyfunc_call\n    result = testfunction(**testargs)\n             ^^^^^^^^^^^^^^^^^^^^^^^^\n  File \"/home/runner/work/postgresql-bundle/postgresql-bundle/.tox/integration/lib/python3.12/site-packages/pytest_asyncio/plugin.py\", line 529, in inner\n    _loop.run_until_complete(task)\n  File \"/usr/lib/python3.12/asyncio/base_events.py\", line 687, in run_until_complete\n    return future.result()\n           ^^^^^^^^^^^^^^^\n  File \"/home/runner/work/postgresql-bundle/postgresql-bundle/tests/integration/test_smoke.py\", line 64, in test_setup\n    writes = int(results.results[\"writes\"])\n             ^^^^^^^^^^^^^^^^^^^^^^^^^^^^^^\nValueError: invalid literal for int() with base 10: 'None'","steps":[],"attachments":[{"uid":"4bbc6d7d28feb949","name":"log","source":"4bbc6d7d28feb949.txt","type":"text/plain","size":60395}],"parameters":[],"shouldDisplayMessage":true,"stepsCount":0,"attachmentsCount":1,"hasContent":true,"attachmentStep":false},"afterStages":[{"name":"abort_on_fail::0","time":{"start":1771724316634,"stop":1771724316634,"duration":0},"status":"passed","steps":[],"attachments":[],"parameters":[],"shouldDisplayMessage":false,"stepsCount":0,"attachmentsCount":0,"hasContent":false,"attachmentStep":false},{"name":"ops_test::finalizer","time":{"start":1771724316634,"stop":1771724319810,"duration":3176},"status":"passed","steps":[],"attachments":[],"parameters":[],"shouldDisplayMessage":false,"stepsCount":0,"attachmentsCount":0,"hasContent":false,"attachmentStep":false},{"name":"event_loop::2","time":{"start":1771724319811,"stop":1771724319811,"duration":0},"status":"passed","steps":[],"attachments":[],"parameters":[],"shouldDisplayMessage":false,"stepsCount":0,"attachmentsCount":0,"hasContent":false,"attachmentStep":false},{"name":"event_loop::_close_event_loop","time":{"start":1771724319811,"stop":1771724319811,"duration":0},"status":"passed","steps":[],"attachments":[],"parameters":[],"shouldDisplayMessage":false,"stepsCount":0,"attachmentsCount":0,"hasContent":false,"attachmentStep":false},{"name":"event_loop::_provide_clean_event_loop","time":{"start":1771724319811,"stop":1771724319811,"duration":0},"status":"passed","steps":[],"attachments":[],"parameters":[],"shouldDisplayMessage":false,"stepsCount":0,"attachmentsCount":0,"hasContent":false,"attachmentStep":false}],"labels":[{"name":"tag","value":"abort_on_fail"},{"name":"tag","value":"asyncio"},{"name":"parentSuite","value":"tests.integration"},{"name":"suite","value":"test_smoke"},{"name":"host","value":"runnervmwffz4"},{"name":"thread","value":"9615-MainThread"},{"name":"framework","value":"pytest"},{"name":"language","value":"cpython3"},{"name":"package","value":"tests.integration.test_smoke"},{"name":"resultFormat","value":"allure2"}],"parameters":[],"links":[],"hidden":false,"retry":false,"extra":{"severity":"normal","retries":[{"uid":"2769b3f1ad484715","status":"unknown","time":{}}],"categories":[{"name":"Test defects","matchedStatuses":[]}],"history":{"statistic":{"failed":0,"broken":83,"skipped":0,"passed":495,"unknown":21,"total":599},"items":[{"uid":"befce0a38b55db47","reportUrl":"../2645//#testresult/befce0a38b55db47","status":"passed","time":{"start":1771637060670,"stop":1771637957842,"duration":897172}},{"uid":"f1b1e75638d052b1","reportUrl":"../2644//#testresult/f1b1e75638d052b1","status":"passed","time":{"start":1771550670134,"stop":1771551529948,"duration":859814}},{"uid":"6a9cf2a60771a6a3","reportUrl":"../2643//#testresult/6a9cf2a60771a6a3","status":"passed","time":{"start":1771464263356,"stop":1771465165381,"duration":902025}},{"uid":"b66efc0a7e705c56","reportUrl":"../2642//#testresult/b66efc0a7e705c56","status":"passed","time":{"start":1771377864587,"stop":1771378895264,"duration":1030677}},{"uid":"d634bb962b08bc9","reportUrl":"../2635//#testresult/d634bb962b08bc9","status":"broken","statusDetails":"TimeoutError: Timed out waiting for model:\n  pgbouncer-data-integrator (not enough units yet - 0/1)\n  pgbouncer-test-app (not enough units yet - 0/1)\n  postgresql/0 [allocating] waiting: waiting for machine\n  postgresql/1 [allocating] waiting: waiting for machine\n  postgresql-test-app/0 [allocating] waiting: waiting for machine\n  self-signed-certificates/0 [allocating] waiting: waiting for machine\n  sysbench/0 [allocating] waiting: waiting for machine","time":{"start":1771291469048,"stop":1771294484541,"duration":3015493}},{"uid":"3c2216c4a29b3bc5","reportUrl":"../2634//#testresult/3c2216c4a29b3bc5","status":"broken","statusDetails":"TimeoutError: Timed out waiting for model:\n  pgbouncer-data-integrator (not enough units yet - 0/1)\n  pgbouncer-test-app (not enough units yet - 0/1)\n  postgresql/0 [allocating] waiting: waiting for machine\n  postgresql/1 [allocating] waiting: waiting for machine\n  postgresql-test-app/0 [allocating] waiting: waiting for machine\n  self-signed-certificates/0 [allocating] waiting: waiting for machine\n  sysbench/0 [allocating] waiting: waiting for machine","time":{"start":1771205073116,"stop":1771208091012,"duration":3017896}},{"uid":"a860a6813eb427e5","reportUrl":"../2633//#testresult/a860a6813eb427e5","status":"broken","statusDetails":"TimeoutError: Timed out waiting for model:\n  pgbouncer-data-integrator (not enough units yet - 0/1)\n  pgbouncer-test-app (not enough units yet - 0/1)\n  postgresql/0 [allocating] waiting: waiting for machine\n  postgresql/1 [allocating] waiting: waiting for machine\n  postgresql-test-app/0 [allocating] waiting: waiting for machine\n  self-signed-certificates/0 [allocating] waiting: waiting for machine\n  sysbench/0 [allocating] waiting: waiting for machine","time":{"start":1771118691501,"stop":1771121708263,"duration":3016762}},{"uid":"e9cf873504cb965d","reportUrl":"../2632//#testresult/e9cf873504cb965d","status":"broken","statusDetails":"TimeoutError: Timed out waiting for model:\n  pgbouncer-data-integrator (not enough units yet - 0/1)\n  pgbouncer-test-app (not enough units yet - 0/1)\n  postgresql/0 [allocating] waiting: waiting for machine\n  postgresql/1 [allocating] waiting: waiting for machine\n  postgresql-test-app/0 [allocating] waiting: waiting for machine\n  self-signed-certificates/0 [allocating] waiting: waiting for machine\n  sysbench/0 [allocating] waiting: waiting for machine","time":{"start":1771032276889,"stop":1771035295379,"duration":3018490}},{"uid":"9c3a04fbeda0bb0a","reportUrl":"../2631//#testresult/9c3a04fbeda0bb0a","status":"broken","statusDetails":"TimeoutError: Timed out waiting for model:\n  pgbouncer-data-integrator (not enough units yet - 0/1)\n  pgbouncer-test-app (not enough units yet - 0/1)\n  postgresql/0 [allocating] waiting: waiting for machine\n  postgresql/1 [allocating] waiting: waiting for machine\n  postgresql-test-app/0 [allocating] waiting: waiting for machine\n  self-signed-certificates/0 [allocating] waiting: waiting for machine\n  sysbench/0 [allocating] waiting: waiting for machine","time":{"start":1770945900970,"stop":1770948917978,"duration":3017008}},{"uid":"ba54b6c4544cae21","reportUrl":"../2630//#testresult/ba54b6c4544cae21","status":"passed","time":{"start":1770859534957,"stop":1770860668295,"duration":1133338}},{"uid":"7064519bff4c2548","reportUrl":"../2629//#testresult/7064519bff4c2548","status":"passed","time":{"start":1770773098475,"stop":1770774243191,"duration":1144716}},{"uid":"409cf1d54e09bae0","reportUrl":"../2624//#testresult/409cf1d54e09bae0","status":"passed","time":{"start":1770687031069,"stop":1770688178651,"duration":1147582}},{"uid":"307ef27c1e583467","reportUrl":"../2623//#testresult/307ef27c1e583467","status":"passed","time":{"start":1770600284525,"stop":1770601448317,"duration":1163792}},{"uid":"ba4211644981445d","reportUrl":"../2622//#testresult/ba4211644981445d","status":"passed","time":{"start":1770513989475,"stop":1770515120923,"duration":1131448}},{"uid":"20e397c88f5bc95e","reportUrl":"../2620//#testresult/20e397c88f5bc95e","status":"passed","time":{"start":1770427531364,"stop":1770428666408,"duration":1135044}},{"uid":"e9ee4dfc9f58fb6a","reportUrl":"../2619//#testresult/e9ee4dfc9f58fb6a","status":"broken","statusDetails":"TimeoutError: Timed out waiting for model:\n  postgresql/0 [executing] maintenance: reconfiguring cluster\n  postgresql/1 [idle] waiting: waiting to start PostgreSQL","time":{"start":1770341166639,"stop":1770344187782,"duration":3021143}},{"uid":"aecb3730a7edc0a","reportUrl":"../2618//#testresult/aecb3730a7edc0a","status":"passed","time":{"start":1770254724709,"stop":1770255870762,"duration":1146053}},{"uid":"208215296adf8b23","reportUrl":"../2617//#testresult/208215296adf8b23","status":"passed","time":{"start":1770168287551,"stop":1770169434747,"duration":1147196}},{"uid":"b56e6c35aa35bc5","reportUrl":"../2613//#testresult/b56e6c35aa35bc5","status":"passed","time":{"start":1770082918355,"stop":1770084074939,"duration":1156584}},{"uid":"e548345bb89e3dad","reportUrl":"../2612//#testresult/e548345bb89e3dad","status":"broken","statusDetails":"TimeoutError: Timed out waiting for model:\n  postgresql/0 [executing] blocked: failed to restart PostgreSQL\n  postgresql/1 [executing] waiting: awaiting for cluster to start","time":{"start":1769995550206,"stop":1769998570520,"duration":3020314}}]},"tags":["asyncio","abort_on_fail"]},"source":"e9dbbed7f76f52fc.json","parameterValues":[]}