{"uid":"982e2e69e51ad687","name":"test_setup","fullName":"tests.integration.test_smoke#test_setup","historyId":"d623373ae070a62cab8e4b2f9dd522ae","time":{"start":1764638642216,"stop":1764641660094,"duration":3017878},"status":"broken","statusMessage":"TimeoutError: Timed out waiting for model:\n  postgresql/0 [executing] active: Primary (degraded)\n  postgresql/1 [executing] waiting: waiting to start PostgreSQL","statusTrace":"Traceback (most recent call last):\n  File \"/home/runner/work/postgresql-bundle/postgresql-bundle/.tox/integration/lib/python3.12/site-packages/_pytest/runner.py\", line 353, in from_call\n    result: TResult | None = func()\n                             ^^^^^^\n  File \"/home/runner/work/postgresql-bundle/postgresql-bundle/.tox/integration/lib/python3.12/site-packages/_pytest/runner.py\", line 245, in <lambda>\n    lambda: runtest_hook(item=item, **kwds),\n            ^^^^^^^^^^^^^^^^^^^^^^^^^^^^^^^\n  File \"/home/runner/work/postgresql-bundle/postgresql-bundle/.tox/integration/lib/python3.12/site-packages/pluggy/_hooks.py\", line 512, in __call__\n    return self._hookexec(self.name, self._hookimpls.copy(), kwargs, firstresult)\n           ^^^^^^^^^^^^^^^^^^^^^^^^^^^^^^^^^^^^^^^^^^^^^^^^^^^^^^^^^^^^^^^^^^^^^^\n  File \"/home/runner/work/postgresql-bundle/postgresql-bundle/.tox/integration/lib/python3.12/site-packages/pluggy/_manager.py\", line 120, in _hookexec\n    return self._inner_hookexec(hook_name, methods, kwargs, firstresult)\n           ^^^^^^^^^^^^^^^^^^^^^^^^^^^^^^^^^^^^^^^^^^^^^^^^^^^^^^^^^^^^^\n  File \"/home/runner/work/postgresql-bundle/postgresql-bundle/.tox/integration/lib/python3.12/site-packages/pluggy/_callers.py\", line 167, in _multicall\n    raise exception\n  File \"/home/runner/work/postgresql-bundle/postgresql-bundle/.tox/integration/lib/python3.12/site-packages/pluggy/_callers.py\", line 139, in _multicall\n    teardown.throw(exception)\n  File \"/home/runner/work/postgresql-bundle/postgresql-bundle/.tox/integration/lib/python3.12/site-packages/_pytest/logging.py\", line 850, in pytest_runtest_call\n    yield\n  File \"/home/runner/work/postgresql-bundle/postgresql-bundle/.tox/integration/lib/python3.12/site-packages/pluggy/_callers.py\", line 139, in _multicall\n    teardown.throw(exception)\n  File \"/home/runner/work/postgresql-bundle/postgresql-bundle/.tox/integration/lib/python3.12/site-packages/pluggy/_callers.py\", line 53, in run_old_style_hookwrapper\n    return result.get_result()\n           ^^^^^^^^^^^^^^^^^^^\n  File \"/home/runner/work/postgresql-bundle/postgresql-bundle/.tox/integration/lib/python3.12/site-packages/pluggy/_result.py\", line 103, in get_result\n    raise exc.with_traceback(tb)\n  File \"/home/runner/work/postgresql-bundle/postgresql-bundle/.tox/integration/lib/python3.12/site-packages/pluggy/_callers.py\", line 38, in run_old_style_hookwrapper\n    res = yield\n          ^^^^^\n  File \"/home/runner/work/postgresql-bundle/postgresql-bundle/.tox/integration/lib/python3.12/site-packages/pluggy/_callers.py\", line 139, in _multicall\n    teardown.throw(exception)\n  File \"/home/runner/work/postgresql-bundle/postgresql-bundle/.tox/integration/lib/python3.12/site-packages/_pytest/capture.py\", line 900, in pytest_runtest_call\n    return (yield)\n            ^^^^^\n  File \"/home/runner/work/postgresql-bundle/postgresql-bundle/.tox/integration/lib/python3.12/site-packages/pluggy/_callers.py\", line 139, in _multicall\n    teardown.throw(exception)\n  File \"/home/runner/work/postgresql-bundle/postgresql-bundle/.tox/integration/lib/python3.12/site-packages/_pytest/skipping.py\", line 268, in pytest_runtest_call\n    return (yield)\n            ^^^^^\n  File \"/home/runner/work/postgresql-bundle/postgresql-bundle/.tox/integration/lib/python3.12/site-packages/pluggy/_callers.py\", line 121, in _multicall\n    res = hook_impl.function(*args)\n          ^^^^^^^^^^^^^^^^^^^^^^^^^\n  File \"/home/runner/work/postgresql-bundle/postgresql-bundle/.tox/integration/lib/python3.12/site-packages/_pytest/runner.py\", line 179, in pytest_runtest_call\n    item.runtest()\n  File \"/home/runner/work/postgresql-bundle/postgresql-bundle/.tox/integration/lib/python3.12/site-packages/_pytest/python.py\", line 1720, in runtest\n    self.ihook.pytest_pyfunc_call(pyfuncitem=self)\n  File \"/home/runner/work/postgresql-bundle/postgresql-bundle/.tox/integration/lib/python3.12/site-packages/pluggy/_hooks.py\", line 512, in __call__\n    return self._hookexec(self.name, self._hookimpls.copy(), kwargs, firstresult)\n           ^^^^^^^^^^^^^^^^^^^^^^^^^^^^^^^^^^^^^^^^^^^^^^^^^^^^^^^^^^^^^^^^^^^^^^\n  File \"/home/runner/work/postgresql-bundle/postgresql-bundle/.tox/integration/lib/python3.12/site-packages/pluggy/_manager.py\", line 120, in _hookexec\n    return self._inner_hookexec(hook_name, methods, kwargs, firstresult)\n           ^^^^^^^^^^^^^^^^^^^^^^^^^^^^^^^^^^^^^^^^^^^^^^^^^^^^^^^^^^^^^\n  File \"/home/runner/work/postgresql-bundle/postgresql-bundle/.tox/integration/lib/python3.12/site-packages/pluggy/_callers.py\", line 167, in _multicall\n    raise exception\n  File \"/home/runner/work/postgresql-bundle/postgresql-bundle/.tox/integration/lib/python3.12/site-packages/pluggy/_callers.py\", line 139, in _multicall\n    teardown.throw(exception)\n  File \"/home/runner/work/postgresql-bundle/postgresql-bundle/.tox/integration/lib/python3.12/site-packages/pluggy/_callers.py\", line 53, in run_old_style_hookwrapper\n    return result.get_result()\n           ^^^^^^^^^^^^^^^^^^^\n  File \"/home/runner/work/postgresql-bundle/postgresql-bundle/.tox/integration/lib/python3.12/site-packages/pluggy/_result.py\", line 103, in get_result\n    raise exc.with_traceback(tb)\n  File \"/home/runner/work/postgresql-bundle/postgresql-bundle/.tox/integration/lib/python3.12/site-packages/pluggy/_callers.py\", line 38, in run_old_style_hookwrapper\n    res = yield\n          ^^^^^\n  File \"/home/runner/work/postgresql-bundle/postgresql-bundle/.tox/integration/lib/python3.12/site-packages/pluggy/_callers.py\", line 121, in _multicall\n    res = hook_impl.function(*args)\n          ^^^^^^^^^^^^^^^^^^^^^^^^^\n  File \"/home/runner/work/postgresql-bundle/postgresql-bundle/.tox/integration/lib/python3.12/site-packages/_pytest/python.py\", line 166, in pytest_pyfunc_call\n    result = testfunction(**testargs)\n             ^^^^^^^^^^^^^^^^^^^^^^^^\n  File \"/home/runner/work/postgresql-bundle/postgresql-bundle/.tox/integration/lib/python3.12/site-packages/pytest_asyncio/plugin.py\", line 529, in inner\n    _loop.run_until_complete(task)\n  File \"/usr/lib/python3.12/asyncio/base_events.py\", line 687, in run_until_complete\n    return future.result()\n           ^^^^^^^^^^^^^^^\n  File \"/home/runner/work/postgresql-bundle/postgresql-bundle/tests/integration/test_smoke.py\", line 36, in test_setup\n    await ops_test.model.wait_for_idle(\n  File \"/home/runner/work/postgresql-bundle/postgresql-bundle/.tox/integration/lib/python3.12/site-packages/juju/model/__init__.py\", line 3250, in wait_for_idle\n    raise asyncio.TimeoutError(\nTimeoutError: Timed out waiting for model:\n  postgresql/0 [executing] active: Primary (degraded)\n  postgresql/1 [executing] waiting: waiting to start PostgreSQL","flaky":false,"newFailed":false,"newBroken":true,"newPassed":false,"retriesCount":1,"retriesStatusChange":true,"beforeStages":[{"name":"event_loop","time":{"start":1764638642065,"stop":1764638642066,"duration":1},"status":"passed","steps":[],"attachments":[],"parameters":[],"shouldDisplayMessage":false,"stepsCount":0,"attachmentsCount":0,"hasContent":false,"attachmentStep":false},{"name":"tmp_path_factory","time":{"start":1764638642066,"stop":1764638642066,"duration":0},"status":"passed","steps":[],"attachments":[],"parameters":[],"shouldDisplayMessage":false,"stepsCount":0,"attachmentsCount":0,"hasContent":false,"attachmentStep":false},{"name":"ops_test","time":{"start":1764638642066,"stop":1764638642215,"duration":149},"status":"passed","steps":[],"attachments":[],"parameters":[],"shouldDisplayMessage":false,"stepsCount":0,"attachmentsCount":0,"hasContent":false,"attachmentStep":false},{"name":"abort_on_fail","time":{"start":1764638642216,"stop":1764638642216,"duration":0},"status":"passed","steps":[],"attachments":[],"parameters":[],"shouldDisplayMessage":false,"stepsCount":0,"attachmentsCount":0,"hasContent":false,"attachmentStep":false}],"testStage":{"status":"broken","statusMessage":"TimeoutError: Timed out waiting for model:\n  postgresql/0 [executing] active: Primary (degraded)\n  postgresql/1 [executing] waiting: waiting to start PostgreSQL","statusTrace":"Traceback (most recent call last):\n  File \"/home/runner/work/postgresql-bundle/postgresql-bundle/.tox/integration/lib/python3.12/site-packages/_pytest/runner.py\", line 353, in from_call\n    result: TResult | None = func()\n                             ^^^^^^\n  File \"/home/runner/work/postgresql-bundle/postgresql-bundle/.tox/integration/lib/python3.12/site-packages/_pytest/runner.py\", line 245, in <lambda>\n    lambda: runtest_hook(item=item, **kwds),\n            ^^^^^^^^^^^^^^^^^^^^^^^^^^^^^^^\n  File \"/home/runner/work/postgresql-bundle/postgresql-bundle/.tox/integration/lib/python3.12/site-packages/pluggy/_hooks.py\", line 512, in __call__\n    return self._hookexec(self.name, self._hookimpls.copy(), kwargs, firstresult)\n           ^^^^^^^^^^^^^^^^^^^^^^^^^^^^^^^^^^^^^^^^^^^^^^^^^^^^^^^^^^^^^^^^^^^^^^\n  File \"/home/runner/work/postgresql-bundle/postgresql-bundle/.tox/integration/lib/python3.12/site-packages/pluggy/_manager.py\", line 120, in _hookexec\n    return self._inner_hookexec(hook_name, methods, kwargs, firstresult)\n           ^^^^^^^^^^^^^^^^^^^^^^^^^^^^^^^^^^^^^^^^^^^^^^^^^^^^^^^^^^^^^\n  File \"/home/runner/work/postgresql-bundle/postgresql-bundle/.tox/integration/lib/python3.12/site-packages/pluggy/_callers.py\", line 167, in _multicall\n    raise exception\n  File \"/home/runner/work/postgresql-bundle/postgresql-bundle/.tox/integration/lib/python3.12/site-packages/pluggy/_callers.py\", line 139, in _multicall\n    teardown.throw(exception)\n  File \"/home/runner/work/postgresql-bundle/postgresql-bundle/.tox/integration/lib/python3.12/site-packages/_pytest/logging.py\", line 850, in pytest_runtest_call\n    yield\n  File \"/home/runner/work/postgresql-bundle/postgresql-bundle/.tox/integration/lib/python3.12/site-packages/pluggy/_callers.py\", line 139, in _multicall\n    teardown.throw(exception)\n  File \"/home/runner/work/postgresql-bundle/postgresql-bundle/.tox/integration/lib/python3.12/site-packages/pluggy/_callers.py\", line 53, in run_old_style_hookwrapper\n    return result.get_result()\n           ^^^^^^^^^^^^^^^^^^^\n  File \"/home/runner/work/postgresql-bundle/postgresql-bundle/.tox/integration/lib/python3.12/site-packages/pluggy/_result.py\", line 103, in get_result\n    raise exc.with_traceback(tb)\n  File \"/home/runner/work/postgresql-bundle/postgresql-bundle/.tox/integration/lib/python3.12/site-packages/pluggy/_callers.py\", line 38, in run_old_style_hookwrapper\n    res = yield\n          ^^^^^\n  File \"/home/runner/work/postgresql-bundle/postgresql-bundle/.tox/integration/lib/python3.12/site-packages/pluggy/_callers.py\", line 139, in _multicall\n    teardown.throw(exception)\n  File \"/home/runner/work/postgresql-bundle/postgresql-bundle/.tox/integration/lib/python3.12/site-packages/_pytest/capture.py\", line 900, in pytest_runtest_call\n    return (yield)\n            ^^^^^\n  File \"/home/runner/work/postgresql-bundle/postgresql-bundle/.tox/integration/lib/python3.12/site-packages/pluggy/_callers.py\", line 139, in _multicall\n    teardown.throw(exception)\n  File \"/home/runner/work/postgresql-bundle/postgresql-bundle/.tox/integration/lib/python3.12/site-packages/_pytest/skipping.py\", line 268, in pytest_runtest_call\n    return (yield)\n            ^^^^^\n  File \"/home/runner/work/postgresql-bundle/postgresql-bundle/.tox/integration/lib/python3.12/site-packages/pluggy/_callers.py\", line 121, in _multicall\n    res = hook_impl.function(*args)\n          ^^^^^^^^^^^^^^^^^^^^^^^^^\n  File \"/home/runner/work/postgresql-bundle/postgresql-bundle/.tox/integration/lib/python3.12/site-packages/_pytest/runner.py\", line 179, in pytest_runtest_call\n    item.runtest()\n  File \"/home/runner/work/postgresql-bundle/postgresql-bundle/.tox/integration/lib/python3.12/site-packages/_pytest/python.py\", line 1720, in runtest\n    self.ihook.pytest_pyfunc_call(pyfuncitem=self)\n  File \"/home/runner/work/postgresql-bundle/postgresql-bundle/.tox/integration/lib/python3.12/site-packages/pluggy/_hooks.py\", line 512, in __call__\n    return self._hookexec(self.name, self._hookimpls.copy(), kwargs, firstresult)\n           ^^^^^^^^^^^^^^^^^^^^^^^^^^^^^^^^^^^^^^^^^^^^^^^^^^^^^^^^^^^^^^^^^^^^^^\n  File \"/home/runner/work/postgresql-bundle/postgresql-bundle/.tox/integration/lib/python3.12/site-packages/pluggy/_manager.py\", line 120, in _hookexec\n    return self._inner_hookexec(hook_name, methods, kwargs, firstresult)\n           ^^^^^^^^^^^^^^^^^^^^^^^^^^^^^^^^^^^^^^^^^^^^^^^^^^^^^^^^^^^^^\n  File \"/home/runner/work/postgresql-bundle/postgresql-bundle/.tox/integration/lib/python3.12/site-packages/pluggy/_callers.py\", line 167, in _multicall\n    raise exception\n  File \"/home/runner/work/postgresql-bundle/postgresql-bundle/.tox/integration/lib/python3.12/site-packages/pluggy/_callers.py\", line 139, in _multicall\n    teardown.throw(exception)\n  File \"/home/runner/work/postgresql-bundle/postgresql-bundle/.tox/integration/lib/python3.12/site-packages/pluggy/_callers.py\", line 53, in run_old_style_hookwrapper\n    return result.get_result()\n           ^^^^^^^^^^^^^^^^^^^\n  File \"/home/runner/work/postgresql-bundle/postgresql-bundle/.tox/integration/lib/python3.12/site-packages/pluggy/_result.py\", line 103, in get_result\n    raise exc.with_traceback(tb)\n  File \"/home/runner/work/postgresql-bundle/postgresql-bundle/.tox/integration/lib/python3.12/site-packages/pluggy/_callers.py\", line 38, in run_old_style_hookwrapper\n    res = yield\n          ^^^^^\n  File \"/home/runner/work/postgresql-bundle/postgresql-bundle/.tox/integration/lib/python3.12/site-packages/pluggy/_callers.py\", line 121, in _multicall\n    res = hook_impl.function(*args)\n          ^^^^^^^^^^^^^^^^^^^^^^^^^\n  File \"/home/runner/work/postgresql-bundle/postgresql-bundle/.tox/integration/lib/python3.12/site-packages/_pytest/python.py\", line 166, in pytest_pyfunc_call\n    result = testfunction(**testargs)\n             ^^^^^^^^^^^^^^^^^^^^^^^^\n  File \"/home/runner/work/postgresql-bundle/postgresql-bundle/.tox/integration/lib/python3.12/site-packages/pytest_asyncio/plugin.py\", line 529, in inner\n    _loop.run_until_complete(task)\n  File \"/usr/lib/python3.12/asyncio/base_events.py\", line 687, in run_until_complete\n    return future.result()\n           ^^^^^^^^^^^^^^^\n  File \"/home/runner/work/postgresql-bundle/postgresql-bundle/tests/integration/test_smoke.py\", line 36, in test_setup\n    await ops_test.model.wait_for_idle(\n  File \"/home/runner/work/postgresql-bundle/postgresql-bundle/.tox/integration/lib/python3.12/site-packages/juju/model/__init__.py\", line 3250, in wait_for_idle\n    raise asyncio.TimeoutError(\nTimeoutError: Timed out waiting for model:\n  postgresql/0 [executing] active: Primary (degraded)\n  postgresql/1 [executing] waiting: waiting to start PostgreSQL","steps":[],"attachments":[{"uid":"1ac42bf19c9f9bd1","name":"log","source":"1ac42bf19c9f9bd1.txt","type":"text/plain","size":68062}],"parameters":[],"shouldDisplayMessage":true,"stepsCount":0,"attachmentsCount":1,"hasContent":true,"attachmentStep":false},"afterStages":[{"name":"abort_on_fail::0","time":{"start":1764641660115,"stop":1764641660115,"duration":0},"status":"passed","steps":[],"attachments":[],"parameters":[],"shouldDisplayMessage":false,"stepsCount":0,"attachmentsCount":0,"hasContent":false,"attachmentStep":false},{"name":"ops_test::finalizer","time":{"start":1764641660119,"stop":1764641665296,"duration":5177},"status":"passed","steps":[],"attachments":[],"parameters":[],"shouldDisplayMessage":false,"stepsCount":0,"attachmentsCount":0,"hasContent":false,"attachmentStep":false},{"name":"event_loop::2","time":{"start":1764641665297,"stop":1764641665297,"duration":0},"status":"passed","steps":[],"attachments":[],"parameters":[],"shouldDisplayMessage":false,"stepsCount":0,"attachmentsCount":0,"hasContent":false,"attachmentStep":false},{"name":"event_loop::_close_event_loop","time":{"start":1764641665297,"stop":1764641665297,"duration":0},"status":"passed","steps":[],"attachments":[],"parameters":[],"shouldDisplayMessage":false,"stepsCount":0,"attachmentsCount":0,"hasContent":false,"attachmentStep":false},{"name":"event_loop::_provide_clean_event_loop","time":{"start":1764641665297,"stop":1764641665297,"duration":0},"status":"passed","steps":[],"attachments":[],"parameters":[],"shouldDisplayMessage":false,"stepsCount":0,"attachmentsCount":0,"hasContent":false,"attachmentStep":false}],"labels":[{"name":"tag","value":"abort_on_fail"},{"name":"tag","value":"asyncio"},{"name":"parentSuite","value":"tests.integration"},{"name":"suite","value":"test_smoke"},{"name":"host","value":"runnervmg1sw1"},{"name":"thread","value":"9590-MainThread"},{"name":"framework","value":"pytest"},{"name":"language","value":"cpython3"},{"name":"package","value":"tests.integration.test_smoke"},{"name":"resultFormat","value":"allure2"}],"parameters":[],"links":[],"hidden":false,"retry":false,"extra":{"severity":"normal","retries":[{"uid":"70be021c8f8466db","status":"unknown","time":{}}],"categories":[{"name":"Test defects","matchedStatuses":[]}],"history":{"statistic":{"failed":0,"broken":70,"skipped":0,"passed":426,"unknown":21,"total":517},"items":[{"uid":"93208e05731c2671","reportUrl":"../2486//#testresult/93208e05731c2671","status":"passed","time":{"start":1764552258438,"stop":1764553286300,"duration":1027862}},{"uid":"97aa5c88566daeb7","reportUrl":"../2485//#testresult/97aa5c88566daeb7","status":"passed","time":{"start":1764465840225,"stop":1764467007504,"duration":1167279}},{"uid":"c7f63c19ff1a9bb9","reportUrl":"../2484//#testresult/c7f63c19ff1a9bb9","status":"passed","time":{"start":1764379413051,"stop":1764380562610,"duration":1149559}},{"uid":"86fb5a6e79ba535f","reportUrl":"../2483//#testresult/86fb5a6e79ba535f","status":"passed","time":{"start":1764293062060,"stop":1764294225782,"duration":1163722}},{"uid":"ffd95db29f2f049f","reportUrl":"../2481//#testresult/ffd95db29f2f049f","status":"passed","time":{"start":1764206647310,"stop":1764207871293,"duration":1223983}},{"uid":"27ac19d64c14594c","reportUrl":"../2479//#testresult/27ac19d64c14594c","status":"passed","time":{"start":1764120222282,"stop":1764121376920,"duration":1154638}},{"uid":"784bb7f5ab179fc6","reportUrl":"../2472//#testresult/784bb7f5ab179fc6","status":"unknown","time":{}},{"uid":"371931135ceffcca","reportUrl":"../2470//#testresult/371931135ceffcca","status":"passed","time":{"start":1763947440018,"stop":1763948635115,"duration":1195097}},{"uid":"ab7bd990652e65df","reportUrl":"../2468//#testresult/ab7bd990652e65df","status":"passed","time":{"start":1763861099447,"stop":1763862419466,"duration":1320019}},{"uid":"e6c625614aff3d8d","reportUrl":"../2466//#testresult/e6c625614aff3d8d","status":"passed","time":{"start":1763774649850,"stop":1763775786824,"duration":1136974}},{"uid":"ce4f4e5b51c359f4","reportUrl":"../2464//#testresult/ce4f4e5b51c359f4","status":"passed","time":{"start":1763688222787,"stop":1763689409018,"duration":1186231}},{"uid":"2f3d98a74a9fb432","reportUrl":"../2463//#testresult/2f3d98a74a9fb432","status":"passed","time":{"start":1763601849420,"stop":1763602975151,"duration":1125731}},{"uid":"f6bfb3c87e3592ad","reportUrl":"../2462//#testresult/f6bfb3c87e3592ad","status":"passed","time":{"start":1763515459395,"stop":1763516632232,"duration":1172837}},{"uid":"91ef6eb4a2e599a8","reportUrl":"../2460//#testresult/91ef6eb4a2e599a8","status":"broken","statusDetails":"TimeoutError: Timed out waiting for model:\n  postgresql/0 [executing] active: Primary (degraded)\n  postgresql/1 [idle] waiting: waiting to start PostgreSQL","time":{"start":1763429147270,"stop":1763432167368,"duration":3020098}},{"uid":"539d3efee95a9fa","reportUrl":"../2459//#testresult/539d3efee95a9fa","status":"passed","time":{"start":1763342650761,"stop":1763343625518,"duration":974757}},{"uid":"b5b772d98030ece5","reportUrl":"../2458//#testresult/b5b772d98030ece5","status":"passed","time":{"start":1763256282694,"stop":1763257407560,"duration":1124866}},{"uid":"1f2c6665e9e5d95c","reportUrl":"../2457//#testresult/1f2c6665e9e5d95c","status":"passed","time":{"start":1763169830671,"stop":1763171052714,"duration":1222043}},{"uid":"e696a21d943560b8","reportUrl":"../2456//#testresult/e696a21d943560b8","status":"passed","time":{"start":1763083445583,"stop":1763084603493,"duration":1157910}},{"uid":"bb8bb7881d444289","reportUrl":"../2453//#testresult/bb8bb7881d444289","status":"passed","time":{"start":1762997040436,"stop":1762998278520,"duration":1238084}},{"uid":"3c9a9f6d9f90c9b5","reportUrl":"../2449//#testresult/3c9a9f6d9f90c9b5","status":"passed","time":{"start":1762910670366,"stop":1762911910246,"duration":1239880}}]},"tags":["asyncio","abort_on_fail"]},"source":"982e2e69e51ad687.json","parameterValues":[]}