{"uid":"e1ff5e80d0893a38","name":"test_setup","fullName":"tests.integration.test_smoke#test_setup","historyId":"d623373ae070a62cab8e4b2f9dd522ae","time":{"start":1769650059959,"stop":1769653080638,"duration":3020679},"status":"broken","statusMessage":"TimeoutError: Timed out waiting for model:\n  pgbouncer-test-app/0 [idle] active: \n  postgresql/0 [executing] maintenance: reconfiguring cluster\n  postgresql/1 [idle] waiting: waiting to start PostgreSQL","statusTrace":"Traceback (most recent call last):\n  File \"/home/runner/work/postgresql-bundle/postgresql-bundle/.tox/integration/lib/python3.12/site-packages/_pytest/runner.py\", line 353, in from_call\n    result: TResult | None = func()\n                             ^^^^^^\n  File \"/home/runner/work/postgresql-bundle/postgresql-bundle/.tox/integration/lib/python3.12/site-packages/_pytest/runner.py\", line 245, in <lambda>\n    lambda: runtest_hook(item=item, **kwds),\n            ^^^^^^^^^^^^^^^^^^^^^^^^^^^^^^^\n  File \"/home/runner/work/postgresql-bundle/postgresql-bundle/.tox/integration/lib/python3.12/site-packages/pluggy/_hooks.py\", line 512, in __call__\n    return self._hookexec(self.name, self._hookimpls.copy(), kwargs, firstresult)\n           ^^^^^^^^^^^^^^^^^^^^^^^^^^^^^^^^^^^^^^^^^^^^^^^^^^^^^^^^^^^^^^^^^^^^^^\n  File \"/home/runner/work/postgresql-bundle/postgresql-bundle/.tox/integration/lib/python3.12/site-packages/pluggy/_manager.py\", line 120, in _hookexec\n    return self._inner_hookexec(hook_name, methods, kwargs, firstresult)\n           ^^^^^^^^^^^^^^^^^^^^^^^^^^^^^^^^^^^^^^^^^^^^^^^^^^^^^^^^^^^^^\n  File \"/home/runner/work/postgresql-bundle/postgresql-bundle/.tox/integration/lib/python3.12/site-packages/pluggy/_callers.py\", line 167, in _multicall\n    raise exception\n  File \"/home/runner/work/postgresql-bundle/postgresql-bundle/.tox/integration/lib/python3.12/site-packages/pluggy/_callers.py\", line 139, in _multicall\n    teardown.throw(exception)\n  File \"/home/runner/work/postgresql-bundle/postgresql-bundle/.tox/integration/lib/python3.12/site-packages/_pytest/logging.py\", line 850, in pytest_runtest_call\n    yield\n  File \"/home/runner/work/postgresql-bundle/postgresql-bundle/.tox/integration/lib/python3.12/site-packages/pluggy/_callers.py\", line 139, in _multicall\n    teardown.throw(exception)\n  File \"/home/runner/work/postgresql-bundle/postgresql-bundle/.tox/integration/lib/python3.12/site-packages/pluggy/_callers.py\", line 53, in run_old_style_hookwrapper\n    return result.get_result()\n           ^^^^^^^^^^^^^^^^^^^\n  File \"/home/runner/work/postgresql-bundle/postgresql-bundle/.tox/integration/lib/python3.12/site-packages/pluggy/_result.py\", line 103, in get_result\n    raise exc.with_traceback(tb)\n  File \"/home/runner/work/postgresql-bundle/postgresql-bundle/.tox/integration/lib/python3.12/site-packages/pluggy/_callers.py\", line 38, in run_old_style_hookwrapper\n    res = yield\n          ^^^^^\n  File \"/home/runner/work/postgresql-bundle/postgresql-bundle/.tox/integration/lib/python3.12/site-packages/pluggy/_callers.py\", line 139, in _multicall\n    teardown.throw(exception)\n  File \"/home/runner/work/postgresql-bundle/postgresql-bundle/.tox/integration/lib/python3.12/site-packages/_pytest/capture.py\", line 900, in pytest_runtest_call\n    return (yield)\n            ^^^^^\n  File \"/home/runner/work/postgresql-bundle/postgresql-bundle/.tox/integration/lib/python3.12/site-packages/pluggy/_callers.py\", line 139, in _multicall\n    teardown.throw(exception)\n  File \"/home/runner/work/postgresql-bundle/postgresql-bundle/.tox/integration/lib/python3.12/site-packages/_pytest/skipping.py\", line 268, in pytest_runtest_call\n    return (yield)\n            ^^^^^\n  File \"/home/runner/work/postgresql-bundle/postgresql-bundle/.tox/integration/lib/python3.12/site-packages/pluggy/_callers.py\", line 121, in _multicall\n    res = hook_impl.function(*args)\n          ^^^^^^^^^^^^^^^^^^^^^^^^^\n  File \"/home/runner/work/postgresql-bundle/postgresql-bundle/.tox/integration/lib/python3.12/site-packages/_pytest/runner.py\", line 179, in pytest_runtest_call\n    item.runtest()\n  File \"/home/runner/work/postgresql-bundle/postgresql-bundle/.tox/integration/lib/python3.12/site-packages/_pytest/python.py\", line 1720, in runtest\n    self.ihook.pytest_pyfunc_call(pyfuncitem=self)\n  File \"/home/runner/work/postgresql-bundle/postgresql-bundle/.tox/integration/lib/python3.12/site-packages/pluggy/_hooks.py\", line 512, in __call__\n    return self._hookexec(self.name, self._hookimpls.copy(), kwargs, firstresult)\n           ^^^^^^^^^^^^^^^^^^^^^^^^^^^^^^^^^^^^^^^^^^^^^^^^^^^^^^^^^^^^^^^^^^^^^^\n  File \"/home/runner/work/postgresql-bundle/postgresql-bundle/.tox/integration/lib/python3.12/site-packages/pluggy/_manager.py\", line 120, in _hookexec\n    return self._inner_hookexec(hook_name, methods, kwargs, firstresult)\n           ^^^^^^^^^^^^^^^^^^^^^^^^^^^^^^^^^^^^^^^^^^^^^^^^^^^^^^^^^^^^^\n  File \"/home/runner/work/postgresql-bundle/postgresql-bundle/.tox/integration/lib/python3.12/site-packages/pluggy/_callers.py\", line 167, in _multicall\n    raise exception\n  File \"/home/runner/work/postgresql-bundle/postgresql-bundle/.tox/integration/lib/python3.12/site-packages/pluggy/_callers.py\", line 139, in _multicall\n    teardown.throw(exception)\n  File \"/home/runner/work/postgresql-bundle/postgresql-bundle/.tox/integration/lib/python3.12/site-packages/pluggy/_callers.py\", line 53, in run_old_style_hookwrapper\n    return result.get_result()\n           ^^^^^^^^^^^^^^^^^^^\n  File \"/home/runner/work/postgresql-bundle/postgresql-bundle/.tox/integration/lib/python3.12/site-packages/pluggy/_result.py\", line 103, in get_result\n    raise exc.with_traceback(tb)\n  File \"/home/runner/work/postgresql-bundle/postgresql-bundle/.tox/integration/lib/python3.12/site-packages/pluggy/_callers.py\", line 38, in run_old_style_hookwrapper\n    res = yield\n          ^^^^^\n  File \"/home/runner/work/postgresql-bundle/postgresql-bundle/.tox/integration/lib/python3.12/site-packages/pluggy/_callers.py\", line 121, in _multicall\n    res = hook_impl.function(*args)\n          ^^^^^^^^^^^^^^^^^^^^^^^^^\n  File \"/home/runner/work/postgresql-bundle/postgresql-bundle/.tox/integration/lib/python3.12/site-packages/_pytest/python.py\", line 166, in pytest_pyfunc_call\n    result = testfunction(**testargs)\n             ^^^^^^^^^^^^^^^^^^^^^^^^\n  File \"/home/runner/work/postgresql-bundle/postgresql-bundle/.tox/integration/lib/python3.12/site-packages/pytest_asyncio/plugin.py\", line 529, in inner\n    _loop.run_until_complete(task)\n  File \"/usr/lib/python3.12/asyncio/base_events.py\", line 687, in run_until_complete\n    return future.result()\n           ^^^^^^^^^^^^^^^\n  File \"/home/runner/work/postgresql-bundle/postgresql-bundle/tests/integration/test_smoke.py\", line 36, in test_setup\n    await ops_test.model.wait_for_idle(\n  File \"/home/runner/work/postgresql-bundle/postgresql-bundle/.tox/integration/lib/python3.12/site-packages/juju/model/__init__.py\", line 3250, in wait_for_idle\n    raise asyncio.TimeoutError(\nTimeoutError: Timed out waiting for model:\n  pgbouncer-test-app/0 [idle] active: \n  postgresql/0 [executing] maintenance: reconfiguring cluster\n  postgresql/1 [idle] waiting: waiting to start PostgreSQL","flaky":false,"newFailed":false,"newBroken":true,"newPassed":false,"retriesCount":1,"retriesStatusChange":true,"beforeStages":[{"name":"tmp_path_factory","time":{"start":1769650059760,"stop":1769650059760,"duration":0},"status":"passed","steps":[],"attachments":[],"parameters":[],"shouldDisplayMessage":false,"stepsCount":0,"attachmentsCount":0,"hasContent":false,"attachmentStep":false},{"name":"ops_test","time":{"start":1769650059760,"stop":1769650059958,"duration":198},"status":"passed","steps":[],"attachments":[],"parameters":[],"shouldDisplayMessage":false,"stepsCount":0,"attachmentsCount":0,"hasContent":false,"attachmentStep":false},{"name":"event_loop","time":{"start":1769650059760,"stop":1769650059760,"duration":0},"status":"passed","steps":[],"attachments":[],"parameters":[],"shouldDisplayMessage":false,"stepsCount":0,"attachmentsCount":0,"hasContent":false,"attachmentStep":false},{"name":"abort_on_fail","time":{"start":1769650059958,"stop":1769650059958,"duration":0},"status":"passed","steps":[],"attachments":[],"parameters":[],"shouldDisplayMessage":false,"stepsCount":0,"attachmentsCount":0,"hasContent":false,"attachmentStep":false}],"testStage":{"status":"broken","statusMessage":"TimeoutError: Timed out waiting for model:\n  pgbouncer-test-app/0 [idle] active: \n  postgresql/0 [executing] maintenance: reconfiguring cluster\n  postgresql/1 [idle] waiting: waiting to start PostgreSQL","statusTrace":"Traceback (most recent call last):\n  File \"/home/runner/work/postgresql-bundle/postgresql-bundle/.tox/integration/lib/python3.12/site-packages/_pytest/runner.py\", line 353, in from_call\n    result: TResult | None = func()\n                             ^^^^^^\n  File \"/home/runner/work/postgresql-bundle/postgresql-bundle/.tox/integration/lib/python3.12/site-packages/_pytest/runner.py\", line 245, in <lambda>\n    lambda: runtest_hook(item=item, **kwds),\n            ^^^^^^^^^^^^^^^^^^^^^^^^^^^^^^^\n  File \"/home/runner/work/postgresql-bundle/postgresql-bundle/.tox/integration/lib/python3.12/site-packages/pluggy/_hooks.py\", line 512, in __call__\n    return self._hookexec(self.name, self._hookimpls.copy(), kwargs, firstresult)\n           ^^^^^^^^^^^^^^^^^^^^^^^^^^^^^^^^^^^^^^^^^^^^^^^^^^^^^^^^^^^^^^^^^^^^^^\n  File \"/home/runner/work/postgresql-bundle/postgresql-bundle/.tox/integration/lib/python3.12/site-packages/pluggy/_manager.py\", line 120, in _hookexec\n    return self._inner_hookexec(hook_name, methods, kwargs, firstresult)\n           ^^^^^^^^^^^^^^^^^^^^^^^^^^^^^^^^^^^^^^^^^^^^^^^^^^^^^^^^^^^^^\n  File \"/home/runner/work/postgresql-bundle/postgresql-bundle/.tox/integration/lib/python3.12/site-packages/pluggy/_callers.py\", line 167, in _multicall\n    raise exception\n  File \"/home/runner/work/postgresql-bundle/postgresql-bundle/.tox/integration/lib/python3.12/site-packages/pluggy/_callers.py\", line 139, in _multicall\n    teardown.throw(exception)\n  File \"/home/runner/work/postgresql-bundle/postgresql-bundle/.tox/integration/lib/python3.12/site-packages/_pytest/logging.py\", line 850, in pytest_runtest_call\n    yield\n  File \"/home/runner/work/postgresql-bundle/postgresql-bundle/.tox/integration/lib/python3.12/site-packages/pluggy/_callers.py\", line 139, in _multicall\n    teardown.throw(exception)\n  File \"/home/runner/work/postgresql-bundle/postgresql-bundle/.tox/integration/lib/python3.12/site-packages/pluggy/_callers.py\", line 53, in run_old_style_hookwrapper\n    return result.get_result()\n           ^^^^^^^^^^^^^^^^^^^\n  File \"/home/runner/work/postgresql-bundle/postgresql-bundle/.tox/integration/lib/python3.12/site-packages/pluggy/_result.py\", line 103, in get_result\n    raise exc.with_traceback(tb)\n  File \"/home/runner/work/postgresql-bundle/postgresql-bundle/.tox/integration/lib/python3.12/site-packages/pluggy/_callers.py\", line 38, in run_old_style_hookwrapper\n    res = yield\n          ^^^^^\n  File \"/home/runner/work/postgresql-bundle/postgresql-bundle/.tox/integration/lib/python3.12/site-packages/pluggy/_callers.py\", line 139, in _multicall\n    teardown.throw(exception)\n  File \"/home/runner/work/postgresql-bundle/postgresql-bundle/.tox/integration/lib/python3.12/site-packages/_pytest/capture.py\", line 900, in pytest_runtest_call\n    return (yield)\n            ^^^^^\n  File \"/home/runner/work/postgresql-bundle/postgresql-bundle/.tox/integration/lib/python3.12/site-packages/pluggy/_callers.py\", line 139, in _multicall\n    teardown.throw(exception)\n  File \"/home/runner/work/postgresql-bundle/postgresql-bundle/.tox/integration/lib/python3.12/site-packages/_pytest/skipping.py\", line 268, in pytest_runtest_call\n    return (yield)\n            ^^^^^\n  File \"/home/runner/work/postgresql-bundle/postgresql-bundle/.tox/integration/lib/python3.12/site-packages/pluggy/_callers.py\", line 121, in _multicall\n    res = hook_impl.function(*args)\n          ^^^^^^^^^^^^^^^^^^^^^^^^^\n  File \"/home/runner/work/postgresql-bundle/postgresql-bundle/.tox/integration/lib/python3.12/site-packages/_pytest/runner.py\", line 179, in pytest_runtest_call\n    item.runtest()\n  File \"/home/runner/work/postgresql-bundle/postgresql-bundle/.tox/integration/lib/python3.12/site-packages/_pytest/python.py\", line 1720, in runtest\n    self.ihook.pytest_pyfunc_call(pyfuncitem=self)\n  File \"/home/runner/work/postgresql-bundle/postgresql-bundle/.tox/integration/lib/python3.12/site-packages/pluggy/_hooks.py\", line 512, in __call__\n    return self._hookexec(self.name, self._hookimpls.copy(), kwargs, firstresult)\n           ^^^^^^^^^^^^^^^^^^^^^^^^^^^^^^^^^^^^^^^^^^^^^^^^^^^^^^^^^^^^^^^^^^^^^^\n  File \"/home/runner/work/postgresql-bundle/postgresql-bundle/.tox/integration/lib/python3.12/site-packages/pluggy/_manager.py\", line 120, in _hookexec\n    return self._inner_hookexec(hook_name, methods, kwargs, firstresult)\n           ^^^^^^^^^^^^^^^^^^^^^^^^^^^^^^^^^^^^^^^^^^^^^^^^^^^^^^^^^^^^^\n  File \"/home/runner/work/postgresql-bundle/postgresql-bundle/.tox/integration/lib/python3.12/site-packages/pluggy/_callers.py\", line 167, in _multicall\n    raise exception\n  File \"/home/runner/work/postgresql-bundle/postgresql-bundle/.tox/integration/lib/python3.12/site-packages/pluggy/_callers.py\", line 139, in _multicall\n    teardown.throw(exception)\n  File \"/home/runner/work/postgresql-bundle/postgresql-bundle/.tox/integration/lib/python3.12/site-packages/pluggy/_callers.py\", line 53, in run_old_style_hookwrapper\n    return result.get_result()\n           ^^^^^^^^^^^^^^^^^^^\n  File \"/home/runner/work/postgresql-bundle/postgresql-bundle/.tox/integration/lib/python3.12/site-packages/pluggy/_result.py\", line 103, in get_result\n    raise exc.with_traceback(tb)\n  File \"/home/runner/work/postgresql-bundle/postgresql-bundle/.tox/integration/lib/python3.12/site-packages/pluggy/_callers.py\", line 38, in run_old_style_hookwrapper\n    res = yield\n          ^^^^^\n  File \"/home/runner/work/postgresql-bundle/postgresql-bundle/.tox/integration/lib/python3.12/site-packages/pluggy/_callers.py\", line 121, in _multicall\n    res = hook_impl.function(*args)\n          ^^^^^^^^^^^^^^^^^^^^^^^^^\n  File \"/home/runner/work/postgresql-bundle/postgresql-bundle/.tox/integration/lib/python3.12/site-packages/_pytest/python.py\", line 166, in pytest_pyfunc_call\n    result = testfunction(**testargs)\n             ^^^^^^^^^^^^^^^^^^^^^^^^\n  File \"/home/runner/work/postgresql-bundle/postgresql-bundle/.tox/integration/lib/python3.12/site-packages/pytest_asyncio/plugin.py\", line 529, in inner\n    _loop.run_until_complete(task)\n  File \"/usr/lib/python3.12/asyncio/base_events.py\", line 687, in run_until_complete\n    return future.result()\n           ^^^^^^^^^^^^^^^\n  File \"/home/runner/work/postgresql-bundle/postgresql-bundle/tests/integration/test_smoke.py\", line 36, in test_setup\n    await ops_test.model.wait_for_idle(\n  File \"/home/runner/work/postgresql-bundle/postgresql-bundle/.tox/integration/lib/python3.12/site-packages/juju/model/__init__.py\", line 3250, in wait_for_idle\n    raise asyncio.TimeoutError(\nTimeoutError: Timed out waiting for model:\n  pgbouncer-test-app/0 [idle] active: \n  postgresql/0 [executing] maintenance: reconfiguring cluster\n  postgresql/1 [idle] waiting: waiting to start PostgreSQL","steps":[],"attachments":[{"uid":"aca0957979ed477d","name":"log","source":"aca0957979ed477d.txt","type":"text/plain","size":70264}],"parameters":[],"shouldDisplayMessage":true,"stepsCount":0,"attachmentsCount":1,"hasContent":true,"attachmentStep":false},"afterStages":[{"name":"abort_on_fail::0","time":{"start":1769653080666,"stop":1769653080666,"duration":0},"status":"passed","steps":[],"attachments":[],"parameters":[],"shouldDisplayMessage":false,"stepsCount":0,"attachmentsCount":0,"hasContent":false,"attachmentStep":false},{"name":"ops_test::finalizer","time":{"start":1769653080668,"stop":1769653087195,"duration":6527},"status":"passed","steps":[],"attachments":[],"parameters":[],"shouldDisplayMessage":false,"stepsCount":0,"attachmentsCount":0,"hasContent":false,"attachmentStep":false},{"name":"event_loop::2","time":{"start":1769653087195,"stop":1769653087195,"duration":0},"status":"passed","steps":[],"attachments":[],"parameters":[],"shouldDisplayMessage":false,"stepsCount":0,"attachmentsCount":0,"hasContent":false,"attachmentStep":false},{"name":"event_loop::_close_event_loop","time":{"start":1769653087195,"stop":1769653087195,"duration":0},"status":"passed","steps":[],"attachments":[],"parameters":[],"shouldDisplayMessage":false,"stepsCount":0,"attachmentsCount":0,"hasContent":false,"attachmentStep":false},{"name":"event_loop::_provide_clean_event_loop","time":{"start":1769653087195,"stop":1769653087195,"duration":0},"status":"passed","steps":[],"attachments":[],"parameters":[],"shouldDisplayMessage":false,"stepsCount":0,"attachmentsCount":0,"hasContent":false,"attachmentStep":false}],"labels":[{"name":"tag","value":"abort_on_fail"},{"name":"tag","value":"asyncio"},{"name":"parentSuite","value":"tests.integration"},{"name":"suite","value":"test_smoke"},{"name":"host","value":"runnervmymu0l"},{"name":"thread","value":"11708-MainThread"},{"name":"framework","value":"pytest"},{"name":"language","value":"cpython3"},{"name":"package","value":"tests.integration.test_smoke"},{"name":"resultFormat","value":"allure2"}],"parameters":[],"links":[],"hidden":false,"retry":false,"extra":{"severity":"normal","retries":[{"uid":"9843caa9ee4b3407","status":"unknown","time":{}}],"categories":[{"name":"Test defects","matchedStatuses":[]}],"history":{"statistic":{"failed":0,"broken":73,"skipped":0,"passed":481,"unknown":21,"total":575},"items":[{"uid":"edd670e7a34695a5","reportUrl":"../2607//#testresult/edd670e7a34695a5","status":"passed","time":{"start":1769563488048,"stop":1769564662606,"duration":1174558}},{"uid":"eaf9a5e9ac4eacfd","reportUrl":"../2602//#testresult/eaf9a5e9ac4eacfd","status":"broken","statusDetails":"TimeoutError: Timed out waiting for model:\n  pgbouncer-data-integrator/0 [idle] blocked: waiting for backend database relation to initialise\n  postgresql/0 [executing] blocked: failed to restart PostgreSQL\n  postgresql/1 [idle] waiting: waiting to start PostgreSQL\n  sysbench/0 [idle] waiting: Waiting on data from relation","time":{"start":1769477096513,"stop":1769480115287,"duration":3018774}},{"uid":"83fb5281fde43fb6","reportUrl":"../2598//#testresult/83fb5281fde43fb6","status":"broken","statusDetails":"TimeoutError: Timed out waiting for model:\n  postgresql/0 [executing] waiting: awaiting for member to start\n  postgresql/1 [idle] waiting: waiting to start PostgreSQL","time":{"start":1769390664242,"stop":1769393682164,"duration":3017922}},{"uid":"3a9aa35902c2f576","reportUrl":"../2596//#testresult/3a9aa35902c2f576","status":"passed","time":{"start":1769304271703,"stop":1769305211360,"duration":939657}},{"uid":"8d5cd226a384ae71","reportUrl":"../2594//#testresult/8d5cd226a384ae71","status":"passed","time":{"start":1769217836344,"stop":1769218916565,"duration":1080221}},{"uid":"a703fc903011596f","reportUrl":"../2592//#testresult/a703fc903011596f","status":"passed","time":{"start":1769131542207,"stop":1769132652424,"duration":1110217}},{"uid":"7f09fc8467364fd4","reportUrl":"../2588//#testresult/7f09fc8467364fd4","status":"passed","time":{"start":1769045104817,"stop":1769046046189,"duration":941372}},{"uid":"7f898425da4f9197","reportUrl":"../2586//#testresult/7f898425da4f9197","status":"passed","time":{"start":1768958651406,"stop":1768959797050,"duration":1145644}},{"uid":"8902195b45a690e1","reportUrl":"../2577//#testresult/8902195b45a690e1","status":"passed","time":{"start":1768872252690,"stop":1768873452566,"duration":1199876}},{"uid":"d57f6805a4a830d8","reportUrl":"../2576//#testresult/d57f6805a4a830d8","status":"passed","time":{"start":1768785865742,"stop":1768787003655,"duration":1137913}},{"uid":"b25da3480ab8d0","reportUrl":"../2574//#testresult/b25da3480ab8d0","status":"passed","time":{"start":1768699455016,"stop":1768700385641,"duration":930625}},{"uid":"e51a37414d1dc619","reportUrl":"../2572//#testresult/e51a37414d1dc619","status":"passed","time":{"start":1768613046231,"stop":1768614211678,"duration":1165447}},{"uid":"f8485d72bd094cb1","reportUrl":"../2570//#testresult/f8485d72bd094cb1","status":"passed","time":{"start":1768526702294,"stop":1768527772533,"duration":1070239}},{"uid":"121bf6bd94735767","reportUrl":"../2569//#testresult/121bf6bd94735767","status":"passed","time":{"start":1768440253587,"stop":1768441405839,"duration":1152252}},{"uid":"8ec3cd944386d905","reportUrl":"../2567//#testresult/8ec3cd944386d905","status":"passed","time":{"start":1768353862098,"stop":1768354992628,"duration":1130530}},{"uid":"a9366c5c29f06197","reportUrl":"../2564//#testresult/a9366c5c29f06197","status":"passed","time":{"start":1768267488656,"stop":1768268654700,"duration":1166044}},{"uid":"6ce498332cfd6e0d","reportUrl":"../2562//#testresult/6ce498332cfd6e0d","status":"passed","time":{"start":1768181099666,"stop":1768182311961,"duration":1212295}},{"uid":"99da37a023367303","reportUrl":"../2560//#testresult/99da37a023367303","status":"passed","time":{"start":1768094696528,"stop":1768095926267,"duration":1229739}},{"uid":"914be1f98aa80f05","reportUrl":"../2558//#testresult/914be1f98aa80f05","status":"passed","time":{"start":1768008247575,"stop":1768009461378,"duration":1213803}},{"uid":"9b5ed12a8a308a9e","reportUrl":"../2556//#testresult/9b5ed12a8a308a9e","status":"passed","time":{"start":1767921907123,"stop":1767923065217,"duration":1158094}}]},"tags":["asyncio","abort_on_fail"]},"source":"e1ff5e80d0893a38.json","parameterValues":[]}