[33mWARNING [0m juju.client.connection:connection.py:858 unexpected facade SSHServer received from the controller
[32mINFO    [0m pytest_operator.plugin:plugin.py:795 Connecting to existing model localhost-localhost:test on unspecified cloud
[33mWARNING [0m juju.client.connection:connection.py:858 unexpected facade SSHServer received from the controller
[33mWARNING [0m juju.client.connection:connection.py:858 unexpected facade SSHSession received from the controller
[33mWARNING [0m juju.client.connection:connection.py:858 unexpected facade SSHTunneler received from the controller
[33mWARNING [0m juju.client.connection:connection.py:858 unexpected facade SSHServer received from the controller
[32mINFO    [0m juju.bundle:bundle.py:461 Applying change: upload charm data-integrator for series jammy from channel latest/edge
[32mINFO    [0m juju.bundle:bundle.py:461 Applying change: upload charm postgresql for series jammy from channel 14/edge
[32mINFO    [0m juju.bundle:bundle.py:461 Applying change: upload charm postgresql-test-app for series jammy from channel latest/edge
[32mINFO    [0m juju.bundle:bundle.py:461 Applying change: upload charm s3-integrator for series jammy from channel latest/edge
[32mINFO    [0m juju.bundle:bundle.py:461 Applying change: upload charm self-signed-certificates for series jammy from channel latest/edge
[32mINFO    [0m juju.bundle:bundle.py:461 Applying change: upload charm sysbench for series jammy from channel latest/edge
[32mINFO    [0m juju.bundle:bundle.py:461 Applying change: upload charm ubuntu-advantage for series jammy from channel latest/edge
[32mINFO    [0m juju.bundle:bundle.py:461 Applying change: upload charm grafana-agent for series jammy from channel latest/edge
[32mINFO    [0m juju.bundle:bundle.py:461 Applying change: upload charm landscape-client for series jammy from channel latest/edge
[32mINFO    [0m juju.bundle:bundle.py:461 Applying change: upload charm pgbouncer for series jammy from channel 1/edge
[32mINFO    [0m juju.bundle:bundle.py:461 Applying change: add new machine
[32mINFO    [0m juju.bundle:bundle.py:461 Applying change: add new machine
[32mINFO    [0m juju.bundle:bundle.py:461 Applying change: deploy application data-integrator on jammy using $addCharm-0
[32mINFO    [0m juju.model:__init__.py:2301 Deploying ch:amd64/jammy/data-integrator-127
[32mINFO    [0m juju.bundle:bundle.py:461 Applying change: deploy application pgbouncer-data-integrator on jammy using $addCharm-9
[32mINFO    [0m juju.model:__init__.py:2301 Deploying ch:amd64/jammy/pgbouncer-720
[32mINFO    [0m juju.bundle:bundle.py:461 Applying change: deploy application pgbouncer-test-app on jammy using $addCharm-9
[32mINFO    [0m juju.model:__init__.py:2301 Deploying ch:amd64/jammy/pgbouncer-720
[32mINFO    [0m juju.bundle:bundle.py:461 Applying change: deploy application postgresql on jammy using $addCharm-14
[32mINFO    [0m juju.model:__init__.py:2301 Deploying ch:amd64/jammy/postgresql-590
[32mINFO    [0m juju.bundle:bundle.py:461 Applying change: deploy application postgresql-test-app on jammy using $addCharm-17
[32mINFO    [0m juju.model:__init__.py:2301 Deploying ch:amd64/jammy/postgresql-test-app-375
[32mINFO    [0m juju.bundle:bundle.py:461 Applying change: deploy application s3-integrator on jammy using $addCharm-20
[32mINFO    [0m juju.model:__init__.py:2301 Deploying ch:amd64/jammy/s3-integrator-147
[32mINFO    [0m juju.bundle:bundle.py:461 Applying change: deploy application self-signed-certificates on jammy using $addCharm-23
[32mINFO    [0m juju.model:__init__.py:2301 Deploying ch:amd64/jammy/self-signed-certificates-292
[32mINFO    [0m juju.bundle:bundle.py:461 Applying change: deploy application sysbench on jammy using $addCharm-26
[32mINFO    [0m juju.model:__init__.py:2301 Deploying ch:amd64/jammy/sysbench-171
[32mINFO    [0m juju.bundle:bundle.py:461 Applying change: deploy application ubuntu-advantage on jammy using $addCharm-29
[32mINFO    [0m juju.model:__init__.py:2301 Deploying ch:amd64/jammy/ubuntu-advantage-137
[32mINFO    [0m juju.bundle:bundle.py:461 Applying change: deploy application grafana-agent on jammy using $addCharm-3
[32mINFO    [0m juju.model:__init__.py:2301 Deploying ch:amd64/jammy/grafana-agent-456
[32mINFO    [0m juju.bundle:bundle.py:461 Applying change: deploy application landscape-client on jammy using $addCharm-6
[32mINFO    [0m juju.model:__init__.py:2301 Deploying ch:amd64/jammy/landscape-client-72
[32mINFO    [0m juju.bundle:bundle.py:461 Applying change: add new machine
[32mINFO    [0m juju.bundle:bundle.py:461 Applying change: add relation $deploy-10:backend-database - $deploy-15:database
[32mINFO    [0m juju.bundle:bundle.py:929 Relating pgbouncer-data-integrator:backend-database <-> postgresql:database
[33mWARNING [0m juju.model:__init__.py:1683 relate is deprecated and will be removed. Use integrate instead.
[32mINFO    [0m juju.bundle:bundle.py:461 Applying change: add relation $deploy-12:backend-database - $deploy-15:database
[32mINFO    [0m juju.bundle:bundle.py:929 Relating pgbouncer-test-app:backend-database <-> postgresql:database
[33mWARNING [0m juju.model:__init__.py:1683 relate is deprecated and will be removed. Use integrate instead.
[32mINFO    [0m juju.bundle:bundle.py:461 Applying change: add relation $deploy-10:database - $deploy-1:postgresql
[32mINFO    [0m juju.bundle:bundle.py:929 Relating pgbouncer-data-integrator:database <-> data-integrator:postgresql
[33mWARNING [0m juju.model:__init__.py:1683 relate is deprecated and will be removed. Use integrate instead.
[32mINFO    [0m juju.bundle:bundle.py:461 Applying change: add relation $deploy-12:database - $deploy-18:database
[32mINFO    [0m juju.bundle:bundle.py:929 Relating pgbouncer-test-app:database <-> postgresql-test-app:database
[33mWARNING [0m juju.model:__init__.py:1683 relate is deprecated and will be removed. Use integrate instead.
[32mINFO    [0m juju.bundle:bundle.py:461 Applying change: add relation $deploy-15:certificates - $deploy-24:certificates
[32mINFO    [0m juju.bundle:bundle.py:929 Relating postgresql:certificates <-> self-signed-certificates:certificates
[33mWARNING [0m juju.model:__init__.py:1683 relate is deprecated and will be removed. Use integrate instead.
[32mINFO    [0m juju.bundle:bundle.py:461 Applying change: add relation $deploy-10:certificates - $deploy-24:certificates
[32mINFO    [0m juju.bundle:bundle.py:929 Relating pgbouncer-data-integrator:certificates <-> self-signed-certificates:certificates
[33mWARNING [0m juju.model:__init__.py:1683 relate is deprecated and will be removed. Use integrate instead.
[32mINFO    [0m juju.bundle:bundle.py:461 Applying change: add relation $deploy-15:s3-parameters - $deploy-21:s3-credentials
[32mINFO    [0m juju.bundle:bundle.py:929 Relating postgresql:s3-parameters <-> s3-integrator:s3-credentials
[33mWARNING [0m juju.model:__init__.py:1683 relate is deprecated and will be removed. Use integrate instead.
[32mINFO    [0m juju.bundle:bundle.py:461 Applying change: add relation $deploy-15:database - $deploy-27:postgresql
[32mINFO    [0m juju.bundle:bundle.py:929 Relating postgresql:database <-> sysbench:postgresql
[33mWARNING [0m juju.model:__init__.py:1683 relate is deprecated and will be removed. Use integrate instead.
[32mINFO    [0m juju.bundle:bundle.py:461 Applying change: add relation $deploy-1:juju-info - $deploy-4:juju-info
[32mINFO    [0m juju.bundle:bundle.py:929 Relating data-integrator:juju-info <-> grafana-agent:juju-info
[33mWARNING [0m juju.model:__init__.py:1683 relate is deprecated and will be removed. Use integrate instead.
[32mINFO    [0m juju.bundle:bundle.py:461 Applying change: add relation $deploy-18:juju-info - $deploy-4:juju-info
[32mINFO    [0m juju.bundle:bundle.py:929 Relating postgresql-test-app:juju-info <-> grafana-agent:juju-info
[33mWARNING [0m juju.model:__init__.py:1683 relate is deprecated and will be removed. Use integrate instead.
[32mINFO    [0m juju.bundle:bundle.py:461 Applying change: add relation $deploy-15:cos-agent - $deploy-4:cos-agent
[32mINFO    [0m juju.bundle:bundle.py:929 Relating postgresql:cos-agent <-> grafana-agent:cos-agent
[33mWARNING [0m juju.model:__init__.py:1683 relate is deprecated and will be removed. Use integrate instead.
[32mINFO    [0m juju.bundle:bundle.py:461 Applying change: add relation $deploy-10:cos-agent - $deploy-4:cos-agent
[32mINFO    [0m juju.bundle:bundle.py:929 Relating pgbouncer-data-integrator:cos-agent <-> grafana-agent:cos-agent
[33mWARNING [0m juju.model:__init__.py:1683 relate is deprecated and will be removed. Use integrate instead.
[32mINFO    [0m juju.bundle:bundle.py:461 Applying change: add relation $deploy-12:cos-agent - $deploy-4:cos-agent
[32mINFO    [0m juju.bundle:bundle.py:929 Relating pgbouncer-test-app:cos-agent <-> grafana-agent:cos-agent
[33mWARNING [0m juju.model:__init__.py:1683 relate is deprecated and will be removed. Use integrate instead.
[32mINFO    [0m juju.bundle:bundle.py:461 Applying change: add relation $deploy-7:container - $deploy-1:juju-info
[32mINFO    [0m juju.bundle:bundle.py:929 Relating landscape-client:container <-> data-integrator:juju-info
[33mWARNING [0m juju.model:__init__.py:1683 relate is deprecated and will be removed. Use integrate instead.
[32mINFO    [0m juju.bundle:bundle.py:461 Applying change: add relation $deploy-7:container - $deploy-15:juju-info
[32mINFO    [0m juju.bundle:bundle.py:929 Relating landscape-client:container <-> postgresql:juju-info
[33mWARNING [0m juju.model:__init__.py:1683 relate is deprecated and will be removed. Use integrate instead.
[32mINFO    [0m juju.bundle:bundle.py:461 Applying change: add relation $deploy-7:container - $deploy-18:juju-info
[32mINFO    [0m juju.bundle:bundle.py:929 Relating landscape-client:container <-> postgresql-test-app:juju-info
[33mWARNING [0m juju.model:__init__.py:1683 relate is deprecated and will be removed. Use integrate instead.
[32mINFO    [0m juju.bundle:bundle.py:461 Applying change: add relation $deploy-7:container - $deploy-27:juju-info
[32mINFO    [0m juju.bundle:bundle.py:929 Relating landscape-client:container <-> sysbench:juju-info
[33mWARNING [0m juju.model:__init__.py:1683 relate is deprecated and will be removed. Use integrate instead.
[32mINFO    [0m juju.bundle:bundle.py:461 Applying change: add relation $deploy-7:container - $deploy-21:juju-info
[32mINFO    [0m juju.bundle:bundle.py:929 Relating landscape-client:container <-> s3-integrator:juju-info
[33mWARNING [0m juju.model:__init__.py:1683 relate is deprecated and will be removed. Use integrate instead.
[32mINFO    [0m juju.bundle:bundle.py:461 Applying change: add relation $deploy-7:container - $deploy-24:juju-info
[32mINFO    [0m juju.bundle:bundle.py:929 Relating landscape-client:container <-> self-signed-certificates:juju-info
[33mWARNING [0m juju.model:__init__.py:1683 relate is deprecated and will be removed. Use integrate instead.
[32mINFO    [0m juju.bundle:bundle.py:461 Applying change: add relation $deploy-30:juju-info - $deploy-1:juju-info
[32mINFO    [0m juju.bundle:bundle.py:929 Relating ubuntu-advantage:juju-info <-> data-integrator:juju-info
[33mWARNING [0m juju.model:__init__.py:1683 relate is deprecated and will be removed. Use integrate instead.
[32mINFO    [0m juju.bundle:bundle.py:461 Applying change: add relation $deploy-30:juju-info - $deploy-15:juju-info
[32mINFO    [0m juju.bundle:bundle.py:929 Relating ubuntu-advantage:juju-info <-> postgresql:juju-info
[33mWARNING [0m juju.model:__init__.py:1683 relate is deprecated and will be removed. Use integrate instead.
[32mINFO    [0m juju.bundle:bundle.py:461 Applying change: add relation $deploy-30:juju-info - $deploy-18:juju-info
[32mINFO    [0m juju.bundle:bundle.py:929 Relating ubuntu-advantage:juju-info <-> postgresql-test-app:juju-info
[33mWARNING [0m juju.model:__init__.py:1683 relate is deprecated and will be removed. Use integrate instead.
[32mINFO    [0m juju.bundle:bundle.py:461 Applying change: add relation $deploy-30:juju-info - $deploy-27:juju-info
[32mINFO    [0m juju.bundle:bundle.py:929 Relating ubuntu-advantage:juju-info <-> sysbench:juju-info
[33mWARNING [0m juju.model:__init__.py:1683 relate is deprecated and will be removed. Use integrate instead.
[32mINFO    [0m juju.bundle:bundle.py:461 Applying change: add relation $deploy-30:juju-info - $deploy-21:juju-info
[32mINFO    [0m juju.bundle:bundle.py:929 Relating ubuntu-advantage:juju-info <-> s3-integrator:juju-info
[33mWARNING [0m juju.model:__init__.py:1683 relate is deprecated and will be removed. Use integrate instead.
[32mINFO    [0m juju.bundle:bundle.py:461 Applying change: add relation $deploy-30:juju-info - $deploy-24:juju-info
[32mINFO    [0m juju.bundle:bundle.py:929 Relating ubuntu-advantage:juju-info <-> self-signed-certificates:juju-info
[33mWARNING [0m juju.model:__init__.py:1683 relate is deprecated and will be removed. Use integrate instead.
[32mINFO    [0m juju.bundle:bundle.py:461 Applying change: add $deploy-15 unit to $addMachines-32
[32mINFO    [0m juju.bundle:bundle.py:461 Applying change: set annotations for $deploy-10
[32mINFO    [0m juju.bundle:bundle.py:461 Applying change: set annotations for $deploy-12
[32mINFO    [0m juju.bundle:bundle.py:461 Applying change: set annotations for $deploy-15
[32mINFO    [0m juju.bundle:bundle.py:461 Applying change: set annotations for $deploy-18
[32mINFO    [0m juju.bundle:bundle.py:461 Applying change: set annotations for $deploy-1
[32mINFO    [0m juju.bundle:bundle.py:461 Applying change: set annotations for $deploy-21
[32mINFO    [0m juju.bundle:bundle.py:461 Applying change: set annotations for $deploy-24
[32mINFO    [0m juju.bundle:bundle.py:461 Applying change: set annotations for $deploy-27
[32mINFO    [0m juju.bundle:bundle.py:461 Applying change: set annotations for $deploy-30
[32mINFO    [0m juju.bundle:bundle.py:461 Applying change: set annotations for $deploy-4
[32mINFO    [0m juju.bundle:bundle.py:461 Applying change: set annotations for $deploy-7
[32mINFO    [0m juju.bundle:bundle.py:461 Applying change: add new machine
[32mINFO    [0m juju.bundle:bundle.py:461 Applying change: add $deploy-15 unit to $addMachines-33
[32mINFO    [0m juju.bundle:bundle.py:461 Applying change: add $deploy-24 unit to $addMachines-34
[32mINFO    [0m juju.bundle:bundle.py:461 Applying change: add new machine
[32mINFO    [0m juju.bundle:bundle.py:461 Applying change: add $deploy-1 unit to $addMachines-35
[32mINFO    [0m juju.bundle:bundle.py:461 Applying change: add new machine
[32mINFO    [0m juju.bundle:bundle.py:461 Applying change: add $deploy-21 unit to $addMachines-36
[32mINFO    [0m juju.bundle:bundle.py:461 Applying change: add new machine
[32mINFO    [0m juju.bundle:bundle.py:461 Applying change: add $deploy-18 unit to $addMachines-37
[32mINFO    [0m juju.bundle:bundle.py:461 Applying change: add $deploy-27 unit to $addMachines-38
[32mINFO    [0m juju.model:__init__.py:3254 Waiting for model:
  pgbouncer-data-integrator (not enough units yet - 0/1)
  pgbouncer-test-app (not enough units yet - 0/1)
  postgresql/0 [allocating] waiting: waiting for machine
  postgresql/1 [allocating] waiting: waiting for machine
  postgresql-test-app/0 [allocating] waiting: waiting for machine
  self-signed-certificates/0 [allocating] waiting: waiting for machine
  sysbench/0 [allocating] waiting: waiting for machine
[32mINFO    [0m juju.model:__init__.py:3254 Waiting for model:
  pgbouncer-data-integrator (not enough units yet - 0/1)
  pgbouncer-test-app (not enough units yet - 0/1)
  postgresql/0 [allocating] waiting: waiting for machine
  postgresql/1 [allocating] waiting: waiting for machine
  postgresql-test-app/0 [allocating] waiting: waiting for machine
  self-signed-certificates/0 [allocating] waiting: waiting for machine
  sysbench/0 [allocating] waiting: waiting for machine
[32mINFO    [0m juju.model:__init__.py:3254 Waiting for model:
  pgbouncer-data-integrator (not enough units yet - 0/1)
  pgbouncer-test-app (not enough units yet - 0/1)
  postgresql/0 [allocating] waiting: waiting for machine
  postgresql/1 [allocating] waiting: waiting for machine
  postgresql-test-app/0 [allocating] waiting: waiting for machine
  self-signed-certificates/0 [allocating] waiting: waiting for machine
  sysbench/0 [allocating] waiting: waiting for machine
[32mINFO    [0m juju.model:__init__.py:3254 Waiting for model:
  pgbouncer-data-integrator (not enough units yet - 0/1)
  pgbouncer-test-app (not enough units yet - 0/1)
  postgresql/0 [allocating] waiting: waiting for machine
  postgresql/1 [allocating] waiting: waiting for machine
  postgresql-test-app/0 [allocating] waiting: waiting for machine
  self-signed-certificates/0 [allocating] waiting: waiting for machine
  sysbench/0 [allocating] waiting: waiting for machine
[32mINFO    [0m juju.model:__init__.py:3254 Waiting for model:
  pgbouncer-data-integrator (not enough units yet - 0/1)
  pgbouncer-test-app (not enough units yet - 0/1)
  postgresql/0 [allocating] waiting: waiting for machine
  postgresql/1 [allocating] waiting: waiting for machine
  postgresql-test-app/0 [allocating] waiting: waiting for machine
  self-signed-certificates/0 [allocating] waiting: waiting for machine
  sysbench/0 [allocating] waiting: waiting for machine
[32mINFO    [0m juju.model:__init__.py:3254 Waiting for model:
  pgbouncer-data-integrator (not enough units yet - 0/1)
  pgbouncer-test-app (not enough units yet - 0/1)
  postgresql/0 [allocating] waiting: waiting for machine
  postgresql/1 [allocating] waiting: waiting for machine
  postgresql-test-app/0 [allocating] waiting: waiting for machine
  self-signed-certificates/0 [allocating] waiting: waiting for machine
  sysbench/0 [allocating] waiting: waiting for machine
[32mINFO    [0m juju.model:__init__.py:3254 Waiting for model:
  pgbouncer-data-integrator (not enough units yet - 0/1)
  pgbouncer-test-app (not enough units yet - 0/1)
  postgresql/0 [allocating] waiting: waiting for machine
  postgresql/1 [allocating] waiting: waiting for machine
  postgresql-test-app/0 [allocating] waiting: waiting for machine
  self-signed-certificates/0 [allocating] waiting: waiting for machine
  sysbench/0 [allocating] waiting: waiting for machine
[32mINFO    [0m juju.model:__init__.py:3254 Waiting for model:
  pgbouncer-data-integrator (not enough units yet - 0/1)
  pgbouncer-test-app (not enough units yet - 0/1)
  postgresql/0 [allocating] waiting: waiting for machine
  postgresql/1 [allocating] waiting: waiting for machine
  postgresql-test-app/0 [allocating] waiting: waiting for machine
  self-signed-certificates/0 [allocating] waiting: waiting for machine
  sysbench/0 [allocating] waiting: waiting for machine
[32mINFO    [0m juju.model:__init__.py:3254 Waiting for model:
  pgbouncer-data-integrator (not enough units yet - 0/1)
  pgbouncer-test-app (not enough units yet - 0/1)
  postgresql/0 [allocating] waiting: waiting for machine
  postgresql/1 [allocating] waiting: waiting for machine
  postgresql-test-app/0 [allocating] waiting: waiting for machine
  self-signed-certificates/0 [allocating] waiting: waiting for machine
  sysbench/0 [allocating] waiting: waiting for machine
[32mINFO    [0m juju.model:__init__.py:3254 Waiting for model:
  pgbouncer-data-integrator (not enough units yet - 0/1)
  pgbouncer-test-app (not enough units yet - 0/1)
  postgresql/0 [allocating] waiting: waiting for machine
  postgresql/1 [allocating] waiting: waiting for machine
  postgresql-test-app/0 [allocating] waiting: waiting for machine
  self-signed-certificates/0 [allocating] waiting: waiting for machine
  sysbench/0 [allocating] waiting: waiting for machine
[32mINFO    [0m juju.model:__init__.py:3254 Waiting for model:
  pgbouncer-data-integrator (not enough units yet - 0/1)
  pgbouncer-test-app (not enough units yet - 0/1)
  postgresql/0 [allocating] waiting: waiting for machine
  postgresql/1 [allocating] waiting: waiting for machine
  postgresql-test-app/0 [allocating] waiting: waiting for machine
  self-signed-certificates/0 [allocating] waiting: waiting for machine
  sysbench/0 [allocating] waiting: waiting for machine
[32mINFO    [0m juju.model:__init__.py:3254 Waiting for model:
  pgbouncer-data-integrator (not enough units yet - 0/1)
  pgbouncer-test-app (not enough units yet - 0/1)
  postgresql/0 [allocating] waiting: waiting for machine
  postgresql/1 [allocating] waiting: waiting for machine
  postgresql-test-app/0 [allocating] waiting: waiting for machine
  self-signed-certificates/0 [allocating] waiting: waiting for machine
  sysbench/0 [allocating] waiting: waiting for machine
[32mINFO    [0m juju.model:__init__.py:3254 Waiting for model:
  pgbouncer-data-integrator (not enough units yet - 0/1)
  pgbouncer-test-app (not enough units yet - 0/1)
  postgresql/0 [allocating] waiting: waiting for machine
  postgresql/1 [allocating] waiting: waiting for machine
  postgresql-test-app/0 [allocating] waiting: waiting for machine
  self-signed-certificates/0 [allocating] waiting: waiting for machine
  sysbench/0 [allocating] waiting: waiting for machine
[32mINFO    [0m juju.model:__init__.py:3254 Waiting for model:
  pgbouncer-data-integrator (not enough units yet - 0/1)
  pgbouncer-test-app (not enough units yet - 0/1)
  postgresql/0 [allocating] waiting: agent initialising
  postgresql/1 [allocating] waiting: waiting for machine
  postgresql-test-app/0 [allocating] waiting: waiting for machine
  self-signed-certificates/0 [allocating] waiting: waiting for machine
  sysbench/0 [allocating] waiting: waiting for machine
[32mINFO    [0m juju.model:__init__.py:3254 Waiting for model:
  pgbouncer-data-integrator (not enough units yet - 0/1)
  pgbouncer-test-app/0 [allocating] waiting: agent initialising
  postgresql/0 [executing] maintenance: installing PostgreSQL
  postgresql/1 [allocating] waiting: waiting for machine
  postgresql-test-app/0 [idle] active: 
  self-signed-certificates/0 [allocating] waiting: waiting for machine
  sysbench/0 [allocating] waiting: waiting for machine
[32mINFO    [0m juju.model:__init__.py:3254 Waiting for model:
  pgbouncer-data-integrator/0 [allocating] waiting: agent initialising
  pgbouncer-test-app/0 [allocating] waiting: agent initialising
  postgresql/0 [executing] maintenance: installing PostgreSQL
  postgresql/1 [allocating] waiting: waiting for machine
  self-signed-certificates/0 [allocating] waiting: waiting for machine
  sysbench/0 [allocating] waiting: waiting for machine
[32mINFO    [0m juju.model:__init__.py:3254 Waiting for model:
  pgbouncer-data-integrator/0 [allocating] waiting: agent initialising
  pgbouncer-test-app/0 [allocating] waiting: agent initialising
  postgresql/0 [executing] waiting: waiting to start PostgreSQL
  postgresql/1 [allocating] waiting: waiting for machine
  self-signed-certificates/0 [allocating] waiting: waiting for machine
  sysbench/0 [allocating] waiting: agent initialising
[32mINFO    [0m juju.model:__init__.py:3254 Waiting for model:
  pgbouncer-data-integrator/0 [executing] maintenance: Installing and configuring PgBouncer
  pgbouncer-test-app/0 [executing] waiting: Waiting to start PgBouncer
  postgresql/0 [executing] waiting: waiting to start PostgreSQL
  postgresql/1 [allocating] waiting: waiting for machine
  self-signed-certificates/0 [executing] maintenance: installing charm software
  sysbench/0 [executing] maintenance: Installing...
[32mINFO    [0m juju.model:__init__.py:3254 Waiting for model:
  pgbouncer-data-integrator/0 [executing] waiting: Waiting to start PgBouncer
  pgbouncer-test-app/0 [executing] waiting: Waiting to start PgBouncer
  postgresql/0 [executing] waiting: waiting to start PostgreSQL
  postgresql/1 [allocating] waiting: agent initialising
  postgresql-test-app/0 [executing] active: 
  self-signed-certificates/0 [executing] active: 
  sysbench/0 [executing] waiting: Waiting on data from relation
[32mINFO    [0m juju.model:__init__.py:3254 Waiting for model:
  pgbouncer-data-integrator/0 [executing] waiting: Waiting to start PgBouncer
  pgbouncer-test-app/0 [executing] waiting: Waiting to start PgBouncer
  postgresql/0 [executing] waiting: waiting to start PostgreSQL
  postgresql/1 [executing] maintenance: installing PostgreSQL
  postgresql-test-app/0 [executing] active: 
  self-signed-certificates/0 [executing] active: 
  sysbench/0 [idle] waiting: Waiting on data from relation
[32mINFO    [0m juju.model:__init__.py:3254 Waiting for model:
  pgbouncer-data-integrator/0 [executing] waiting: Waiting to start PgBouncer
  pgbouncer-test-app/0 [executing] blocked: waiting for backend database relation to initialise
  postgresql/0 [executing] waiting: waiting to start PostgreSQL
  postgresql/1 [executing] maintenance: installing PostgreSQL
  postgresql-test-app/0 [executing] active: 
  sysbench/0 [idle] waiting: Waiting on data from relation
[32mINFO    [0m juju.model:__init__.py:3254 Waiting for model:
  pgbouncer-data-integrator/0 [executing] blocked: waiting for backend database relation to initialise
  pgbouncer-test-app/0 [executing] waiting: waiting for backend-database relation to connect
  postgresql/0 [executing] waiting: waiting to start PostgreSQL
  postgresql/1 [executing] waiting: waiting to start PostgreSQL
  postgresql-test-app/0 [executing] active: 
  self-signed-certificates/0 [idle] active: 
  sysbench/0 [idle] waiting: Waiting on data from relation
[32mINFO    [0m juju.model:__init__.py:3254 Waiting for model:
  pgbouncer-data-integrator/0 [executing] blocked: waiting for backend database relation to initialise
  pgbouncer-test-app/0 [executing] waiting: waiting for backend-database relation to connect
  postgresql/0 [executing] waiting: awaiting for member to start
  postgresql/1 [executing] waiting: waiting to start PostgreSQL
  self-signed-certificates/0 [idle] active: 
  sysbench/0 [idle] waiting: Waiting on data from relation
[32mINFO    [0m juju.model:__init__.py:3254 Waiting for model:
  pgbouncer-data-integrator/0 [executing] blocked: waiting for backend database relation to initialise
  pgbouncer-test-app/0 [executing] active: 
  postgresql/0 [executing] maintenance: Executing restart operation
  postgresql/1 [executing] waiting: waiting to start PostgreSQL
  postgresql-test-app/0 [executing] active: received database credentials of the first database
  sysbench/0 [idle] waiting: Waiting on data from relation
[32mINFO    [0m pytest_operator.plugin:plugin.py:937 Model status:

Model  Controller           Cloud/Region         Version  SLA          Timestamp
test   localhost-localhost  localhost/localhost  3.6.5    unsupported  01:35:48Z

App                        Version  Status       Scale  Charm                     Channel      Rev  Exposed  Message
data-integrator                     blocked          1  data-integrator           latest/edge  127  no       Please specify either topic, index, or database name
grafana-agent                       blocked          4  grafana-agent             latest/edge  456  no       Missing ['grafana-cloud-config']|['grafana-dashboards-provider']|['logging-consumer']|['send-remote-write'] for cos-a...
landscape-client                    blocked          7  landscape-client          latest/edge   72  no       Registration failed!
pgbouncer-data-integrator  1.21.0   maintenance      1  pgbouncer                 1/edge       720  no       Initialising backend-database relation
pgbouncer-test-app         1.21.0   blocked          1  pgbouncer                 1/edge       720  no       backend database relation not ready
postgresql                 14.17    maintenance      2  postgresql                14/edge      590  no       Beginning rolling restart
postgresql-test-app                 active           1  postgresql-test-app       latest/edge  375  no       received database credentials of the first database
s3-integrator                       blocked          1  s3-integrator             latest/edge  147  no       Missing parameters: ['access-key', 'secret-key']
self-signed-certificates            active           1  self-signed-certificates  latest/edge  292  no       
sysbench                            waiting          1  sysbench                  latest/edge  171  no       Waiting on data from relation
ubuntu-advantage                    blocked          7  ubuntu-advantage          latest/edge  137  no       No token configured

Unit                            Workload     Agent      Machine  Public address  Ports     Message
data-integrator/0*              blocked      idle       3        10.155.70.214             Please specify either topic, index, or database name
  grafana-agent/1               blocked      idle                10.155.70.214             Missing ['grafana-cloud-config']|['grafana-dashboards-provider']|['logging-consumer']|['send-remote-write'] for cos-a...
  landscape-client/1            blocked      idle                10.155.70.214             Registration failed!
  pgbouncer-data-integrator/0*  maintenance  executing           10.155.70.214   6432/tcp  Initialising backend-database relation
  ubuntu-advantage/1            blocked      idle                10.155.70.214             No token configured
postgresql-test-app/0*          active       idle       5        10.155.70.44              received database credentials of the first database
  grafana-agent/0*              blocked      idle                10.155.70.44              Missing ['grafana-cloud-config']|['grafana-dashboards-provider']|['logging-consumer']|['send-remote-write'] for cos-a...
  landscape-client/0*           blocked      idle                10.155.70.44              Registration failed!
  pgbouncer-test-app/0*         blocked      idle                10.155.70.44              backend database relation not ready
  ubuntu-advantage/0*           blocked      idle                10.155.70.44              No token configured
postgresql/0*                   maintenance  executing  0        10.155.70.75    5432/tcp  Executing restart operation
  grafana-agent/2               blocked      executing           10.155.70.75              Missing ['grafana-cloud-config']|['grafana-dashboards-provider']|['logging-consumer']|['send-remote-write'] for cos-a...
  landscape-client/2            blocked      idle                10.155.70.75              Registration failed!
  ubuntu-advantage/2            blocked      idle                10.155.70.75              No token configured
postgresql/1                    waiting      executing  1        10.155.70.200             (start) waiting to start PostgreSQL
  grafana-agent/3               blocked      executing           10.155.70.200             Missing ['grafana-cloud-config']|['grafana-dashboards-provider']|['logging-consumer']|['send-remote-write'] for cos-a...
  landscape-client/6            blocked      idle                10.155.70.200             Registration failed!
  ubuntu-advantage/6            blocked      idle                10.155.70.200             No token configured
s3-integrator/0*                blocked      idle       4        10.155.70.253             Missing parameters: ['access-key', 'secret-key']
  landscape-client/5            blocked      idle                10.155.70.253             Registration failed!
  ubuntu-advantage/5            blocked      idle                10.155.70.253             No token configured
self-signed-certificates/0*     active       idle       2        10.155.70.210             
  landscape-client/3            blocked      idle                10.155.70.210             Registration failed!
  ubuntu-advantage/3            blocked      idle                10.155.70.210             No token configured
sysbench/0*                     waiting      idle       6        10.155.70.3               Waiting on data from relation
  landscape-client/4            blocked      idle                10.155.70.3               Registration failed!
  ubuntu-advantage/4            blocked      idle                10.155.70.3               No token configured

Machine  State    Address        Inst id        Base          AZ  Message
0        started  10.155.70.75   juju-718b68-0  ubuntu@22.04      Running
1        started  10.155.70.200  juju-718b68-1  ubuntu@22.04      Running
2        started  10.155.70.210  juju-718b68-2  ubuntu@22.04      Running
3        started  10.155.70.214  juju-718b68-3  ubuntu@22.04      Running
4        started  10.155.70.253  juju-718b68-4  ubuntu@22.04      Running
5        started  10.155.70.44   juju-718b68-5  ubuntu@22.04      Running
6        started  10.155.70.3    juju-718b68-6  ubuntu@22.04      Running

[32mINFO    [0m pytest_operator.plugin:plugin.py:943 Juju error logs:

machine-0: 01:30:08 ERROR juju.worker.dependency "kvm-container-provisioner" manifold worker returned unexpected error: container types not yet available
machine-0: 01:30:08 ERROR juju.worker.dependency "lxd-container-provisioner" manifold worker returned unexpected error: container types not yet available
unit-postgresql-0: 01:30:09 ERROR juju.worker.meterstatus error running "meter-status-changed": charm missing from disk
machine-5: 01:30:28 ERROR juju.worker.dependency "kvm-container-provisioner" manifold worker returned unexpected error: container types not yet available
machine-5: 01:30:28 ERROR juju.worker.dependency "lxd-container-provisioner" manifold worker returned unexpected error: container types not yet available
unit-postgresql-test-app-0: 01:30:28 ERROR juju.worker.meterstatus error running "meter-status-changed": charm missing from disk
unit-ubuntu-advantage-0: 01:30:33 ERROR juju.worker.meterstatus error running "meter-status-changed": charm missing from disk
unit-pgbouncer-test-app-0: 01:30:34 ERROR juju.worker.meterstatus error running "meter-status-changed": charm missing from disk
unit-grafana-agent-0: 01:30:38 ERROR juju.worker.meterstatus error running "meter-status-changed": charm missing from disk
unit-landscape-client-0: 01:30:38 ERROR juju.worker.meterstatus error running "meter-status-changed": charm missing from disk
machine-3: 01:30:59 ERROR juju.worker.dependency "kvm-container-provisioner" manifold worker returned unexpected error: container types not yet available
machine-3: 01:30:59 ERROR juju.worker.dependency "lxd-container-provisioner" manifold worker returned unexpected error: container types not yet available
unit-data-integrator-0: 01:31:00 ERROR juju.worker.meterstatus error running "meter-status-changed": charm missing from disk
unit-ubuntu-advantage-1: 01:31:06 ERROR juju.worker.meterstatus error running "meter-status-changed": charm missing from disk
unit-pgbouncer-data-integrator-0: 01:31:06 ERROR juju.worker.meterstatus error running "meter-status-changed": charm missing from disk
unit-grafana-agent-1: 01:31:10 ERROR juju.worker.meterstatus error running "meter-status-changed": charm missing from disk
unit-landscape-client-1: 01:31:10 ERROR juju.worker.meterstatus error running "meter-status-changed": charm missing from disk
machine-6: 01:31:54 ERROR juju.worker.dependency "kvm-container-provisioner" manifold worker returned unexpected error: container types not yet available
machine-6: 01:31:54 ERROR juju.worker.dependency "lxd-container-provisioner" manifold worker returned unexpected error: container types not yet available
unit-sysbench-0: 01:31:54 ERROR juju.worker.meterstatus error running "meter-status-changed": charm missing from disk
unit-landscape-client-2: 01:31:56 ERROR juju.worker.meterstatus error running "meter-status-changed": charm missing from disk
unit-ubuntu-advantage-2: 01:31:56 ERROR juju.worker.meterstatus error running "meter-status-changed": charm missing from disk
unit-grafana-agent-2: 01:31:57 ERROR juju.worker.meterstatus error running "meter-status-changed": charm missing from disk
machine-2: 01:32:13 ERROR juju.worker.dependency "kvm-container-provisioner" manifold worker returned unexpected error: container types not yet available
machine-2: 01:32:13 ERROR juju.worker.dependency "lxd-container-provisioner" manifold worker returned unexpected error: container types not yet available
unit-self-signed-certificates-0: 01:32:14 ERROR juju.worker.meterstatus error running "meter-status-changed": charm missing from disk
unit-landscape-client-3: 01:32:35 ERROR juju.worker.meterstatus error running "meter-status-changed": charm missing from disk
unit-ubuntu-advantage-3: 01:32:36 ERROR juju.worker.meterstatus error running "meter-status-changed": charm missing from disk
unit-landscape-client-4: 01:32:38 ERROR juju.worker.meterstatus error running "meter-status-changed": charm missing from disk
unit-ubuntu-advantage-4: 01:32:43 ERROR juju.worker.meterstatus error running "meter-status-changed": exit status 127
unit-landscape-client-0: 01:32:51 CRITICAL unit.landscape-client/0.juju-log   File "/var/lib/juju/agents/unit-landscape-client-0/charm/./src/charm.py", line 299, in <module>
    main(LandscapeClientCharm)
  File "/var/lib/juju/agents/unit-landscape-client-0/charm/venv/ops/main.py", line 40, in main
    return _main.main(charm_class=charm_class, use_juju_for_storage=use_juju_for_storage)
  File "/var/lib/juju/agents/unit-landscape-client-0/charm/venv/ops/_main.py", line 558, in main
    manager.run()
  File "/var/lib/juju/agents/unit-landscape-client-0/charm/venv/ops/_main.py", line 543, in run
    self._emit()
  File "/var/lib/juju/agents/unit-landscape-client-0/charm/venv/ops/_main.py", line 502, in _emit
    self._emit_charm_event(self.dispatcher.event_name)
  File "/var/lib/juju/agents/unit-landscape-client-0/charm/venv/ops/_main.py", line 530, in _emit_charm_event
    event_to_emit.emit(*args, **kwargs)
  File "/var/lib/juju/agents/unit-landscape-client-0/charm/venv/ops/framework.py", line 347, in emit
    framework._emit(event)
  File "/var/lib/juju/agents/unit-landscape-client-0/charm/venv/ops/framework.py", line 906, in _emit
    self._reemit(event_path)
  File "/var/lib/juju/agents/unit-landscape-client-0/charm/venv/ops/framework.py", line 996, in _reemit
    custom_handler(event)
  File "/var/lib/juju/agents/unit-landscape-client-0/charm/./src/charm.py", line 253, in _on_config_changed
    self.run_landscape_client()
  File "/var/lib/juju/agents/unit-landscape-client-0/charm/./src/charm.py", line 228, in run_landscape_client
    self.send_registration()
  File "/var/lib/juju/agents/unit-landscape-client-0/charm/./src/charm.py", line 216, in send_registration
    if process_helper([CLIENT_CONFIG_CMD, "--silent"]):
  File "/var/lib/juju/agents/unit-landscape-client-0/charm/./src/charm.py", line 117, in process_helper
    log_error("".join(traceback.format_stack()))

unit-landscape-client-0: 01:32:51 CRITICAL unit.landscape-client/0.juju-log An account name and computer title are required.
Aborting Landscape configuration

machine-1: 01:32:53 ERROR juju.worker.dependency "lxd-container-provisioner" manifold worker returned unexpected error: container types not yet available
machine-1: 01:32:53 ERROR juju.worker.dependency "kvm-container-provisioner" manifold worker returned unexpected error: container types not yet available
unit-postgresql-1: 01:32:54 ERROR juju.worker.meterstatus error running "meter-status-changed": charm missing from disk
unit-landscape-client-1: 01:33:09 CRITICAL unit.landscape-client/1.juju-log   File "/var/lib/juju/agents/unit-landscape-client-1/charm/./src/charm.py", line 299, in <module>
    main(LandscapeClientCharm)
  File "/var/lib/juju/agents/unit-landscape-client-1/charm/venv/ops/main.py", line 40, in main
    return _main.main(charm_class=charm_class, use_juju_for_storage=use_juju_for_storage)
  File "/var/lib/juju/agents/unit-landscape-client-1/charm/venv/ops/_main.py", line 558, in main
    manager.run()
  File "/var/lib/juju/agents/unit-landscape-client-1/charm/venv/ops/_main.py", line 543, in run
    self._emit()
  File "/var/lib/juju/agents/unit-landscape-client-1/charm/venv/ops/_main.py", line 502, in _emit
    self._emit_charm_event(self.dispatcher.event_name)
  File "/var/lib/juju/agents/unit-landscape-client-1/charm/venv/ops/_main.py", line 530, in _emit_charm_event
    event_to_emit.emit(*args, **kwargs)
  File "/var/lib/juju/agents/unit-landscape-client-1/charm/venv/ops/framework.py", line 347, in emit
    framework._emit(event)
  File "/var/lib/juju/agents/unit-landscape-client-1/charm/venv/ops/framework.py", line 906, in _emit
    self._reemit(event_path)
  File "/var/lib/juju/agents/unit-landscape-client-1/charm/venv/ops/framework.py", line 996, in _reemit
    custom_handler(event)
  File "/var/lib/juju/agents/unit-landscape-client-1/charm/./src/charm.py", line 253, in _on_config_changed
    self.run_landscape_client()
  File "/var/lib/juju/agents/unit-landscape-client-1/charm/./src/charm.py", line 228, in run_landscape_client
    self.send_registration()
  File "/var/lib/juju/agents/unit-landscape-client-1/charm/./src/charm.py", line 216, in send_registration
    if process_helper([CLIENT_CONFIG_CMD, "--silent"]):
  File "/var/lib/juju/agents/unit-landscape-client-1/charm/./src/charm.py", line 117, in process_helper
    log_error("".join(traceback.format_stack()))

unit-landscape-client-1: 01:33:10 CRITICAL unit.landscape-client/1.juju-log An account name and computer title are required.
Aborting Landscape configuration

machine-4: 01:33:13 ERROR juju.worker.dependency "kvm-container-provisioner" manifold worker returned unexpected error: container types not yet available
machine-4: 01:33:13 ERROR juju.worker.dependency "lxd-container-provisioner" manifold worker returned unexpected error: container types not yet available
unit-s3-integrator-0: 01:33:14 ERROR juju.worker.meterstatus error running "meter-status-changed": charm missing from disk
unit-landscape-client-2: 01:33:16 CRITICAL unit.landscape-client/2.juju-log   File "/var/lib/juju/agents/unit-landscape-client-2/charm/./src/charm.py", line 299, in <module>
    main(LandscapeClientCharm)
  File "/var/lib/juju/agents/unit-landscape-client-2/charm/venv/ops/main.py", line 40, in main
    return _main.main(charm_class=charm_class, use_juju_for_storage=use_juju_for_storage)
  File "/var/lib/juju/agents/unit-landscape-client-2/charm/venv/ops/_main.py", line 558, in main
    manager.run()
  File "/var/lib/juju/agents/unit-landscape-client-2/charm/venv/ops/_main.py", line 543, in run
    self._emit()
  File "/var/lib/juju/agents/unit-landscape-client-2/charm/venv/ops/_main.py", line 502, in _emit
    self._emit_charm_event(self.dispatcher.event_name)
  File "/var/lib/juju/agents/unit-landscape-client-2/charm/venv/ops/_main.py", line 530, in _emit_charm_event
    event_to_emit.emit(*args, **kwargs)
  File "/var/lib/juju/agents/unit-landscape-client-2/charm/venv/ops/framework.py", line 347, in emit
    framework._emit(event)
  File "/var/lib/juju/agents/unit-landscape-client-2/charm/venv/ops/framework.py", line 906, in _emit
    self._reemit(event_path)
  File "/var/lib/juju/agents/unit-landscape-client-2/charm/venv/ops/framework.py", line 996, in _reemit
    custom_handler(event)
  File "/var/lib/juju/agents/unit-landscape-client-2/charm/./src/charm.py", line 253, in _on_config_changed
    self.run_landscape_client()
  File "/var/lib/juju/agents/unit-landscape-client-2/charm/./src/charm.py", line 228, in run_landscape_client
    self.send_registration()
  File "/var/lib/juju/agents/unit-landscape-client-2/charm/./src/charm.py", line 216, in send_registration
    if process_helper([CLIENT_CONFIG_CMD, "--silent"]):
  File "/var/lib/juju/agents/unit-landscape-client-2/charm/./src/charm.py", line 117, in process_helper
    log_error("".join(traceback.format_stack()))

unit-landscape-client-2: 01:33:16 CRITICAL unit.landscape-client/2.juju-log An account name and computer title are required.
Aborting Landscape configuration

unit-landscape-client-5: 01:33:19 ERROR juju.worker.meterstatus error running "meter-status-changed": charm missing from disk
unit-landscape-client-3: 01:33:19 CRITICAL unit.landscape-client/3.juju-log   File "/var/lib/juju/agents/unit-landscape-client-3/charm/./src/charm.py", line 299, in <module>
    main(LandscapeClientCharm)
  File "/var/lib/juju/agents/unit-landscape-client-3/charm/venv/ops/main.py", line 40, in main
    return _main.main(charm_class=charm_class, use_juju_for_storage=use_juju_for_storage)
  File "/var/lib/juju/agents/unit-landscape-client-3/charm/venv/ops/_main.py", line 558, in main
    manager.run()
  File "/var/lib/juju/agents/unit-landscape-client-3/charm/venv/ops/_main.py", line 543, in run
    self._emit()
  File "/var/lib/juju/agents/unit-landscape-client-3/charm/venv/ops/_main.py", line 502, in _emit
    self._emit_charm_event(self.dispatcher.event_name)
  File "/var/lib/juju/agents/unit-landscape-client-3/charm/venv/ops/_main.py", line 530, in _emit_charm_event
    event_to_emit.emit(*args, **kwargs)
  File "/var/lib/juju/agents/unit-landscape-client-3/charm/venv/ops/framework.py", line 347, in emit
    framework._emit(event)
  File "/var/lib/juju/agents/unit-landscape-client-3/charm/venv/ops/framework.py", line 906, in _emit
    self._reemit(event_path)
  File "/var/lib/juju/agents/unit-landscape-client-3/charm/venv/ops/framework.py", line 996, in _reemit
    custom_handler(event)
  File "/var/lib/juju/agents/unit-landscape-client-3/charm/./src/charm.py", line 253, in _on_config_changed
    self.run_landscape_client()
  File "/var/lib/juju/agents/unit-landscape-client-3/charm/./src/charm.py", line 228, in run_landscape_client
    self.send_registration()
  File "/var/lib/juju/agents/unit-landscape-client-3/charm/./src/charm.py", line 216, in send_registration
    if process_helper([CLIENT_CONFIG_CMD, "--silent"]):
  File "/var/lib/juju/agents/unit-landscape-client-3/charm/./src/charm.py", line 117, in process_helper
    log_error("".join(traceback.format_stack()))

unit-landscape-client-3: 01:33:19 CRITICAL unit.landscape-client/3.juju-log An account name and computer title are required.
Aborting Landscape configuration

unit-ubuntu-advantage-5: 01:33:20 ERROR juju.worker.meterstatus error running "meter-status-changed": charm missing from disk
unit-landscape-client-4: 01:33:31 CRITICAL unit.landscape-client/4.juju-log   File "/var/lib/juju/agents/unit-landscape-client-4/charm/./src/charm.py", line 299, in <module>
    main(LandscapeClientCharm)
  File "/var/lib/juju/agents/unit-landscape-client-4/charm/venv/ops/main.py", line 40, in main
    return _main.main(charm_class=charm_class, use_juju_for_storage=use_juju_for_storage)
  File "/var/lib/juju/agents/unit-landscape-client-4/charm/venv/ops/_main.py", line 558, in main
    manager.run()
  File "/var/lib/juju/agents/unit-landscape-client-4/charm/venv/ops/_main.py", line 543, in run
    self._emit()
  File "/var/lib/juju/agents/unit-landscape-client-4/charm/venv/ops/_main.py", line 502, in _emit
    self._emit_charm_event(self.dispatcher.event_name)
  File "/var/lib/juju/agents/unit-landscape-client-4/charm/venv/ops/_main.py", line 530, in _emit_charm_event
    event_to_emit.emit(*args, **kwargs)
  File "/var/lib/juju/agents/unit-landscape-client-4/charm/venv/ops/framework.py", line 347, in emit
    framework._emit(event)
  File "/var/lib/juju/agents/unit-landscape-client-4/charm/venv/ops/framework.py", line 906, in _emit
    self._reemit(event_path)
  File "/var/lib/juju/agents/unit-landscape-client-4/charm/venv/ops/framework.py", line 996, in _reemit
    custom_handler(event)
  File "/var/lib/juju/agents/unit-landscape-client-4/charm/./src/charm.py", line 253, in _on_config_changed
    self.run_landscape_client()
  File "/var/lib/juju/agents/unit-landscape-client-4/charm/./src/charm.py", line 228, in run_landscape_client
    self.send_registration()
  File "/var/lib/juju/agents/unit-landscape-client-4/charm/./src/charm.py", line 216, in send_registration
    if process_helper([CLIENT_CONFIG_CMD, "--silent"]):
  File "/var/lib/juju/agents/unit-landscape-client-4/charm/./src/charm.py", line 117, in process_helper
    log_error("".join(traceback.format_stack()))

unit-landscape-client-4: 01:33:31 CRITICAL unit.landscape-client/4.juju-log An account name and computer title are required.
Aborting Landscape configuration

unit-landscape-client-5: 01:33:54 CRITICAL unit.landscape-client/5.juju-log   File "/var/lib/juju/agents/unit-landscape-client-5/charm/./src/charm.py", line 299, in <module>
    main(LandscapeClientCharm)
  File "/var/lib/juju/agents/unit-landscape-client-5/charm/venv/ops/main.py", line 40, in main
    return _main.main(charm_class=charm_class, use_juju_for_storage=use_juju_for_storage)
  File "/var/lib/juju/agents/unit-landscape-client-5/charm/venv/ops/_main.py", line 558, in main
    manager.run()
  File "/var/lib/juju/agents/unit-landscape-client-5/charm/venv/ops/_main.py", line 543, in run
    self._emit()
  File "/var/lib/juju/agents/unit-landscape-client-5/charm/venv/ops/_main.py", line 502, in _emit
    self._emit_charm_event(self.dispatcher.event_name)
  File "/var/lib/juju/agents/unit-landscape-client-5/charm/venv/ops/_main.py", line 530, in _emit_charm_event
    event_to_emit.emit(*args, **kwargs)
  File "/var/lib/juju/agents/unit-landscape-client-5/charm/venv/ops/framework.py", line 347, in emit
    framework._emit(event)
  File "/var/lib/juju/agents/unit-landscape-client-5/charm/venv/ops/framework.py", line 906, in _emit
    self._reemit(event_path)
  File "/var/lib/juju/agents/unit-landscape-client-5/charm/venv/ops/framework.py", line 996, in _reemit
    custom_handler(event)
  File "/var/lib/juju/agents/unit-landscape-client-5/charm/./src/charm.py", line 253, in _on_config_changed
    self.run_landscape_client()
  File "/var/lib/juju/agents/unit-landscape-client-5/charm/./src/charm.py", line 228, in run_landscape_client
    self.send_registration()
  File "/var/lib/juju/agents/unit-landscape-client-5/charm/./src/charm.py", line 216, in send_registration
    if process_helper([CLIENT_CONFIG_CMD, "--silent"]):
  File "/var/lib/juju/agents/unit-landscape-client-5/charm/./src/charm.py", line 117, in process_helper
    log_error("".join(traceback.format_stack()))

unit-landscape-client-5: 01:33:54 CRITICAL unit.landscape-client/5.juju-log An account name and computer title are required.
Aborting Landscape configuration

unit-postgresql-0: 01:34:11 ERROR unit.postgresql/0.juju-log Unable to get the state of the cluster
Traceback (most recent call last):
  File "/var/lib/juju/agents/unit-postgresql-0/charm/venv/lib/python3.10/site-packages/urllib3/connection.py", line 198, in _new_conn
    sock = connection.create_connection(
  File "/var/lib/juju/agents/unit-postgresql-0/charm/venv/lib/python3.10/site-packages/urllib3/util/connection.py", line 85, in create_connection
    raise err
  File "/var/lib/juju/agents/unit-postgresql-0/charm/venv/lib/python3.10/site-packages/urllib3/util/connection.py", line 73, in create_connection
    sock.connect(sa)
ConnectionRefusedError: [Errno 111] Connection refused

The above exception was the direct cause of the following exception:

Traceback (most recent call last):
  File "/var/lib/juju/agents/unit-postgresql-0/charm/venv/lib/python3.10/site-packages/urllib3/connectionpool.py", line 787, in urlopen
    response = self._make_request(
  File "/var/lib/juju/agents/unit-postgresql-0/charm/venv/lib/python3.10/site-packages/urllib3/connectionpool.py", line 493, in _make_request
    conn.request(
  File "/var/lib/juju/agents/unit-postgresql-0/charm/venv/lib/python3.10/site-packages/urllib3/connection.py", line 445, in request
    self.endheaders()
  File "/usr/lib/python3.10/http/client.py", line 1278, in endheaders
    self._send_output(message_body, encode_chunked=encode_chunked)
  File "/usr/lib/python3.10/http/client.py", line 1038, in _send_output
    self.send(msg)
  File "/usr/lib/python3.10/http/client.py", line 976, in send
    self.connect()
  File "/var/lib/juju/agents/unit-postgresql-0/charm/venv/lib/python3.10/site-packages/urllib3/connection.py", line 276, in connect
    self.sock = self._new_conn()
  File "/var/lib/juju/agents/unit-postgresql-0/charm/venv/lib/python3.10/site-packages/urllib3/connection.py", line 213, in _new_conn
    raise NewConnectionError(
urllib3.exceptions.NewConnectionError: <urllib3.connection.HTTPConnection object at 0x7fb7cf7d0100>: Failed to establish a new connection: [Errno 111] Connection refused

The above exception was the direct cause of the following exception:

Traceback (most recent call last):
  File "/var/lib/juju/agents/unit-postgresql-0/charm/venv/lib/python3.10/site-packages/requests/adapters.py", line 667, in send
    resp = conn.urlopen(
  File "/var/lib/juju/agents/unit-postgresql-0/charm/venv/lib/python3.10/site-packages/urllib3/connectionpool.py", line 841, in urlopen
    retries = retries.increment(
  File "/var/lib/juju/agents/unit-postgresql-0/charm/venv/lib/python3.10/site-packages/urllib3/util/retry.py", line 519, in increment
    raise MaxRetryError(_pool, url, reason) from reason  # type: ignore[arg-type]
urllib3.exceptions.MaxRetryError: HTTPConnectionPool(host='10.155.70.75', port=8008): Max retries exceeded with url: /cluster (Caused by NewConnectionError('<urllib3.connection.HTTPConnection object at 0x7fb7cf7d0100>: Failed to establish a new connection: [Errno 111] Connection refused'))

During handling of the above exception, another exception occurred:

Traceback (most recent call last):
  File "/var/lib/juju/agents/unit-postgresql-0/charm/src/cluster.py", line 552, in are_replicas_up
    response = requests.get(
  File "/var/lib/juju/agents/unit-postgresql-0/charm/venv/lib/python3.10/site-packages/requests/api.py", line 73, in get
    return request("get", url, params=params, **kwargs)
  File "/var/lib/juju/agents/unit-postgresql-0/charm/venv/lib/python3.10/site-packages/requests/api.py", line 59, in request
    return session.request(method=method, url=url, **kwargs)
  File "/var/lib/juju/agents/unit-postgresql-0/charm/venv/lib/python3.10/site-packages/requests/sessions.py", line 589, in request
    resp = self.send(prep, **send_kwargs)
  File "/var/lib/juju/agents/unit-postgresql-0/charm/venv/lib/python3.10/site-packages/requests/sessions.py", line 703, in send
    r = adapter.send(request, **kwargs)
  File "/var/lib/juju/agents/unit-postgresql-0/charm/venv/lib/python3.10/site-packages/requests/adapters.py", line 700, in send
    raise ConnectionError(e, request=request)
requests.exceptions.ConnectionError: HTTPConnectionPool(host='10.155.70.75', port=8008): Max retries exceeded with url: /cluster (Caused by NewConnectionError('<urllib3.connection.HTTPConnection object at 0x7fb7cf7d0100>: Failed to establish a new connection: [Errno 111] Connection refused'))
unit-landscape-client-6: 01:34:14 ERROR juju.worker.meterstatus error running "meter-status-changed": charm missing from disk
unit-grafana-agent-3: 01:34:14 ERROR juju.worker.meterstatus error running "meter-status-changed": charm missing from disk
unit-ubuntu-advantage-6: 01:34:15 ERROR juju.worker.meterstatus error running "meter-status-changed": charm missing from disk
unit-landscape-client-6: 01:35:05 CRITICAL unit.landscape-client/6.juju-log   File "/var/lib/juju/agents/unit-landscape-client-6/charm/./src/charm.py", line 299, in <module>
    main(LandscapeClientCharm)
  File "/var/lib/juju/agents/unit-landscape-client-6/charm/venv/ops/main.py", line 40, in main
    return _main.main(charm_class=charm_class, use_juju_for_storage=use_juju_for_storage)
  File "/var/lib/juju/agents/unit-landscape-client-6/charm/venv/ops/_main.py", line 558, in main
    manager.run()
  File "/var/lib/juju/agents/unit-landscape-client-6/charm/venv/ops/_main.py", line 543, in run
    self._emit()
  File "/var/lib/juju/agents/unit-landscape-client-6/charm/venv/ops/_main.py", line 502, in _emit
    self._emit_charm_event(self.dispatcher.event_name)
  File "/var/lib/juju/agents/unit-landscape-client-6/charm/venv/ops/_main.py", line 530, in _emit_charm_event
    event_to_emit.emit(*args, **kwargs)
  File "/var/lib/juju/agents/unit-landscape-client-6/charm/venv/ops/framework.py", line 347, in emit
    framework._emit(event)
  File "/var/lib/juju/agents/unit-landscape-client-6/charm/venv/ops/framework.py", line 906, in _emit
    self._reemit(event_path)
  File "/var/lib/juju/agents/unit-landscape-client-6/charm/venv/ops/framework.py", line 996, in _reemit
    custom_handler(event)
  File "/var/lib/juju/agents/unit-landscape-client-6/charm/./src/charm.py", line 253, in _on_config_changed
    self.run_landscape_client()
  File "/var/lib/juju/agents/unit-landscape-client-6/charm/./src/charm.py", line 228, in run_landscape_client
    self.send_registration()
  File "/var/lib/juju/agents/unit-landscape-client-6/charm/./src/charm.py", line 216, in send_registration
    if process_helper([CLIENT_CONFIG_CMD, "--silent"]):
  File "/var/lib/juju/agents/unit-landscape-client-6/charm/./src/charm.py", line 117, in process_helper
    log_error("".join(traceback.format_stack()))

unit-landscape-client-6: 01:35:05 CRITICAL unit.landscape-client/6.juju-log An account name and computer title are required.
Aborting Landscape configuration

unit-pgbouncer-data-integrator-0: 01:35:41 ERROR unit.pgbouncer-data-integrator/0.juju-log backend-database:12: Failed to create user: connection to server at "10.155.70.75", port 5432 failed: Connection refused
	Is the server running on that host and accepting TCP/IP connections?

unit-pgbouncer-data-integrator-0: 01:35:41 ERROR unit.pgbouncer-data-integrator/0.juju-log backend-database:12: Uncaught exception while in charm code:
Traceback (most recent call last):
  File "/var/lib/juju/agents/unit-pgbouncer-data-integrator-0/charm/lib/charms/postgresql_k8s/v0/postgresql.py", line 302, in create_user
    with self._connect_to_database() as connection, connection.cursor() as cursor:
  File "/var/lib/juju/agents/unit-pgbouncer-data-integrator-0/charm/lib/charms/postgresql_k8s/v0/postgresql.py", line 180, in _connect_to_database
    connection = psycopg2.connect(
  File "/var/lib/juju/agents/unit-pgbouncer-data-integrator-0/charm/venv/lib/python3.10/site-packages/psycopg2/__init__.py", line 122, in connect
    conn = _connect(dsn, connection_factory=connection_factory, **kwasync)
psycopg2.OperationalError: connection to server at "10.155.70.75", port 5432 failed: Connection refused
	Is the server running on that host and accepting TCP/IP connections?


The above exception was the direct cause of the following exception:

Traceback (most recent call last):
  File "/var/lib/juju/agents/unit-pgbouncer-data-integrator-0/charm/src/charm.py", line 997, in <module>
    main(PgBouncerCharm)
  File "/var/lib/juju/agents/unit-pgbouncer-data-integrator-0/charm/venv/lib/python3.10/site-packages/ops/__init__.py", line 347, in __call__
    return _main.main(charm_class=charm_class, use_juju_for_storage=use_juju_for_storage)
  File "/var/lib/juju/agents/unit-pgbouncer-data-integrator-0/charm/venv/lib/python3.10/site-packages/ops/_main.py", line 565, in main
    manager.run()
  File "/var/lib/juju/agents/unit-pgbouncer-data-integrator-0/charm/venv/lib/python3.10/site-packages/ops/_main.py", line 550, in run
    self._emit()
  File "/var/lib/juju/agents/unit-pgbouncer-data-integrator-0/charm/venv/lib/python3.10/site-packages/ops/_main.py", line 502, in _emit
    self._emit_charm_event(self.dispatcher.event_name)
  File "/var/lib/juju/agents/unit-pgbouncer-data-integrator-0/charm/venv/lib/python3.10/site-packages/ops/_main.py", line 537, in _emit_charm_event
    event_to_emit.emit(*args, **kwargs)
  File "/var/lib/juju/agents/unit-pgbouncer-data-integrator-0/charm/venv/lib/python3.10/site-packages/ops/framework.py", line 348, in emit
    framework._emit(event)
  File "/var/lib/juju/agents/unit-pgbouncer-data-integrator-0/charm/venv/lib/python3.10/site-packages/ops/framework.py", line 907, in _emit
    self._reemit(event_path)
  File "/var/lib/juju/agents/unit-pgbouncer-data-integrator-0/charm/venv/lib/python3.10/site-packages/ops/framework.py", line 997, in _reemit
    custom_handler(event)
  File "/var/lib/juju/agents/unit-pgbouncer-data-integrator-0/charm/lib/charms/data_platform_libs/v0/data_interfaces.py", line 3164, in _on_relation_changed_event
    getattr(self.on, "database_created").emit(
  File "/var/lib/juju/agents/unit-pgbouncer-data-integrator-0/charm/venv/lib/python3.10/site-packages/ops/framework.py", line 348, in emit
    framework._emit(event)
  File "/var/lib/juju/agents/unit-pgbouncer-data-integrator-0/charm/venv/lib/python3.10/site-packages/ops/framework.py", line 907, in _emit
    self._reemit(event_path)
  File "/var/lib/juju/agents/unit-pgbouncer-data-integrator-0/charm/venv/lib/python3.10/site-packages/ops/framework.py", line 997, in _reemit
    custom_handler(event)
  File "/var/lib/juju/agents/unit-pgbouncer-data-integrator-0/charm/lib/charms/tempo_coordinator_k8s/v0/charm_tracing.py", line 1109, in wrapped_function
    return callable(*args, **kwargs)  # type: ignore
  File "/var/lib/juju/agents/unit-pgbouncer-data-integrator-0/charm/src/relations/backend_database.py", line 210, in _on_database_created
    self.postgres.create_user(self.auth_user, hashed_password, admin=True)
  File "/var/lib/juju/agents/unit-pgbouncer-data-integrator-0/charm/lib/charms/postgresql_k8s/v0/postgresql.py", line 327, in create_user
    raise PostgreSQLCreateUserError() from e
charms.postgresql_k8s.v0.postgresql.PostgreSQLCreateUserError: None
unit-pgbouncer-data-integrator-0: 01:35:41 ERROR juju.worker.uniter.operation hook "backend-database-relation-changed" (via hook dispatching script: dispatch) failed: exit status 1

[32mINFO    [0m pytest_operator.plugin:plugin.py:1025 Forgetting model main...