{"uid":"91ef6eb4a2e599a8","name":"test_setup","fullName":"tests.integration.test_smoke#test_setup","historyId":"d623373ae070a62cab8e4b2f9dd522ae","time":{"start":1763429147270,"stop":1763432167368,"duration":3020098},"status":"broken","statusMessage":"TimeoutError: Timed out waiting for model:\n  postgresql/0 [executing] active: Primary (degraded)\n  postgresql/1 [idle] waiting: waiting to start PostgreSQL","statusTrace":"Traceback (most recent call last):\n  File \"/home/runner/work/postgresql-bundle/postgresql-bundle/.tox/integration/lib/python3.12/site-packages/_pytest/runner.py\", line 353, in from_call\n    result: TResult | None = func()\n                             ^^^^^^\n  File \"/home/runner/work/postgresql-bundle/postgresql-bundle/.tox/integration/lib/python3.12/site-packages/_pytest/runner.py\", line 245, in <lambda>\n    lambda: runtest_hook(item=item, **kwds),\n            ^^^^^^^^^^^^^^^^^^^^^^^^^^^^^^^\n  File \"/home/runner/work/postgresql-bundle/postgresql-bundle/.tox/integration/lib/python3.12/site-packages/pluggy/_hooks.py\", line 512, in __call__\n    return self._hookexec(self.name, self._hookimpls.copy(), kwargs, firstresult)\n           ^^^^^^^^^^^^^^^^^^^^^^^^^^^^^^^^^^^^^^^^^^^^^^^^^^^^^^^^^^^^^^^^^^^^^^\n  File \"/home/runner/work/postgresql-bundle/postgresql-bundle/.tox/integration/lib/python3.12/site-packages/pluggy/_manager.py\", line 120, in _hookexec\n    return self._inner_hookexec(hook_name, methods, kwargs, firstresult)\n           ^^^^^^^^^^^^^^^^^^^^^^^^^^^^^^^^^^^^^^^^^^^^^^^^^^^^^^^^^^^^^\n  File \"/home/runner/work/postgresql-bundle/postgresql-bundle/.tox/integration/lib/python3.12/site-packages/pluggy/_callers.py\", line 167, in _multicall\n    raise exception\n  File \"/home/runner/work/postgresql-bundle/postgresql-bundle/.tox/integration/lib/python3.12/site-packages/pluggy/_callers.py\", line 139, in _multicall\n    teardown.throw(exception)\n  File \"/home/runner/work/postgresql-bundle/postgresql-bundle/.tox/integration/lib/python3.12/site-packages/_pytest/logging.py\", line 850, in pytest_runtest_call\n    yield\n  File \"/home/runner/work/postgresql-bundle/postgresql-bundle/.tox/integration/lib/python3.12/site-packages/pluggy/_callers.py\", line 139, in _multicall\n    teardown.throw(exception)\n  File \"/home/runner/work/postgresql-bundle/postgresql-bundle/.tox/integration/lib/python3.12/site-packages/pluggy/_callers.py\", line 53, in run_old_style_hookwrapper\n    return result.get_result()\n           ^^^^^^^^^^^^^^^^^^^\n  File \"/home/runner/work/postgresql-bundle/postgresql-bundle/.tox/integration/lib/python3.12/site-packages/pluggy/_result.py\", line 103, in get_result\n    raise exc.with_traceback(tb)\n  File \"/home/runner/work/postgresql-bundle/postgresql-bundle/.tox/integration/lib/python3.12/site-packages/pluggy/_callers.py\", line 38, in run_old_style_hookwrapper\n    res = yield\n          ^^^^^\n  File \"/home/runner/work/postgresql-bundle/postgresql-bundle/.tox/integration/lib/python3.12/site-packages/pluggy/_callers.py\", line 139, in _multicall\n    teardown.throw(exception)\n  File \"/home/runner/work/postgresql-bundle/postgresql-bundle/.tox/integration/lib/python3.12/site-packages/_pytest/capture.py\", line 900, in pytest_runtest_call\n    return (yield)\n            ^^^^^\n  File \"/home/runner/work/postgresql-bundle/postgresql-bundle/.tox/integration/lib/python3.12/site-packages/pluggy/_callers.py\", line 139, in _multicall\n    teardown.throw(exception)\n  File \"/home/runner/work/postgresql-bundle/postgresql-bundle/.tox/integration/lib/python3.12/site-packages/_pytest/skipping.py\", line 268, in pytest_runtest_call\n    return (yield)\n            ^^^^^\n  File \"/home/runner/work/postgresql-bundle/postgresql-bundle/.tox/integration/lib/python3.12/site-packages/pluggy/_callers.py\", line 121, in _multicall\n    res = hook_impl.function(*args)\n          ^^^^^^^^^^^^^^^^^^^^^^^^^\n  File \"/home/runner/work/postgresql-bundle/postgresql-bundle/.tox/integration/lib/python3.12/site-packages/_pytest/runner.py\", line 179, in pytest_runtest_call\n    item.runtest()\n  File \"/home/runner/work/postgresql-bundle/postgresql-bundle/.tox/integration/lib/python3.12/site-packages/_pytest/python.py\", line 1720, in runtest\n    self.ihook.pytest_pyfunc_call(pyfuncitem=self)\n  File \"/home/runner/work/postgresql-bundle/postgresql-bundle/.tox/integration/lib/python3.12/site-packages/pluggy/_hooks.py\", line 512, in __call__\n    return self._hookexec(self.name, self._hookimpls.copy(), kwargs, firstresult)\n           ^^^^^^^^^^^^^^^^^^^^^^^^^^^^^^^^^^^^^^^^^^^^^^^^^^^^^^^^^^^^^^^^^^^^^^\n  File \"/home/runner/work/postgresql-bundle/postgresql-bundle/.tox/integration/lib/python3.12/site-packages/pluggy/_manager.py\", line 120, in _hookexec\n    return self._inner_hookexec(hook_name, methods, kwargs, firstresult)\n           ^^^^^^^^^^^^^^^^^^^^^^^^^^^^^^^^^^^^^^^^^^^^^^^^^^^^^^^^^^^^^\n  File \"/home/runner/work/postgresql-bundle/postgresql-bundle/.tox/integration/lib/python3.12/site-packages/pluggy/_callers.py\", line 167, in _multicall\n    raise exception\n  File \"/home/runner/work/postgresql-bundle/postgresql-bundle/.tox/integration/lib/python3.12/site-packages/pluggy/_callers.py\", line 139, in _multicall\n    teardown.throw(exception)\n  File \"/home/runner/work/postgresql-bundle/postgresql-bundle/.tox/integration/lib/python3.12/site-packages/pluggy/_callers.py\", line 53, in run_old_style_hookwrapper\n    return result.get_result()\n           ^^^^^^^^^^^^^^^^^^^\n  File \"/home/runner/work/postgresql-bundle/postgresql-bundle/.tox/integration/lib/python3.12/site-packages/pluggy/_result.py\", line 103, in get_result\n    raise exc.with_traceback(tb)\n  File \"/home/runner/work/postgresql-bundle/postgresql-bundle/.tox/integration/lib/python3.12/site-packages/pluggy/_callers.py\", line 38, in run_old_style_hookwrapper\n    res = yield\n          ^^^^^\n  File \"/home/runner/work/postgresql-bundle/postgresql-bundle/.tox/integration/lib/python3.12/site-packages/pluggy/_callers.py\", line 121, in _multicall\n    res = hook_impl.function(*args)\n          ^^^^^^^^^^^^^^^^^^^^^^^^^\n  File \"/home/runner/work/postgresql-bundle/postgresql-bundle/.tox/integration/lib/python3.12/site-packages/_pytest/python.py\", line 166, in pytest_pyfunc_call\n    result = testfunction(**testargs)\n             ^^^^^^^^^^^^^^^^^^^^^^^^\n  File \"/home/runner/work/postgresql-bundle/postgresql-bundle/.tox/integration/lib/python3.12/site-packages/pytest_asyncio/plugin.py\", line 529, in inner\n    _loop.run_until_complete(task)\n  File \"/usr/lib/python3.12/asyncio/base_events.py\", line 687, in run_until_complete\n    return future.result()\n           ^^^^^^^^^^^^^^^\n  File \"/home/runner/work/postgresql-bundle/postgresql-bundle/tests/integration/test_smoke.py\", line 36, in test_setup\n    await ops_test.model.wait_for_idle(\n  File \"/home/runner/work/postgresql-bundle/postgresql-bundle/.tox/integration/lib/python3.12/site-packages/juju/model/__init__.py\", line 3250, in wait_for_idle\n    raise asyncio.TimeoutError(\nTimeoutError: Timed out waiting for model:\n  postgresql/0 [executing] active: Primary (degraded)\n  postgresql/1 [idle] waiting: waiting to start PostgreSQL","flaky":false,"newFailed":false,"newBroken":true,"newPassed":false,"retriesCount":1,"retriesStatusChange":true,"beforeStages":[{"name":"event_loop","time":{"start":1763429147116,"stop":1763429147116,"duration":0},"status":"passed","steps":[],"attachments":[],"parameters":[],"shouldDisplayMessage":false,"stepsCount":0,"attachmentsCount":0,"hasContent":false,"attachmentStep":false},{"name":"tmp_path_factory","time":{"start":1763429147117,"stop":1763429147117,"duration":0},"status":"passed","steps":[],"attachments":[],"parameters":[],"shouldDisplayMessage":false,"stepsCount":0,"attachmentsCount":0,"hasContent":false,"attachmentStep":false},{"name":"ops_test","time":{"start":1763429147117,"stop":1763429147270,"duration":153},"status":"passed","steps":[],"attachments":[],"parameters":[],"shouldDisplayMessage":false,"stepsCount":0,"attachmentsCount":0,"hasContent":false,"attachmentStep":false},{"name":"abort_on_fail","time":{"start":1763429147270,"stop":1763429147270,"duration":0},"status":"passed","steps":[],"attachments":[],"parameters":[],"shouldDisplayMessage":false,"stepsCount":0,"attachmentsCount":0,"hasContent":false,"attachmentStep":false}],"testStage":{"status":"broken","statusMessage":"TimeoutError: Timed out waiting for model:\n  postgresql/0 [executing] active: Primary (degraded)\n  postgresql/1 [idle] waiting: waiting to start PostgreSQL","statusTrace":"Traceback (most recent call last):\n  File \"/home/runner/work/postgresql-bundle/postgresql-bundle/.tox/integration/lib/python3.12/site-packages/_pytest/runner.py\", line 353, in from_call\n    result: TResult | None = func()\n                             ^^^^^^\n  File \"/home/runner/work/postgresql-bundle/postgresql-bundle/.tox/integration/lib/python3.12/site-packages/_pytest/runner.py\", line 245, in <lambda>\n    lambda: runtest_hook(item=item, **kwds),\n            ^^^^^^^^^^^^^^^^^^^^^^^^^^^^^^^\n  File \"/home/runner/work/postgresql-bundle/postgresql-bundle/.tox/integration/lib/python3.12/site-packages/pluggy/_hooks.py\", line 512, in __call__\n    return self._hookexec(self.name, self._hookimpls.copy(), kwargs, firstresult)\n           ^^^^^^^^^^^^^^^^^^^^^^^^^^^^^^^^^^^^^^^^^^^^^^^^^^^^^^^^^^^^^^^^^^^^^^\n  File \"/home/runner/work/postgresql-bundle/postgresql-bundle/.tox/integration/lib/python3.12/site-packages/pluggy/_manager.py\", line 120, in _hookexec\n    return self._inner_hookexec(hook_name, methods, kwargs, firstresult)\n           ^^^^^^^^^^^^^^^^^^^^^^^^^^^^^^^^^^^^^^^^^^^^^^^^^^^^^^^^^^^^^\n  File \"/home/runner/work/postgresql-bundle/postgresql-bundle/.tox/integration/lib/python3.12/site-packages/pluggy/_callers.py\", line 167, in _multicall\n    raise exception\n  File \"/home/runner/work/postgresql-bundle/postgresql-bundle/.tox/integration/lib/python3.12/site-packages/pluggy/_callers.py\", line 139, in _multicall\n    teardown.throw(exception)\n  File \"/home/runner/work/postgresql-bundle/postgresql-bundle/.tox/integration/lib/python3.12/site-packages/_pytest/logging.py\", line 850, in pytest_runtest_call\n    yield\n  File \"/home/runner/work/postgresql-bundle/postgresql-bundle/.tox/integration/lib/python3.12/site-packages/pluggy/_callers.py\", line 139, in _multicall\n    teardown.throw(exception)\n  File \"/home/runner/work/postgresql-bundle/postgresql-bundle/.tox/integration/lib/python3.12/site-packages/pluggy/_callers.py\", line 53, in run_old_style_hookwrapper\n    return result.get_result()\n           ^^^^^^^^^^^^^^^^^^^\n  File \"/home/runner/work/postgresql-bundle/postgresql-bundle/.tox/integration/lib/python3.12/site-packages/pluggy/_result.py\", line 103, in get_result\n    raise exc.with_traceback(tb)\n  File \"/home/runner/work/postgresql-bundle/postgresql-bundle/.tox/integration/lib/python3.12/site-packages/pluggy/_callers.py\", line 38, in run_old_style_hookwrapper\n    res = yield\n          ^^^^^\n  File \"/home/runner/work/postgresql-bundle/postgresql-bundle/.tox/integration/lib/python3.12/site-packages/pluggy/_callers.py\", line 139, in _multicall\n    teardown.throw(exception)\n  File \"/home/runner/work/postgresql-bundle/postgresql-bundle/.tox/integration/lib/python3.12/site-packages/_pytest/capture.py\", line 900, in pytest_runtest_call\n    return (yield)\n            ^^^^^\n  File \"/home/runner/work/postgresql-bundle/postgresql-bundle/.tox/integration/lib/python3.12/site-packages/pluggy/_callers.py\", line 139, in _multicall\n    teardown.throw(exception)\n  File \"/home/runner/work/postgresql-bundle/postgresql-bundle/.tox/integration/lib/python3.12/site-packages/_pytest/skipping.py\", line 268, in pytest_runtest_call\n    return (yield)\n            ^^^^^\n  File \"/home/runner/work/postgresql-bundle/postgresql-bundle/.tox/integration/lib/python3.12/site-packages/pluggy/_callers.py\", line 121, in _multicall\n    res = hook_impl.function(*args)\n          ^^^^^^^^^^^^^^^^^^^^^^^^^\n  File \"/home/runner/work/postgresql-bundle/postgresql-bundle/.tox/integration/lib/python3.12/site-packages/_pytest/runner.py\", line 179, in pytest_runtest_call\n    item.runtest()\n  File \"/home/runner/work/postgresql-bundle/postgresql-bundle/.tox/integration/lib/python3.12/site-packages/_pytest/python.py\", line 1720, in runtest\n    self.ihook.pytest_pyfunc_call(pyfuncitem=self)\n  File \"/home/runner/work/postgresql-bundle/postgresql-bundle/.tox/integration/lib/python3.12/site-packages/pluggy/_hooks.py\", line 512, in __call__\n    return self._hookexec(self.name, self._hookimpls.copy(), kwargs, firstresult)\n           ^^^^^^^^^^^^^^^^^^^^^^^^^^^^^^^^^^^^^^^^^^^^^^^^^^^^^^^^^^^^^^^^^^^^^^\n  File \"/home/runner/work/postgresql-bundle/postgresql-bundle/.tox/integration/lib/python3.12/site-packages/pluggy/_manager.py\", line 120, in _hookexec\n    return self._inner_hookexec(hook_name, methods, kwargs, firstresult)\n           ^^^^^^^^^^^^^^^^^^^^^^^^^^^^^^^^^^^^^^^^^^^^^^^^^^^^^^^^^^^^^\n  File \"/home/runner/work/postgresql-bundle/postgresql-bundle/.tox/integration/lib/python3.12/site-packages/pluggy/_callers.py\", line 167, in _multicall\n    raise exception\n  File \"/home/runner/work/postgresql-bundle/postgresql-bundle/.tox/integration/lib/python3.12/site-packages/pluggy/_callers.py\", line 139, in _multicall\n    teardown.throw(exception)\n  File \"/home/runner/work/postgresql-bundle/postgresql-bundle/.tox/integration/lib/python3.12/site-packages/pluggy/_callers.py\", line 53, in run_old_style_hookwrapper\n    return result.get_result()\n           ^^^^^^^^^^^^^^^^^^^\n  File \"/home/runner/work/postgresql-bundle/postgresql-bundle/.tox/integration/lib/python3.12/site-packages/pluggy/_result.py\", line 103, in get_result\n    raise exc.with_traceback(tb)\n  File \"/home/runner/work/postgresql-bundle/postgresql-bundle/.tox/integration/lib/python3.12/site-packages/pluggy/_callers.py\", line 38, in run_old_style_hookwrapper\n    res = yield\n          ^^^^^\n  File \"/home/runner/work/postgresql-bundle/postgresql-bundle/.tox/integration/lib/python3.12/site-packages/pluggy/_callers.py\", line 121, in _multicall\n    res = hook_impl.function(*args)\n          ^^^^^^^^^^^^^^^^^^^^^^^^^\n  File \"/home/runner/work/postgresql-bundle/postgresql-bundle/.tox/integration/lib/python3.12/site-packages/_pytest/python.py\", line 166, in pytest_pyfunc_call\n    result = testfunction(**testargs)\n             ^^^^^^^^^^^^^^^^^^^^^^^^\n  File \"/home/runner/work/postgresql-bundle/postgresql-bundle/.tox/integration/lib/python3.12/site-packages/pytest_asyncio/plugin.py\", line 529, in inner\n    _loop.run_until_complete(task)\n  File \"/usr/lib/python3.12/asyncio/base_events.py\", line 687, in run_until_complete\n    return future.result()\n           ^^^^^^^^^^^^^^^\n  File \"/home/runner/work/postgresql-bundle/postgresql-bundle/tests/integration/test_smoke.py\", line 36, in test_setup\n    await ops_test.model.wait_for_idle(\n  File \"/home/runner/work/postgresql-bundle/postgresql-bundle/.tox/integration/lib/python3.12/site-packages/juju/model/__init__.py\", line 3250, in wait_for_idle\n    raise asyncio.TimeoutError(\nTimeoutError: Timed out waiting for model:\n  postgresql/0 [executing] active: Primary (degraded)\n  postgresql/1 [idle] waiting: waiting to start PostgreSQL","steps":[],"attachments":[{"uid":"5f3a450d9ef861a","name":"log","source":"5f3a450d9ef861a.txt","type":"text/plain","size":69540}],"parameters":[],"shouldDisplayMessage":true,"stepsCount":0,"attachmentsCount":1,"hasContent":true,"attachmentStep":false},"afterStages":[{"name":"abort_on_fail::0","time":{"start":1763432167390,"stop":1763432167390,"duration":0},"status":"passed","steps":[],"attachments":[],"parameters":[],"shouldDisplayMessage":false,"stepsCount":0,"attachmentsCount":0,"hasContent":false,"attachmentStep":false},{"name":"ops_test::finalizer","time":{"start":1763432167391,"stop":1763432173743,"duration":6352},"status":"passed","steps":[],"attachments":[],"parameters":[],"shouldDisplayMessage":false,"stepsCount":0,"attachmentsCount":0,"hasContent":false,"attachmentStep":false},{"name":"event_loop::2","time":{"start":1763432173743,"stop":1763432173743,"duration":0},"status":"passed","steps":[],"attachments":[],"parameters":[],"shouldDisplayMessage":false,"stepsCount":0,"attachmentsCount":0,"hasContent":false,"attachmentStep":false},{"name":"event_loop::_close_event_loop","time":{"start":1763432173743,"stop":1763432173743,"duration":0},"status":"passed","steps":[],"attachments":[],"parameters":[],"shouldDisplayMessage":false,"stepsCount":0,"attachmentsCount":0,"hasContent":false,"attachmentStep":false},{"name":"event_loop::_provide_clean_event_loop","time":{"start":1763432173743,"stop":1763432173744,"duration":1},"status":"passed","steps":[],"attachments":[],"parameters":[],"shouldDisplayMessage":false,"stepsCount":0,"attachmentsCount":0,"hasContent":false,"attachmentStep":false}],"labels":[{"name":"tag","value":"abort_on_fail"},{"name":"tag","value":"asyncio"},{"name":"parentSuite","value":"tests.integration"},{"name":"suite","value":"test_smoke"},{"name":"host","value":"runnervmg1sw1"},{"name":"thread","value":"10450-MainThread"},{"name":"framework","value":"pytest"},{"name":"language","value":"cpython3"},{"name":"package","value":"tests.integration.test_smoke"},{"name":"resultFormat","value":"allure2"}],"parameters":[],"links":[],"hidden":false,"retry":false,"extra":{"severity":"normal","retries":[{"uid":"3f2fc44d2bb3ab14","status":"unknown","time":{}}],"categories":[{"name":"Test defects","matchedStatuses":[]}],"history":{"statistic":{"failed":0,"broken":69,"skipped":0,"passed":414,"unknown":20,"total":503},"items":[{"uid":"539d3efee95a9fa","reportUrl":"../2459//#testresult/539d3efee95a9fa","status":"passed","time":{"start":1763342650761,"stop":1763343625518,"duration":974757}},{"uid":"b5b772d98030ece5","reportUrl":"../2458//#testresult/b5b772d98030ece5","status":"passed","time":{"start":1763256282694,"stop":1763257407560,"duration":1124866}},{"uid":"1f2c6665e9e5d95c","reportUrl":"../2457//#testresult/1f2c6665e9e5d95c","status":"passed","time":{"start":1763169830671,"stop":1763171052714,"duration":1222043}},{"uid":"e696a21d943560b8","reportUrl":"../2456//#testresult/e696a21d943560b8","status":"passed","time":{"start":1763083445583,"stop":1763084603493,"duration":1157910}},{"uid":"bb8bb7881d444289","reportUrl":"../2453//#testresult/bb8bb7881d444289","status":"passed","time":{"start":1762997040436,"stop":1762998278520,"duration":1238084}},{"uid":"3c9a9f6d9f90c9b5","reportUrl":"../2449//#testresult/3c9a9f6d9f90c9b5","status":"passed","time":{"start":1762910670366,"stop":1762911910246,"duration":1239880}},{"uid":"689fe323ad17927c","reportUrl":"../2444//#testresult/689fe323ad17927c","status":"passed","time":{"start":1762824222373,"stop":1762825360602,"duration":1138229}},{"uid":"234c6b511f3b8db8","reportUrl":"../2442//#testresult/234c6b511f3b8db8","status":"passed","time":{"start":1762737913885,"stop":1762739091833,"duration":1177948}},{"uid":"3b92904846f5c046","reportUrl":"../2440//#testresult/3b92904846f5c046","status":"passed","time":{"start":1762651520208,"stop":1762652565284,"duration":1045076}},{"uid":"2197809bca4a73ea","reportUrl":"../2438//#testresult/2197809bca4a73ea","status":"unknown","time":{}},{"uid":"72a35b506f22a30a","reportUrl":"../2436//#testresult/72a35b506f22a30a","status":"passed","time":{"start":1762478645906,"stop":1762479872631,"duration":1226725}},{"uid":"67a937bd9570eeda","reportUrl":"../2434//#testresult/67a937bd9570eeda","status":"broken","statusDetails":"TimeoutError: Timed out waiting for model:\n  postgresql/1 [executing] active:","time":{"start":1762392254940,"stop":1762395276116,"duration":3021176}},{"uid":"148f3b7404cbcdde","reportUrl":"../2432//#testresult/148f3b7404cbcdde","status":"passed","time":{"start":1762305847653,"stop":1762307041143,"duration":1193490}},{"uid":"5d3fd4748cd73022","reportUrl":"../2430//#testresult/5d3fd4748cd73022","status":"passed","time":{"start":1762219513401,"stop":1762220511419,"duration":998018}},{"uid":"63feec69c056781c","reportUrl":"../2428//#testresult/63feec69c056781c","status":"passed","time":{"start":1762133127462,"stop":1762134389414,"duration":1261952}},{"uid":"a933172fc0be3f44","reportUrl":"../2426//#testresult/a933172fc0be3f44","status":"passed","time":{"start":1762046727309,"stop":1762047839546,"duration":1112237}},{"uid":"f92c9099512b89f0","reportUrl":"../2425//#testresult/f92c9099512b89f0","status":"passed","time":{"start":1761960271042,"stop":1761961509370,"duration":1238328}},{"uid":"21a2f99625c2b96b","reportUrl":"../2423//#testresult/21a2f99625c2b96b","status":"passed","time":{"start":1761873855169,"stop":1761875122367,"duration":1267198}},{"uid":"756e7e1379ab5ea1","reportUrl":"../2419//#testresult/756e7e1379ab5ea1","status":"passed","time":{"start":1761787479018,"stop":1761788669516,"duration":1190498}},{"uid":"5619e83926c7b280","reportUrl":"../2417//#testresult/5619e83926c7b280","status":"passed","time":{"start":1761701113166,"stop":1761702315818,"duration":1202652}}]},"tags":["asyncio","abort_on_fail"]},"source":"91ef6eb4a2e599a8.json","parameterValues":[]}